[0.444s] DEBUG:colcon:Command line arguments: ['/usr/bin/colcon', 'build', '--packages-select', 'py_send_camera']
[0.445s] DEBUG:colcon:Parsed command line arguments: Namespace(log_base=None, log_level=None, verb_name='build', build_base='build', install_base='install', merge_install=False, symlink_install=False, test_result_base=None, continue_on_error=False, executor='parallel', parallel_workers=4, event_handlers=None, ignore_user_meta=False, metas=['./colcon.meta'], base_paths=['.'], packages_ignore=None, packages_ignore_regex=None, paths=None, packages_up_to=None, packages_up_to_regex=None, packages_above=None, packages_above_and_dependencies=None, packages_above_depth=None, packages_select_by_dep=None, packages_skip_by_dep=None, packages_skip_up_to=None, packages_select_build_failed=False, packages_skip_build_finished=False, packages_select_test_failures=False, packages_skip_test_passed=False, packages_select=['py_send_camera'], packages_skip=None, packages_select_regex=None, packages_skip_regex=None, packages_start=None, packages_end=None, allow_overriding=[], cmake_args=None, cmake_target=None, cmake_target_skip_unavailable=False, cmake_clean_cache=False, cmake_clean_first=False, cmake_force_configure=False, ament_cmake_args=None, catkin_cmake_args=None, catkin_skip_building_tests=False, verb_parser=<colcon_defaults.argument_parser.defaults.DefaultArgumentsDecorator object at 0xffffa48d8b50>, verb_extension=<colcon_core.verb.build.BuildVerb object at 0xffffa4a2d6f0>, main=<bound method BuildVerb.main of <colcon_core.verb.build.BuildVerb object at 0xffffa4a2d6f0>>)
[1.230s] Level 1:colcon.colcon_core.package_discovery:discover_packages(colcon_meta) check parameters
[1.231s] Level 1:colcon.colcon_core.package_discovery:discover_packages(recursive) check parameters
[1.231s] Level 1:colcon.colcon_core.package_discovery:discover_packages(ignore) check parameters
[1.231s] Level 1:colcon.colcon_core.package_discovery:discover_packages(path) check parameters
[1.231s] Level 1:colcon.colcon_core.package_discovery:discover_packages(colcon_meta) discover
[1.231s] Level 1:colcon.colcon_core.package_discovery:discover_packages(recursive) discover
[1.232s] INFO:colcon.colcon_core.package_discovery:Crawling recursively for packages in '/home/rpi/Desktop/py_send_camera_ws'
[1.232s] Level 1:colcon.colcon_core.package_identification:_identify(.) by extensions ['ignore', 'ignore_ament_install']
[1.233s] Level 1:colcon.colcon_core.package_identification:_identify(.) by extension 'ignore'
[1.233s] Level 1:colcon.colcon_core.package_identification:_identify(.) by extension 'ignore_ament_install'
[1.233s] Level 1:colcon.colcon_core.package_identification:_identify(.) by extensions ['colcon_pkg']
[1.233s] Level 1:colcon.colcon_core.package_identification:_identify(.) by extension 'colcon_pkg'
[1.233s] Level 1:colcon.colcon_core.package_identification:_identify(.) by extensions ['colcon_meta']
[1.233s] Level 1:colcon.colcon_core.package_identification:_identify(.) by extension 'colcon_meta'
[1.234s] Level 1:colcon.colcon_core.package_identification:_identify(.) by extensions ['ros']
[1.234s] Level 1:colcon.colcon_core.package_identification:_identify(.) by extension 'ros'
[1.281s] Level 1:colcon.colcon_core.package_identification:_identify(.) by extensions ['cmake', 'python']
[1.281s] Level 1:colcon.colcon_core.package_identification:_identify(.) by extension 'cmake'
[1.281s] Level 1:colcon.colcon_core.package_identification:_identify(.) by extension 'python'
[1.282s] Level 1:colcon.colcon_core.package_identification:_identify(.) by extensions ['python_setup_py']
[1.282s] Level 1:colcon.colcon_core.package_identification:_identify(.) by extension 'python_setup_py'
[1.282s] Level 1:colcon.colcon_core.package_identification:_identify(build) by extensions ['ignore', 'ignore_ament_install']
[1.283s] Level 1:colcon.colcon_core.package_identification:_identify(build) by extension 'ignore'
[1.283s] Level 1:colcon.colcon_core.package_identification:_identify(build) ignored
[1.283s] Level 1:colcon.colcon_core.package_identification:_identify(install) by extensions ['ignore', 'ignore_ament_install']
[1.284s] Level 1:colcon.colcon_core.package_identification:_identify(install) by extension 'ignore'
[1.284s] Level 1:colcon.colcon_core.package_identification:_identify(install) ignored
[1.285s] Level 1:colcon.colcon_core.package_identification:_identify(log) by extensions ['ignore', 'ignore_ament_install']
[1.285s] Level 1:colcon.colcon_core.package_identification:_identify(log) by extension 'ignore'
[1.285s] Level 1:colcon.colcon_core.package_identification:_identify(log) ignored
[1.286s] Level 1:colcon.colcon_core.package_identification:_identify(src) by extensions ['ignore', 'ignore_ament_install']
[1.286s] Level 1:colcon.colcon_core.package_identification:_identify(src) by extension 'ignore'
[1.286s] Level 1:colcon.colcon_core.package_identification:_identify(src) by extension 'ignore_ament_install'
[1.286s] Level 1:colcon.colcon_core.package_identification:_identify(src) by extensions ['colcon_pkg']
[1.286s] Level 1:colcon.colcon_core.package_identification:_identify(src) by extension 'colcon_pkg'
[1.287s] Level 1:colcon.colcon_core.package_identification:_identify(src) by extensions ['colcon_meta']
[1.287s] Level 1:colcon.colcon_core.package_identification:_identify(src) by extension 'colcon_meta'
[1.287s] Level 1:colcon.colcon_core.package_identification:_identify(src) by extensions ['ros']
[1.287s] Level 1:colcon.colcon_core.package_identification:_identify(src) by extension 'ros'
[1.287s] Level 1:colcon.colcon_core.package_identification:_identify(src) by extensions ['cmake', 'python']
[1.287s] Level 1:colcon.colcon_core.package_identification:_identify(src) by extension 'cmake'
[1.288s] Level 1:colcon.colcon_core.package_identification:_identify(src) by extension 'python'
[1.288s] Level 1:colcon.colcon_core.package_identification:_identify(src) by extensions ['python_setup_py']
[1.288s] Level 1:colcon.colcon_core.package_identification:_identify(src) by extension 'python_setup_py'
[1.288s] Level 1:colcon.colcon_core.package_identification:_identify(src/build) by extensions ['ignore', 'ignore_ament_install']
[1.289s] Level 1:colcon.colcon_core.package_identification:_identify(src/build) by extension 'ignore'
[1.289s] Level 1:colcon.colcon_core.package_identification:_identify(src/build) ignored
[1.289s] Level 1:colcon.colcon_core.package_identification:_identify(src/install) by extensions ['ignore', 'ignore_ament_install']
[1.290s] Level 1:colcon.colcon_core.package_identification:_identify(src/install) by extension 'ignore'
[1.290s] Level 1:colcon.colcon_core.package_identification:_identify(src/install) ignored
[1.290s] Level 1:colcon.colcon_core.package_identification:_identify(src/log) by extensions ['ignore', 'ignore_ament_install']
[1.290s] Level 1:colcon.colcon_core.package_identification:_identify(src/log) by extension 'ignore'
[1.291s] Level 1:colcon.colcon_core.package_identification:_identify(src/log) ignored
[1.291s] Level 1:colcon.colcon_core.package_identification:_identify(src/py_send_camera) by extensions ['ignore', 'ignore_ament_install']
[1.291s] Level 1:colcon.colcon_core.package_identification:_identify(src/py_send_camera) by extension 'ignore'
[1.291s] Level 1:colcon.colcon_core.package_identification:_identify(src/py_send_camera) by extension 'ignore_ament_install'
[1.292s] Level 1:colcon.colcon_core.package_identification:_identify(src/py_send_camera) by extensions ['colcon_pkg']
[1.292s] Level 1:colcon.colcon_core.package_identification:_identify(src/py_send_camera) by extension 'colcon_pkg'
[1.292s] Level 1:colcon.colcon_core.package_identification:_identify(src/py_send_camera) by extensions ['colcon_meta']
[1.292s] Level 1:colcon.colcon_core.package_identification:_identify(src/py_send_camera) by extension 'colcon_meta'
[1.292s] Level 1:colcon.colcon_core.package_identification:_identify(src/py_send_camera) by extensions ['ros']
[1.292s] Level 1:colcon.colcon_core.package_identification:_identify(src/py_send_camera) by extension 'ros'
[1.303s] DEBUG:colcon.colcon_core.package_identification:Package 'src/py_send_camera' with type 'ros.ament_python' and name 'py_send_camera'
[1.303s] Level 1:colcon.colcon_core.package_discovery:discover_packages(recursive) using defaults
[1.303s] Level 1:colcon.colcon_core.package_discovery:discover_packages(ignore) discover
[1.304s] Level 1:colcon.colcon_core.package_discovery:discover_packages(ignore) using defaults
[1.304s] Level 1:colcon.colcon_core.package_discovery:discover_packages(path) discover
[1.304s] Level 1:colcon.colcon_core.package_discovery:discover_packages(path) using defaults
[1.385s] Level 1:colcon.colcon_core.package_discovery:discover_packages(prefix_path) check parameters
[1.385s] Level 1:colcon.colcon_core.package_discovery:discover_packages(prefix_path) discover
[1.393s] DEBUG:colcon.colcon_installed_package_information.package_discovery:Found 1 installed packages in /home/rpi/Desktop/py_send_camera_ws/install
[1.401s] DEBUG:colcon.colcon_installed_package_information.package_discovery:Found 270 installed packages in /opt/ros/humble
[1.450s] Level 1:colcon.colcon_core.package_discovery:discover_packages(prefix_path) using defaults
[1.613s] Level 5:colcon.colcon_core.verb:set package 'py_send_camera' build argument 'cmake_args' from command line to 'None'
[1.613s] Level 5:colcon.colcon_core.verb:set package 'py_send_camera' build argument 'cmake_target' from command line to 'None'
[1.614s] Level 5:colcon.colcon_core.verb:set package 'py_send_camera' build argument 'cmake_target_skip_unavailable' from command line to 'False'
[1.614s] Level 5:colcon.colcon_core.verb:set package 'py_send_camera' build argument 'cmake_clean_cache' from command line to 'False'
[1.614s] Level 5:colcon.colcon_core.verb:set package 'py_send_camera' build argument 'cmake_clean_first' from command line to 'False'
[1.614s] Level 5:colcon.colcon_core.verb:set package 'py_send_camera' build argument 'cmake_force_configure' from command line to 'False'
[1.614s] Level 5:colcon.colcon_core.verb:set package 'py_send_camera' build argument 'ament_cmake_args' from command line to 'None'
[1.614s] Level 5:colcon.colcon_core.verb:set package 'py_send_camera' build argument 'catkin_cmake_args' from command line to 'None'
[1.614s] Level 5:colcon.colcon_core.verb:set package 'py_send_camera' build argument 'catkin_skip_building_tests' from command line to 'False'
[1.614s] DEBUG:colcon.colcon_core.verb:Building package 'py_send_camera' with the following arguments: {'ament_cmake_args': None, 'build_base': '/home/rpi/Desktop/py_send_camera_ws/build/py_send_camera', 'catkin_cmake_args': None, 'catkin_skip_building_tests': False, 'cmake_args': None, 'cmake_clean_cache': False, 'cmake_clean_first': False, 'cmake_force_configure': False, 'cmake_target': None, 'cmake_target_skip_unavailable': False, 'install_base': '/home/rpi/Desktop/py_send_camera_ws/install/py_send_camera', 'merge_install': False, 'path': '/home/rpi/Desktop/py_send_camera_ws/src/py_send_camera', 'symlink_install': False, 'test_result_base': None}
[1.615s] INFO:colcon.colcon_core.executor:Executing jobs using 'parallel' executor
[1.618s] DEBUG:colcon.colcon_parallel_executor.executor.parallel:run_until_complete
[1.619s] INFO:colcon.colcon_ros.task.ament_python.build:Building ROS package in '/home/rpi/Desktop/py_send_camera_ws/src/py_send_camera' with build type 'ament_python'
[1.620s] Level 1:colcon.colcon_core.shell:create_environment_hook('py_send_camera', 'ament_prefix_path')
[1.628s] INFO:colcon.colcon_core.plugin_system:Skipping extension 'colcon_core.shell.bat': Not used on non-Windows systems
[1.629s] INFO:colcon.colcon_core.shell:Creating environment hook '/home/rpi/Desktop/py_send_camera_ws/install/py_send_camera/share/py_send_camera/hook/ament_prefix_path.ps1'
[1.633s] INFO:colcon.colcon_core.shell:Creating environment descriptor '/home/rpi/Desktop/py_send_camera_ws/install/py_send_camera/share/py_send_camera/hook/ament_prefix_path.dsv'
[1.637s] INFO:colcon.colcon_core.shell:Creating environment hook '/home/rpi/Desktop/py_send_camera_ws/install/py_send_camera/share/py_send_camera/hook/ament_prefix_path.sh'
[1.642s] INFO:colcon.colcon_core.shell:Skip shell extension 'powershell' for command environment: Not usable outside of PowerShell
[1.642s] DEBUG:colcon.colcon_core.shell:Skip shell extension 'dsv' for command environment
[2.843s] INFO:colcon.colcon_core.task.python.build:Building Python package in '/home/rpi/Desktop/py_send_camera_ws/src/py_send_camera'
[2.844s] INFO:colcon.colcon_core.shell:Skip shell extension 'powershell' for command environment: Not usable outside of PowerShell
[2.845s] DEBUG:colcon.colcon_core.shell:Skip shell extension 'dsv' for command environment
[4.345s] DEBUG:colcon.colcon_core.event_handler.log_command:Invoking command in '/home/rpi/Desktop/py_send_camera_ws/src/py_send_camera': PYTHONPATH=/home/rpi/Desktop/py_send_camera_ws/build/py_send_camera/prefix_override:/home/rpi/Desktop/py_send_camera_ws/install/py_send_camera/lib/python3.10/site-packages:${PYTHONPATH} /usr/bin/python3 -W ignore:setup.py install is deprecated setup.py egg_info --egg-base ../../build/py_send_camera build --build-base /home/rpi/Desktop/py_send_camera_ws/build/py_send_camera/build install --record /home/rpi/Desktop/py_send_camera_ws/build/py_send_camera/install.log --single-version-externally-managed install_data
[5.731s] DEBUG:colcon.colcon_core.event_handler.log_command:Invoked command in '/home/rpi/Desktop/py_send_camera_ws/src/py_send_camera' returned '0': PYTHONPATH=/home/rpi/Desktop/py_send_camera_ws/build/py_send_camera/prefix_override:/home/rpi/Desktop/py_send_camera_ws/install/py_send_camera/lib/python3.10/site-packages:${PYTHONPATH} /usr/bin/python3 -W ignore:setup.py install is deprecated setup.py egg_info --egg-base ../../build/py_send_camera build --build-base /home/rpi/Desktop/py_send_camera_ws/build/py_send_camera/build install --record /home/rpi/Desktop/py_send_camera_ws/build/py_send_camera/install.log --single-version-externally-managed install_data
[5.742s] Level 1:colcon.colcon_core.environment:checking '/home/rpi/Desktop/py_send_camera_ws/install/py_send_camera' for CMake module files
[5.745s] Level 1:colcon.colcon_core.environment:checking '/home/rpi/Desktop/py_send_camera_ws/install/py_send_camera' for CMake config files
[5.750s] Level 1:colcon.colcon_core.environment:checking '/home/rpi/Desktop/py_send_camera_ws/install/py_send_camera/lib'
[5.750s] Level 1:colcon.colcon_core.environment:checking '/home/rpi/Desktop/py_send_camera_ws/install/py_send_camera/bin'
[5.751s] Level 1:colcon.colcon_core.environment:checking '/home/rpi/Desktop/py_send_camera_ws/install/py_send_camera/lib/pkgconfig/py_send_camera.pc'
[5.752s] Level 1:colcon.colcon_core.environment:checking '/home/rpi/Desktop/py_send_camera_ws/install/py_send_camera/lib/python3.10/site-packages'
[5.752s] Level 1:colcon.colcon_core.shell:create_environment_hook('py_send_camera', 'pythonpath')
[5.753s] INFO:colcon.colcon_core.shell:Creating environment hook '/home/rpi/Desktop/py_send_camera_ws/install/py_send_camera/share/py_send_camera/hook/pythonpath.ps1'
[5.755s] INFO:colcon.colcon_core.shell:Creating environment descriptor '/home/rpi/Desktop/py_send_camera_ws/install/py_send_camera/share/py_send_camera/hook/pythonpath.dsv'
[5.757s] INFO:colcon.colcon_core.shell:Creating environment hook '/home/rpi/Desktop/py_send_camera_ws/install/py_send_camera/share/py_send_camera/hook/pythonpath.sh'
[5.760s] Level 1:colcon.colcon_core.environment:checking '/home/rpi/Desktop/py_send_camera_ws/install/py_send_camera/bin'
[5.761s] Level 1:colcon.colcon_core.environment:create_environment_scripts_only(py_send_camera)
[5.762s] INFO:colcon.colcon_core.shell:Creating package script '/home/rpi/Desktop/py_send_camera_ws/install/py_send_camera/share/py_send_camera/package.ps1'
[5.765s] INFO:colcon.colcon_core.shell:Creating package descriptor '/home/rpi/Desktop/py_send_camera_ws/install/py_send_camera/share/py_send_camera/package.dsv'
[5.768s] INFO:colcon.colcon_core.shell:Creating package script '/home/rpi/Desktop/py_send_camera_ws/install/py_send_camera/share/py_send_camera/package.sh'
[5.772s] INFO:colcon.colcon_core.shell:Creating package script '/home/rpi/Desktop/py_send_camera_ws/install/py_send_camera/share/py_send_camera/package.bash'
[5.776s] INFO:colcon.colcon_core.shell:Creating package script '/home/rpi/Desktop/py_send_camera_ws/install/py_send_camera/share/py_send_camera/package.zsh'
[5.780s] Level 1:colcon.colcon_core.environment:create_file_with_runtime_dependencies(/home/rpi/Desktop/py_send_camera_ws/install/py_send_camera/share/colcon-core/packages/py_send_camera)
[5.782s] DEBUG:colcon.colcon_parallel_executor.executor.parallel:closing loop
[5.783s] DEBUG:colcon.colcon_parallel_executor.executor.parallel:loop closed
[5.783s] DEBUG:colcon.colcon_parallel_executor.executor.parallel:run_until_complete finished with '0'
[5.783s] DEBUG:colcon.colcon_core.event_reactor:joining thread
[5.808s] INFO:colcon.colcon_core.plugin_system:Skipping extension 'colcon_notification.desktop_notification.terminal_notifier': Not used on non-Darwin systems
[5.808s] INFO:colcon.colcon_core.plugin_system:Skipping extension 'colcon_notification.desktop_notification.win32': Not used on non-Windows systems
[5.809s] INFO:colcon.colcon_notification.desktop_notification:Sending desktop notification using 'notify2'
[5.890s] DEBUG:colcon.colcon_core.event_reactor:joined thread
[5.892s] INFO:colcon.colcon_core.shell:Creating prefix script '/home/rpi/Desktop/py_send_camera_ws/install/local_setup.ps1'
[5.897s] INFO:colcon.colcon_core.shell:Creating prefix util module '/home/rpi/Desktop/py_send_camera_ws/install/_local_setup_util_ps1.py'
[5.905s] INFO:colcon.colcon_core.shell:Creating prefix chain script '/home/rpi/Desktop/py_send_camera_ws/install/setup.ps1'
[5.912s] INFO:colcon.colcon_core.shell:Creating prefix script '/home/rpi/Desktop/py_send_camera_ws/install/local_setup.sh'
[5.916s] INFO:colcon.colcon_core.shell:Creating prefix util module '/home/rpi/Desktop/py_send_camera_ws/install/_local_setup_util_sh.py'
[5.920s] INFO:colcon.colcon_core.shell:Creating prefix chain script '/home/rpi/Desktop/py_send_camera_ws/install/setup.sh'
[5.926s] INFO:colcon.colcon_core.shell:Creating prefix script '/home/rpi/Desktop/py_send_camera_ws/install/local_setup.bash'
[5.929s] INFO:colcon.colcon_core.shell:Creating prefix chain script '/home/rpi/Desktop/py_send_camera_ws/install/setup.bash'
[5.934s] INFO:colcon.colcon_core.shell:Creating prefix script '/home/rpi/Desktop/py_send_camera_ws/install/local_setup.zsh'
[5.937s] INFO:colcon.colcon_core.shell:Creating prefix chain script '/home/rpi/Desktop/py_send_camera_ws/install/setup.zsh'
