[7.939s] DEBUG:colcon:Command line arguments: ['/home/TP/tools/miniconda3/envs/E021_3_6/bin/colcon', 'build', '--packages-select', 'py_ihm']
[7.939s] DEBUG:colcon:Parsed command line arguments: Namespace(ament_cmake_args=None, base_paths=['.'], build_base='build', catkin_cmake_args=None, catkin_skip_building_tests=False, cmake_args=None, cmake_clean_cache=False, cmake_clean_first=False, cmake_force_configure=False, cmake_target=None, cmake_target_skip_unavailable=False, continue_on_error=False, event_handlers=None, executor='parallel', ignore_user_meta=False, install_base='install', log_base=None, log_level=None, main=<bound method BuildVerb.main of <colcon_core.verb.build.BuildVerb object at 0x7f759f76de10>>, merge_install=False, metas=['./colcon.meta'], packages_above=None, packages_above_and_dependencies=None, packages_above_depth=None, packages_end=None, packages_ignore=None, packages_ignore_regex=None, packages_select=['py_ihm'], packages_select_build_failed=False, packages_select_by_dep=None, packages_select_regex=None, packages_select_test_failures=False, packages_skip=None, packages_skip_build_finished=False, packages_skip_by_dep=None, packages_skip_regex=None, packages_skip_test_passed=False, packages_skip_up_to=None, packages_start=None, packages_up_to=None, packages_up_to_regex=None, parallel_workers=12, paths=None, symlink_install=False, test_result_base=None, verb_extension=<colcon_core.verb.build.BuildVerb object at 0x7f759f76de10>, verb_name='build', verb_parser=<colcon_defaults.argument_parser.defaults.DefaultArgumentsDecorator object at 0x7f759f76b550>)
[8.727s] Level 1:colcon.colcon_core.package_discovery:discover_packages(colcon_meta) check parameters
[8.728s] Level 1:colcon.colcon_core.package_discovery:discover_packages(recursive) check parameters
[8.729s] Level 1:colcon.colcon_core.package_discovery:discover_packages(ignore) check parameters
[8.729s] Level 1:colcon.colcon_core.package_discovery:discover_packages(path) check parameters
[8.729s] Level 1:colcon.colcon_core.package_discovery:discover_packages(colcon_meta) discover
[8.730s] Level 1:colcon.colcon_core.package_discovery:discover_packages(recursive) discover
[8.731s] INFO:colcon.colcon_core.package_discovery:Crawling recursively for packages in '/home/e2023/m3eljily/Bureau/robot_mobile/UI/pyqt_ihm_ros2_ws'
[8.732s] Level 1:colcon.colcon_core.package_identification:_identify(.) by extensions ['ignore', 'ignore_ament_install']
[8.733s] Level 1:colcon.colcon_core.package_identification:_identify(.) by extension 'ignore'
[8.734s] Level 1:colcon.colcon_core.package_identification:_identify(.) by extension 'ignore_ament_install'
[8.736s] Level 1:colcon.colcon_core.package_identification:_identify(.) by extensions ['colcon_pkg']
[8.736s] Level 1:colcon.colcon_core.package_identification:_identify(.) by extension 'colcon_pkg'
[8.737s] Level 1:colcon.colcon_core.package_identification:_identify(.) by extensions ['colcon_meta']
[8.737s] Level 1:colcon.colcon_core.package_identification:_identify(.) by extension 'colcon_meta'
[8.737s] Level 1:colcon.colcon_core.package_identification:_identify(.) by extensions ['ros']
[8.738s] Level 1:colcon.colcon_core.package_identification:_identify(.) by extension 'ros'
[9.106s] Level 1:colcon.colcon_core.package_identification:_identify(.) by extensions ['cmake', 'python']
[9.106s] Level 1:colcon.colcon_core.package_identification:_identify(.) by extension 'cmake'
[9.107s] Level 1:colcon.colcon_core.package_identification:_identify(.) by extension 'python'
[9.108s] Level 1:colcon.colcon_core.package_identification:_identify(.) by extensions ['python_setup_py']
[9.109s] Level 1:colcon.colcon_core.package_identification:_identify(.) by extension 'python_setup_py'
[9.110s] Level 1:colcon.colcon_core.package_identification:_identify(build) by extensions ['ignore', 'ignore_ament_install']
[9.110s] Level 1:colcon.colcon_core.package_identification:_identify(build) by extension 'ignore'
[9.111s] Level 1:colcon.colcon_core.package_identification:_identify(build) ignored
[9.113s] Level 1:colcon.colcon_core.package_identification:_identify(install) by extensions ['ignore', 'ignore_ament_install']
[9.114s] Level 1:colcon.colcon_core.package_identification:_identify(install) by extension 'ignore'
[9.115s] Level 1:colcon.colcon_core.package_identification:_identify(install) ignored
[9.118s] Level 1:colcon.colcon_core.package_identification:_identify(log) by extensions ['ignore', 'ignore_ament_install']
[9.119s] Level 1:colcon.colcon_core.package_identification:_identify(log) by extension 'ignore'
[9.120s] Level 1:colcon.colcon_core.package_identification:_identify(log) ignored
[9.120s] Level 1:colcon.colcon_core.package_identification:_identify(src) by extensions ['ignore', 'ignore_ament_install']
[9.121s] Level 1:colcon.colcon_core.package_identification:_identify(src) by extension 'ignore'
[9.122s] Level 1:colcon.colcon_core.package_identification:_identify(src) by extension 'ignore_ament_install'
[9.123s] Level 1:colcon.colcon_core.package_identification:_identify(src) by extensions ['colcon_pkg']
[9.123s] Level 1:colcon.colcon_core.package_identification:_identify(src) by extension 'colcon_pkg'
[9.124s] Level 1:colcon.colcon_core.package_identification:_identify(src) by extensions ['colcon_meta']
[9.124s] Level 1:colcon.colcon_core.package_identification:_identify(src) by extension 'colcon_meta'
[9.124s] Level 1:colcon.colcon_core.package_identification:_identify(src) by extensions ['ros']
[9.125s] Level 1:colcon.colcon_core.package_identification:_identify(src) by extension 'ros'
[9.127s] Level 1:colcon.colcon_core.package_identification:_identify(src) by extensions ['cmake', 'python']
[9.127s] Level 1:colcon.colcon_core.package_identification:_identify(src) by extension 'cmake'
[9.128s] Level 1:colcon.colcon_core.package_identification:_identify(src) by extension 'python'
[9.129s] Level 1:colcon.colcon_core.package_identification:_identify(src) by extensions ['python_setup_py']
[9.130s] Level 1:colcon.colcon_core.package_identification:_identify(src) by extension 'python_setup_py'
[9.130s] Level 1:colcon.colcon_core.package_identification:_identify(src/py_ihm) by extensions ['ignore', 'ignore_ament_install']
[9.131s] Level 1:colcon.colcon_core.package_identification:_identify(src/py_ihm) by extension 'ignore'
[9.132s] Level 1:colcon.colcon_core.package_identification:_identify(src/py_ihm) by extension 'ignore_ament_install'
[9.134s] Level 1:colcon.colcon_core.package_identification:_identify(src/py_ihm) by extensions ['colcon_pkg']
[9.134s] Level 1:colcon.colcon_core.package_identification:_identify(src/py_ihm) by extension 'colcon_pkg'
[9.135s] Level 1:colcon.colcon_core.package_identification:_identify(src/py_ihm) by extensions ['colcon_meta']
[9.135s] Level 1:colcon.colcon_core.package_identification:_identify(src/py_ihm) by extension 'colcon_meta'
[9.135s] Level 1:colcon.colcon_core.package_identification:_identify(src/py_ihm) by extensions ['ros']
[9.136s] Level 1:colcon.colcon_core.package_identification:_identify(src/py_ihm) by extension 'ros'
[9.158s] DEBUG:colcon.colcon_core.package_identification:Package 'src/py_ihm' with type 'ros.ament_python' and name 'py_ihm'
[9.158s] Level 1:colcon.colcon_core.package_discovery:discover_packages(recursive) using defaults
[9.160s] Level 1:colcon.colcon_core.package_discovery:discover_packages(ignore) discover
[9.160s] Level 1:colcon.colcon_core.package_discovery:discover_packages(ignore) using defaults
[9.161s] Level 1:colcon.colcon_core.package_discovery:discover_packages(path) discover
[9.161s] Level 1:colcon.colcon_core.package_discovery:discover_packages(path) using defaults
[10.210s] Level 5:colcon.colcon_core.verb:set package 'py_ihm' build argument 'cmake_args' from command line to 'None'
[10.211s] Level 5:colcon.colcon_core.verb:set package 'py_ihm' build argument 'cmake_target' from command line to 'None'
[10.211s] Level 5:colcon.colcon_core.verb:set package 'py_ihm' build argument 'cmake_target_skip_unavailable' from command line to 'False'
[10.211s] Level 5:colcon.colcon_core.verb:set package 'py_ihm' build argument 'cmake_clean_cache' from command line to 'False'
[10.212s] Level 5:colcon.colcon_core.verb:set package 'py_ihm' build argument 'cmake_clean_first' from command line to 'False'
[10.212s] Level 5:colcon.colcon_core.verb:set package 'py_ihm' build argument 'cmake_force_configure' from command line to 'False'
[10.212s] Level 5:colcon.colcon_core.verb:set package 'py_ihm' build argument 'ament_cmake_args' from command line to 'None'
[10.213s] Level 5:colcon.colcon_core.verb:set package 'py_ihm' build argument 'catkin_cmake_args' from command line to 'None'
[10.214s] Level 5:colcon.colcon_core.verb:set package 'py_ihm' build argument 'catkin_skip_building_tests' from command line to 'False'
[10.214s] DEBUG:colcon.colcon_core.verb:Building package 'py_ihm' with the following arguments: {'ament_cmake_args': None, 'build_base': '/home/e2023/m3eljily/Bureau/robot_mobile/UI/pyqt_ihm_ros2_ws/build/py_ihm', 'catkin_cmake_args': None, 'catkin_skip_building_tests': False, 'cmake_args': None, 'cmake_clean_cache': False, 'cmake_clean_first': False, 'cmake_force_configure': False, 'cmake_target': None, 'cmake_target_skip_unavailable': False, 'install_base': '/home/e2023/m3eljily/Bureau/robot_mobile/UI/pyqt_ihm_ros2_ws/install/py_ihm', 'merge_install': False, 'path': '/home/e2023/m3eljily/Bureau/robot_mobile/UI/pyqt_ihm_ros2_ws/src/py_ihm', 'symlink_install': False, 'test_result_base': None}
[10.259s] INFO:colcon.colcon_core.executor:Executing jobs using 'parallel' executor
[10.309s] DEBUG:colcon.colcon_parallel_executor.executor.parallel:run_until_complete
[10.310s] INFO:colcon.colcon_ros.task.ament_python.build:Building ROS package in '/home/e2023/m3eljily/Bureau/robot_mobile/UI/pyqt_ihm_ros2_ws/src/py_ihm' with build type 'ament_python'
[10.311s] Level 1:colcon.colcon_core.shell:create_environment_hook('py_ihm', 'ament_prefix_path')
[10.422s] INFO:colcon.colcon_core.plugin_system:Skipping extension 'colcon_core.shell.bat': Not used on non-Windows systems
[10.423s] INFO:colcon.colcon_core.shell:Creating environment hook '/home/e2023/m3eljily/Bureau/robot_mobile/UI/pyqt_ihm_ros2_ws/install/py_ihm/share/py_ihm/hook/ament_prefix_path.ps1'
[10.435s] INFO:colcon.colcon_core.shell:Creating environment descriptor '/home/e2023/m3eljily/Bureau/robot_mobile/UI/pyqt_ihm_ros2_ws/install/py_ihm/share/py_ihm/hook/ament_prefix_path.dsv'
[10.452s] INFO:colcon.colcon_core.shell:Creating environment hook '/home/e2023/m3eljily/Bureau/robot_mobile/UI/pyqt_ihm_ros2_ws/install/py_ihm/share/py_ihm/hook/ament_prefix_path.sh'
[10.506s] INFO:colcon.colcon_core.shell:Skip shell extension 'powershell' for command environment: Not usable outside of PowerShell
[10.507s] DEBUG:colcon.colcon_core.shell:Skip shell extension 'dsv' for command environment
[11.975s] INFO:colcon.colcon_core.task.python.build:Building Python package in '/home/e2023/m3eljily/Bureau/robot_mobile/UI/pyqt_ihm_ros2_ws/src/py_ihm'
[12.028s] INFO:colcon.colcon_core.shell:Skip shell extension 'powershell' for command environment: Not usable outside of PowerShell
[12.028s] DEBUG:colcon.colcon_core.shell:Skip shell extension 'dsv' for command environment
[14.471s] DEBUG:colcon.colcon_core.event_handler.log_command:Invoking command in '/home/e2023/m3eljily/Bureau/robot_mobile/UI/pyqt_ihm_ros2_ws/src/py_ihm': DEBUGINFOD_URLS=https://debuginfod.centos.org/ LESSOPEN=${LESSOPEN}
BASH_FUNC_which%%=() {  ( alias;
 eval ${which_declare} ) | /usr/bin/which --tty-only --read-alias --read-functions --show-tilde --show-dot $@
}
BASH_FUNC_module%%=() {  _module_raw "$@" 2>&1
}
BASH_FUNC__module_raw%%=() {  unset _mlshdbg;
 if [ "${MODULES_SILENT_SHELL_DEBUG:-0}" = '1' ]; then
 case "$-" in
 *v*x*)
 set +vx;
 _mlshdbg='vx'
 ;;
 *v*)
 set +v;
 _mlshdbg='v'
 ;;
 *x*)
 set +x;
 _mlshdbg='x'
 ;;
 *)
 _mlshdbg=''
 ;;
 esac;
 fi;
 unset _mlre _mlIFS;
 if [ -n "${IFS+x}" ]; then
 _mlIFS=$IFS;
 fi;
 IFS=' ';
 for _mlv in ${MODULES_RUN_QUARANTINE:-};
 do
 if [ "${_mlv}" = "${_mlv##*[!A-Za-z0-9_]}" -a "${_mlv}" = "${_mlv#[0-9]}" ]; then
 if [ -n "`eval 'echo ${'$_mlv'+x}'`" ]; then
 _mlre="${_mlre:-}${_mlv}_modquar='`eval 'echo ${'$_mlv'}'`' ";
 fi;
 _mlrv="MODULES_RUNENV_${_mlv}";
 _mlre="${_mlre:-}${_mlv}='`eval 'echo ${'$_mlrv':-}'`' ";
 fi;
 done;
 if [ -n "${_mlre:-}" ]; then
 eval `eval ${_mlre} /usr/bin/tclsh /usr/share/Modules/libexec/modulecmd.tcl bash '"$@"'`;
 else
 eval `/usr/bin/tclsh /usr/share/Modules/libexec/modulecmd.tcl bash "$@"`;
 fi;
 _mlstatus=$?;
 if [ -n "${_mlIFS+x}" ]; then
 IFS=$_mlIFS;
 else
 unset IFS;
 fi;
 unset _mlre _mlv _mlrv _mlIFS;
 if [ -n "${_mlshdbg:-}" ]; then
 set -$_mlshdbg;
 fi;
 unset _mlshdbg;
 return $_mlstatus
}
BASH_FUNC_switchml%%=() {  typeset swfound=1;
 if [ "${MODULES_USE_COMPAT_VERSION:-0}" = '1' ]; then
 typeset swname='main';
 if [ -e /usr/share/Modules/libexec/modulecmd.tcl ]; then
 typeset swfound=0;
 unset MODULES_USE_COMPAT_VERSION;
 fi;
 else
 typeset swname='compatibility';
 if [ -e /usr/share/Modules/libexec/modulecmd-compat ]; then
 typeset swfound=0;
 MODULES_USE_COMPAT_VERSION=1;
 export MODULES_USE_COMPAT_VERSION;
 fi;
 fi;
 if [ $swfound -eq 0 ]; then
 echo "Switching to Modules $swname version";
 source /usr/share/Modules/init/bash;
 else
 echo "Cannot switch to Modules $swname version, command not found";
 return 1;
 fi
}
BASH_FUNC_scl%%=() {  if [ "$1" = "load" -o "$1" = "unload" ]; then
 eval "module $@";
 else
 /usr/bin/scl "$@";
 fi
}
BASH_FUNC_ml%%=() {  module ml "$@"
} PYTHONPATH=/home/e2023/m3eljily/Bureau/robot_mobile/UI/pyqt_ihm_ros2_ws/build/py_ihm/prefix_override:/home/e2023/m3eljily/Bureau/robot_mobile/UI/pyqt_ihm_ros2_ws/install/py_ihm/lib/python3.6/site-packages:${PYTHONPATH} SHLVL=3 _=/usr/bin/env /home/TP/tools/miniconda3/envs/E021_3_6/bin/python3.6 setup.py egg_info --egg-base ../../build/py_ihm build --build-base /home/e2023/m3eljily/Bureau/robot_mobile/UI/pyqt_ihm_ros2_ws/build/py_ihm/build install --record /home/e2023/m3eljily/Bureau/robot_mobile/UI/pyqt_ihm_ros2_ws/build/py_ihm/install.log --single-version-externally-managed
[15.819s] DEBUG:colcon.colcon_core.event_handler.log_command:Invoked command in '/home/e2023/m3eljily/Bureau/robot_mobile/UI/pyqt_ihm_ros2_ws/src/py_ihm' returned '0': DEBUGINFOD_URLS=https://debuginfod.centos.org/ LESSOPEN=${LESSOPEN}
BASH_FUNC_which%%=() {  ( alias;
 eval ${which_declare} ) | /usr/bin/which --tty-only --read-alias --read-functions --show-tilde --show-dot $@
}
BASH_FUNC_module%%=() {  _module_raw "$@" 2>&1
}
BASH_FUNC__module_raw%%=() {  unset _mlshdbg;
 if [ "${MODULES_SILENT_SHELL_DEBUG:-0}" = '1' ]; then
 case "$-" in
 *v*x*)
 set +vx;
 _mlshdbg='vx'
 ;;
 *v*)
 set +v;
 _mlshdbg='v'
 ;;
 *x*)
 set +x;
 _mlshdbg='x'
 ;;
 *)
 _mlshdbg=''
 ;;
 esac;
 fi;
 unset _mlre _mlIFS;
 if [ -n "${IFS+x}" ]; then
 _mlIFS=$IFS;
 fi;
 IFS=' ';
 for _mlv in ${MODULES_RUN_QUARANTINE:-};
 do
 if [ "${_mlv}" = "${_mlv##*[!A-Za-z0-9_]}" -a "${_mlv}" = "${_mlv#[0-9]}" ]; then
 if [ -n "`eval 'echo ${'$_mlv'+x}'`" ]; then
 _mlre="${_mlre:-}${_mlv}_modquar='`eval 'echo ${'$_mlv'}'`' ";
 fi;
 _mlrv="MODULES_RUNENV_${_mlv}";
 _mlre="${_mlre:-}${_mlv}='`eval 'echo ${'$_mlrv':-}'`' ";
 fi;
 done;
 if [ -n "${_mlre:-}" ]; then
 eval `eval ${_mlre} /usr/bin/tclsh /usr/share/Modules/libexec/modulecmd.tcl bash '"$@"'`;
 else
 eval `/usr/bin/tclsh /usr/share/Modules/libexec/modulecmd.tcl bash "$@"`;
 fi;
 _mlstatus=$?;
 if [ -n "${_mlIFS+x}" ]; then
 IFS=$_mlIFS;
 else
 unset IFS;
 fi;
 unset _mlre _mlv _mlrv _mlIFS;
 if [ -n "${_mlshdbg:-}" ]; then
 set -$_mlshdbg;
 fi;
 unset _mlshdbg;
 return $_mlstatus
}
BASH_FUNC_switchml%%=() {  typeset swfound=1;
 if [ "${MODULES_USE_COMPAT_VERSION:-0}" = '1' ]; then
 typeset swname='main';
 if [ -e /usr/share/Modules/libexec/modulecmd.tcl ]; then
 typeset swfound=0;
 unset MODULES_USE_COMPAT_VERSION;
 fi;
 else
 typeset swname='compatibility';
 if [ -e /usr/share/Modules/libexec/modulecmd-compat ]; then
 typeset swfound=0;
 MODULES_USE_COMPAT_VERSION=1;
 export MODULES_USE_COMPAT_VERSION;
 fi;
 fi;
 if [ $swfound -eq 0 ]; then
 echo "Switching to Modules $swname version";
 source /usr/share/Modules/init/bash;
 else
 echo "Cannot switch to Modules $swname version, command not found";
 return 1;
 fi
}
BASH_FUNC_scl%%=() {  if [ "$1" = "load" -o "$1" = "unload" ]; then
 eval "module $@";
 else
 /usr/bin/scl "$@";
 fi
}
BASH_FUNC_ml%%=() {  module ml "$@"
} PYTHONPATH=/home/e2023/m3eljily/Bureau/robot_mobile/UI/pyqt_ihm_ros2_ws/build/py_ihm/prefix_override:/home/e2023/m3eljily/Bureau/robot_mobile/UI/pyqt_ihm_ros2_ws/install/py_ihm/lib/python3.6/site-packages:${PYTHONPATH} SHLVL=3 _=/usr/bin/env /home/TP/tools/miniconda3/envs/E021_3_6/bin/python3.6 setup.py egg_info --egg-base ../../build/py_ihm build --build-base /home/e2023/m3eljily/Bureau/robot_mobile/UI/pyqt_ihm_ros2_ws/build/py_ihm/build install --record /home/e2023/m3eljily/Bureau/robot_mobile/UI/pyqt_ihm_ros2_ws/build/py_ihm/install.log --single-version-externally-managed
[16.030s] Level 1:colcon.colcon_core.environment:checking '/home/e2023/m3eljily/Bureau/robot_mobile/UI/pyqt_ihm_ros2_ws/install/py_ihm' for CMake module files
[16.039s] Level 1:colcon.colcon_core.environment:checking '/home/e2023/m3eljily/Bureau/robot_mobile/UI/pyqt_ihm_ros2_ws/install/py_ihm' for CMake config files
[16.059s] Level 1:colcon.colcon_core.environment:checking '/home/e2023/m3eljily/Bureau/robot_mobile/UI/pyqt_ihm_ros2_ws/install/py_ihm/lib'
[16.060s] Level 1:colcon.colcon_core.environment:checking '/home/e2023/m3eljily/Bureau/robot_mobile/UI/pyqt_ihm_ros2_ws/install/py_ihm/bin'
[16.061s] Level 1:colcon.colcon_core.environment:checking '/home/e2023/m3eljily/Bureau/robot_mobile/UI/pyqt_ihm_ros2_ws/install/py_ihm/lib/pkgconfig/py_ihm.pc'
[16.063s] Level 1:colcon.colcon_core.environment:checking '/home/e2023/m3eljily/Bureau/robot_mobile/UI/pyqt_ihm_ros2_ws/install/py_ihm/lib/python3.6/site-packages'
[16.063s] Level 1:colcon.colcon_core.shell:create_environment_hook('py_ihm', 'pythonpath')
[16.115s] INFO:colcon.colcon_core.shell:Creating environment hook '/home/e2023/m3eljily/Bureau/robot_mobile/UI/pyqt_ihm_ros2_ws/install/py_ihm/share/py_ihm/hook/pythonpath.ps1'
[16.121s] INFO:colcon.colcon_core.shell:Creating environment descriptor '/home/e2023/m3eljily/Bureau/robot_mobile/UI/pyqt_ihm_ros2_ws/install/py_ihm/share/py_ihm/hook/pythonpath.dsv'
[16.126s] INFO:colcon.colcon_core.shell:Creating environment hook '/home/e2023/m3eljily/Bureau/robot_mobile/UI/pyqt_ihm_ros2_ws/install/py_ihm/share/py_ihm/hook/pythonpath.sh'
[16.131s] Level 1:colcon.colcon_core.environment:checking '/home/e2023/m3eljily/Bureau/robot_mobile/UI/pyqt_ihm_ros2_ws/install/py_ihm/bin'
[16.131s] Level 1:colcon.colcon_core.environment:create_environment_scripts_only(py_ihm)
[16.178s] INFO:colcon.colcon_core.shell:Creating package script '/home/e2023/m3eljily/Bureau/robot_mobile/UI/pyqt_ihm_ros2_ws/install/py_ihm/share/py_ihm/package.ps1'
[16.188s] INFO:colcon.colcon_core.shell:Creating package descriptor '/home/e2023/m3eljily/Bureau/robot_mobile/UI/pyqt_ihm_ros2_ws/install/py_ihm/share/py_ihm/package.dsv'
[16.206s] INFO:colcon.colcon_core.shell:Creating package script '/home/e2023/m3eljily/Bureau/robot_mobile/UI/pyqt_ihm_ros2_ws/install/py_ihm/share/py_ihm/package.sh'
[16.215s] INFO:colcon.colcon_core.shell:Creating package script '/home/e2023/m3eljily/Bureau/robot_mobile/UI/pyqt_ihm_ros2_ws/install/py_ihm/share/py_ihm/package.bash'
[16.224s] INFO:colcon.colcon_core.shell:Creating package script '/home/e2023/m3eljily/Bureau/robot_mobile/UI/pyqt_ihm_ros2_ws/install/py_ihm/share/py_ihm/package.zsh'
[16.242s] Level 1:colcon.colcon_core.environment:create_file_with_runtime_dependencies(/home/e2023/m3eljily/Bureau/robot_mobile/UI/pyqt_ihm_ros2_ws/install/py_ihm/share/colcon-core/packages/py_ihm)
[16.247s] DEBUG:colcon.colcon_parallel_executor.executor.parallel:closing loop
[16.248s] DEBUG:colcon.colcon_parallel_executor.executor.parallel:loop closed
[16.249s] DEBUG:colcon.colcon_parallel_executor.executor.parallel:run_until_complete finished with '0'
[16.249s] DEBUG:colcon.colcon_core.event_reactor:joining thread
[16.324s] INFO:colcon.colcon_core.plugin_system:Skipping extension 'colcon_notification.desktop_notification.notify2': 'notify2' not found
[16.326s] INFO:colcon.colcon_core.plugin_system:Skipping extension 'colcon_notification.desktop_notification.terminal_notifier': Not used on non-Darwin systems
[16.327s] INFO:colcon.colcon_core.plugin_system:Skipping extension 'colcon_notification.desktop_notification.win32': Not used on non-Windows systems
[16.327s] INFO:colcon.colcon_notification.desktop_notification:Sending desktop notification using 'notify_send'
[16.486s] DEBUG:colcon.colcon_core.event_reactor:joined thread
[16.546s] INFO:colcon.colcon_core.shell:Creating prefix script '/home/e2023/m3eljily/Bureau/robot_mobile/UI/pyqt_ihm_ros2_ws/install/local_setup.ps1'
[16.557s] INFO:colcon.colcon_core.shell:Creating prefix util module '/home/e2023/m3eljily/Bureau/robot_mobile/UI/pyqt_ihm_ros2_ws/install/_local_setup_util_ps1.py'
[16.572s] INFO:colcon.colcon_core.shell:Creating prefix chain script '/home/e2023/m3eljily/Bureau/robot_mobile/UI/pyqt_ihm_ros2_ws/install/setup.ps1'
[16.628s] INFO:colcon.colcon_core.shell:Creating prefix script '/home/e2023/m3eljily/Bureau/robot_mobile/UI/pyqt_ihm_ros2_ws/install/local_setup.sh'
[16.637s] INFO:colcon.colcon_core.shell:Creating prefix util module '/home/e2023/m3eljily/Bureau/robot_mobile/UI/pyqt_ihm_ros2_ws/install/_local_setup_util_sh.py'
[16.644s] INFO:colcon.colcon_core.shell:Creating prefix chain script '/home/e2023/m3eljily/Bureau/robot_mobile/UI/pyqt_ihm_ros2_ws/install/setup.sh'
[16.701s] INFO:colcon.colcon_core.shell:Creating prefix script '/home/e2023/m3eljily/Bureau/robot_mobile/UI/pyqt_ihm_ros2_ws/install/local_setup.bash'
[16.709s] INFO:colcon.colcon_core.shell:Creating prefix chain script '/home/e2023/m3eljily/Bureau/robot_mobile/UI/pyqt_ihm_ros2_ws/install/setup.bash'
[16.765s] INFO:colcon.colcon_core.shell:Creating prefix script '/home/e2023/m3eljily/Bureau/robot_mobile/UI/pyqt_ihm_ros2_ws/install/local_setup.zsh'
[16.773s] INFO:colcon.colcon_core.shell:Creating prefix chain script '/home/e2023/m3eljily/Bureau/robot_mobile/UI/pyqt_ihm_ros2_ws/install/setup.zsh'
