[0.448s] DEBUG:colcon:Command line arguments: ['/usr/bin/colcon', 'build', '--packages-select', 'py_send_camera']
[0.449s] DEBUG:colcon:Parsed command line arguments: Namespace(log_base=None, log_level=None, verb_name='build', build_base='build', install_base='install', merge_install=False, symlink_install=False, test_result_base=None, continue_on_error=False, executor='parallel', parallel_workers=4, event_handlers=None, ignore_user_meta=False, metas=['./colcon.meta'], base_paths=['.'], packages_ignore=None, packages_ignore_regex=None, paths=None, packages_up_to=None, packages_up_to_regex=None, packages_above=None, packages_above_and_dependencies=None, packages_above_depth=None, packages_select_by_dep=None, packages_skip_by_dep=None, packages_skip_up_to=None, packages_select_build_failed=False, packages_skip_build_finished=False, packages_select_test_failures=False, packages_skip_test_passed=False, packages_select=['py_send_camera'], packages_skip=None, packages_select_regex=None, packages_skip_regex=None, packages_start=None, packages_end=None, allow_overriding=[], cmake_args=None, cmake_target=None, cmake_target_skip_unavailable=False, cmake_clean_cache=False, cmake_clean_first=False, cmake_force_configure=False, ament_cmake_args=None, catkin_cmake_args=None, catkin_skip_building_tests=False, verb_parser=<colcon_defaults.argument_parser.defaults.DefaultArgumentsDecorator object at 0xfffface58b50>, verb_extension=<colcon_core.verb.build.BuildVerb object at 0xffffacfad6f0>, main=<bound method BuildVerb.main of <colcon_core.verb.build.BuildVerb object at 0xffffacfad6f0>>)
[1.251s] Level 1:colcon.colcon_core.package_discovery:discover_packages(colcon_meta) check parameters
[1.251s] Level 1:colcon.colcon_core.package_discovery:discover_packages(recursive) check parameters
[1.251s] Level 1:colcon.colcon_core.package_discovery:discover_packages(ignore) check parameters
[1.252s] Level 1:colcon.colcon_core.package_discovery:discover_packages(path) check parameters
[1.252s] Level 1:colcon.colcon_core.package_discovery:discover_packages(colcon_meta) discover
[1.252s] Level 1:colcon.colcon_core.package_discovery:discover_packages(recursive) discover
[1.252s] INFO:colcon.colcon_core.package_discovery:Crawling recursively for packages in '/home/rpi/Desktop/py_send_camera_ws'
[1.253s] Level 1:colcon.colcon_core.package_identification:_identify(.) by extensions ['ignore', 'ignore_ament_install']
[1.253s] Level 1:colcon.colcon_core.package_identification:_identify(.) by extension 'ignore'
[1.253s] Level 1:colcon.colcon_core.package_identification:_identify(.) by extension 'ignore_ament_install'
[1.253s] Level 1:colcon.colcon_core.package_identification:_identify(.) by extensions ['colcon_pkg']
[1.254s] Level 1:colcon.colcon_core.package_identification:_identify(.) by extension 'colcon_pkg'
[1.254s] Level 1:colcon.colcon_core.package_identification:_identify(.) by extensions ['colcon_meta']
[1.254s] Level 1:colcon.colcon_core.package_identification:_identify(.) by extension 'colcon_meta'
[1.254s] Level 1:colcon.colcon_core.package_identification:_identify(.) by extensions ['ros']
[1.254s] Level 1:colcon.colcon_core.package_identification:_identify(.) by extension 'ros'
[1.301s] Level 1:colcon.colcon_core.package_identification:_identify(.) by extensions ['cmake', 'python']
[1.301s] Level 1:colcon.colcon_core.package_identification:_identify(.) by extension 'cmake'
[1.301s] Level 1:colcon.colcon_core.package_identification:_identify(.) by extension 'python'
[1.302s] Level 1:colcon.colcon_core.package_identification:_identify(.) by extensions ['python_setup_py']
[1.302s] Level 1:colcon.colcon_core.package_identification:_identify(.) by extension 'python_setup_py'
[1.302s] Level 1:colcon.colcon_core.package_identification:_identify(build) by extensions ['ignore', 'ignore_ament_install']
[1.303s] Level 1:colcon.colcon_core.package_identification:_identify(build) by extension 'ignore'
[1.303s] Level 1:colcon.colcon_core.package_identification:_identify(build) ignored
[1.303s] Level 1:colcon.colcon_core.package_identification:_identify(install) by extensions ['ignore', 'ignore_ament_install']
[1.304s] Level 1:colcon.colcon_core.package_identification:_identify(install) by extension 'ignore'
[1.304s] Level 1:colcon.colcon_core.package_identification:_identify(install) ignored
[1.305s] Level 1:colcon.colcon_core.package_identification:_identify(log) by extensions ['ignore', 'ignore_ament_install']
[1.305s] Level 1:colcon.colcon_core.package_identification:_identify(log) by extension 'ignore'
[1.305s] Level 1:colcon.colcon_core.package_identification:_identify(log) ignored
[1.306s] Level 1:colcon.colcon_core.package_identification:_identify(src) by extensions ['ignore', 'ignore_ament_install']
[1.306s] Level 1:colcon.colcon_core.package_identification:_identify(src) by extension 'ignore'
[1.306s] Level 1:colcon.colcon_core.package_identification:_identify(src) by extension 'ignore_ament_install'
[1.306s] Level 1:colcon.colcon_core.package_identification:_identify(src) by extensions ['colcon_pkg']
[1.306s] Level 1:colcon.colcon_core.package_identification:_identify(src) by extension 'colcon_pkg'
[1.307s] Level 1:colcon.colcon_core.package_identification:_identify(src) by extensions ['colcon_meta']
[1.307s] Level 1:colcon.colcon_core.package_identification:_identify(src) by extension 'colcon_meta'
[1.307s] Level 1:colcon.colcon_core.package_identification:_identify(src) by extensions ['ros']
[1.307s] Level 1:colcon.colcon_core.package_identification:_identify(src) by extension 'ros'
[1.307s] Level 1:colcon.colcon_core.package_identification:_identify(src) by extensions ['cmake', 'python']
[1.307s] Level 1:colcon.colcon_core.package_identification:_identify(src) by extension 'cmake'
[1.308s] Level 1:colcon.colcon_core.package_identification:_identify(src) by extension 'python'
[1.308s] Level 1:colcon.colcon_core.package_identification:_identify(src) by extensions ['python_setup_py']
[1.308s] Level 1:colcon.colcon_core.package_identification:_identify(src) by extension 'python_setup_py'
[1.309s] Level 1:colcon.colcon_core.package_identification:_identify(src/build) by extensions ['ignore', 'ignore_ament_install']
[1.309s] Level 1:colcon.colcon_core.package_identification:_identify(src/build) by extension 'ignore'
[1.309s] Level 1:colcon.colcon_core.package_identification:_identify(src/build) ignored
[1.310s] Level 1:colcon.colcon_core.package_identification:_identify(src/install) by extensions ['ignore', 'ignore_ament_install']
[1.310s] Level 1:colcon.colcon_core.package_identification:_identify(src/install) by extension 'ignore'
[1.310s] Level 1:colcon.colcon_core.package_identification:_identify(src/install) ignored
[1.310s] Level 1:colcon.colcon_core.package_identification:_identify(src/log) by extensions ['ignore', 'ignore_ament_install']
[1.311s] Level 1:colcon.colcon_core.package_identification:_identify(src/log) by extension 'ignore'
[1.311s] Level 1:colcon.colcon_core.package_identification:_identify(src/log) ignored
[1.311s] Level 1:colcon.colcon_core.package_identification:_identify(src/py_send_camera) by extensions ['ignore', 'ignore_ament_install']
[1.312s] Level 1:colcon.colcon_core.package_identification:_identify(src/py_send_camera) by extension 'ignore'
[1.312s] Level 1:colcon.colcon_core.package_identification:_identify(src/py_send_camera) by extension 'ignore_ament_install'
[1.312s] Level 1:colcon.colcon_core.package_identification:_identify(src/py_send_camera) by extensions ['colcon_pkg']
[1.312s] Level 1:colcon.colcon_core.package_identification:_identify(src/py_send_camera) by extension 'colcon_pkg'
[1.312s] Level 1:colcon.colcon_core.package_identification:_identify(src/py_send_camera) by extensions ['colcon_meta']
[1.312s] Level 1:colcon.colcon_core.package_identification:_identify(src/py_send_camera) by extension 'colcon_meta'
[1.313s] Level 1:colcon.colcon_core.package_identification:_identify(src/py_send_camera) by extensions ['ros']
[1.313s] Level 1:colcon.colcon_core.package_identification:_identify(src/py_send_camera) by extension 'ros'
[1.322s] DEBUG:colcon.colcon_core.package_identification:Package 'src/py_send_camera' with type 'ros.ament_python' and name 'py_send_camera'
[1.322s] Level 1:colcon.colcon_core.package_discovery:discover_packages(recursive) using defaults
[1.322s] Level 1:colcon.colcon_core.package_discovery:discover_packages(ignore) discover
[1.322s] Level 1:colcon.colcon_core.package_discovery:discover_packages(ignore) using defaults
[1.322s] Level 1:colcon.colcon_core.package_discovery:discover_packages(path) discover
[1.322s] Level 1:colcon.colcon_core.package_discovery:discover_packages(path) using defaults
[1.397s] Level 1:colcon.colcon_core.package_discovery:discover_packages(prefix_path) check parameters
[1.398s] Level 1:colcon.colcon_core.package_discovery:discover_packages(prefix_path) discover
[1.405s] DEBUG:colcon.colcon_installed_package_information.package_discovery:Found 1 installed packages in /home/rpi/Desktop/py_send_camera_ws/install
[1.408s] DEBUG:colcon.colcon_installed_package_information.package_discovery:Found 0 installed packages in /home/rpi/Desktop/py_send_camera_ws/src/py_send_camera/py_send_camera/install
[1.416s] DEBUG:colcon.colcon_installed_package_information.package_discovery:Found 270 installed packages in /opt/ros/humble
[1.465s] Level 1:colcon.colcon_core.package_discovery:discover_packages(prefix_path) using defaults
[1.630s] Level 5:colcon.colcon_core.verb:set package 'py_send_camera' build argument 'cmake_args' from command line to 'None'
[1.630s] Level 5:colcon.colcon_core.verb:set package 'py_send_camera' build argument 'cmake_target' from command line to 'None'
[1.630s] Level 5:colcon.colcon_core.verb:set package 'py_send_camera' build argument 'cmake_target_skip_unavailable' from command line to 'False'
[1.630s] Level 5:colcon.colcon_core.verb:set package 'py_send_camera' build argument 'cmake_clean_cache' from command line to 'False'
[1.630s] Level 5:colcon.colcon_core.verb:set package 'py_send_camera' build argument 'cmake_clean_first' from command line to 'False'
[1.630s] Level 5:colcon.colcon_core.verb:set package 'py_send_camera' build argument 'cmake_force_configure' from command line to 'False'
[1.630s] Level 5:colcon.colcon_core.verb:set package 'py_send_camera' build argument 'ament_cmake_args' from command line to 'None'
[1.630s] Level 5:colcon.colcon_core.verb:set package 'py_send_camera' build argument 'catkin_cmake_args' from command line to 'None'
[1.631s] Level 5:colcon.colcon_core.verb:set package 'py_send_camera' build argument 'catkin_skip_building_tests' from command line to 'False'
[1.631s] DEBUG:colcon.colcon_core.verb:Building package 'py_send_camera' with the following arguments: {'ament_cmake_args': None, 'build_base': '/home/rpi/Desktop/py_send_camera_ws/build/py_send_camera', 'catkin_cmake_args': None, 'catkin_skip_building_tests': False, 'cmake_args': None, 'cmake_clean_cache': False, 'cmake_clean_first': False, 'cmake_force_configure': False, 'cmake_target': None, 'cmake_target_skip_unavailable': False, 'install_base': '/home/rpi/Desktop/py_send_camera_ws/install/py_send_camera', 'merge_install': False, 'path': '/home/rpi/Desktop/py_send_camera_ws/src/py_send_camera', 'symlink_install': False, 'test_result_base': None}
[1.631s] INFO:colcon.colcon_core.executor:Executing jobs using 'parallel' executor
[1.635s] DEBUG:colcon.colcon_parallel_executor.executor.parallel:run_until_complete
[1.636s] INFO:colcon.colcon_ros.task.ament_python.build:Building ROS package in '/home/rpi/Desktop/py_send_camera_ws/src/py_send_camera' with build type 'ament_python'
[1.636s] Level 1:colcon.colcon_core.shell:create_environment_hook('py_send_camera', 'ament_prefix_path')
[1.645s] INFO:colcon.colcon_core.plugin_system:Skipping extension 'colcon_core.shell.bat': Not used on non-Windows systems
[1.645s] INFO:colcon.colcon_core.shell:Creating environment hook '/home/rpi/Desktop/py_send_camera_ws/install/py_send_camera/share/py_send_camera/hook/ament_prefix_path.ps1'
[1.649s] INFO:colcon.colcon_core.shell:Creating environment descriptor '/home/rpi/Desktop/py_send_camera_ws/install/py_send_camera/share/py_send_camera/hook/ament_prefix_path.dsv'
[1.651s] INFO:colcon.colcon_core.shell:Creating environment hook '/home/rpi/Desktop/py_send_camera_ws/install/py_send_camera/share/py_send_camera/hook/ament_prefix_path.sh'
[1.655s] INFO:colcon.colcon_core.shell:Skip shell extension 'powershell' for command environment: Not usable outside of PowerShell
[1.656s] DEBUG:colcon.colcon_core.shell:Skip shell extension 'dsv' for command environment
[2.946s] INFO:colcon.colcon_core.task.python.build:Building Python package in '/home/rpi/Desktop/py_send_camera_ws/src/py_send_camera'
[2.947s] INFO:colcon.colcon_core.shell:Skip shell extension 'powershell' for command environment: Not usable outside of PowerShell
[2.947s] DEBUG:colcon.colcon_core.shell:Skip shell extension 'dsv' for command environment
[4.518s] DEBUG:colcon.colcon_core.event_handler.log_command:Invoking command in '/home/rpi/Desktop/py_send_camera_ws/src/py_send_camera': PYTHONPATH=/home/rpi/Desktop/py_send_camera_ws/build/py_send_camera/prefix_override:/home/rpi/Desktop/py_send_camera_ws/install/py_send_camera/lib/python3.10/site-packages:${PYTHONPATH} /usr/bin/python3 -W ignore:setup.py install is deprecated setup.py egg_info --egg-base ../../build/py_send_camera build --build-base /home/rpi/Desktop/py_send_camera_ws/build/py_send_camera/build install --record /home/rpi/Desktop/py_send_camera_ws/build/py_send_camera/install.log --single-version-externally-managed install_data
[5.946s] DEBUG:colcon.colcon_core.event_handler.log_command:Invoked command in '/home/rpi/Desktop/py_send_camera_ws/src/py_send_camera' returned '0': PYTHONPATH=/home/rpi/Desktop/py_send_camera_ws/build/py_send_camera/prefix_override:/home/rpi/Desktop/py_send_camera_ws/install/py_send_camera/lib/python3.10/site-packages:${PYTHONPATH} /usr/bin/python3 -W ignore:setup.py install is deprecated setup.py egg_info --egg-base ../../build/py_send_camera build --build-base /home/rpi/Desktop/py_send_camera_ws/build/py_send_camera/build install --record /home/rpi/Desktop/py_send_camera_ws/build/py_send_camera/install.log --single-version-externally-managed install_data
[5.957s] Level 1:colcon.colcon_core.environment:checking '/home/rpi/Desktop/py_send_camera_ws/install/py_send_camera' for CMake module files
[5.960s] Level 1:colcon.colcon_core.environment:checking '/home/rpi/Desktop/py_send_camera_ws/install/py_send_camera' for CMake config files
[5.965s] Level 1:colcon.colcon_core.environment:checking '/home/rpi/Desktop/py_send_camera_ws/install/py_send_camera/lib'
[5.966s] Level 1:colcon.colcon_core.environment:checking '/home/rpi/Desktop/py_send_camera_ws/install/py_send_camera/bin'
[5.967s] Level 1:colcon.colcon_core.environment:checking '/home/rpi/Desktop/py_send_camera_ws/install/py_send_camera/lib/pkgconfig/py_send_camera.pc'
[5.967s] Level 1:colcon.colcon_core.environment:checking '/home/rpi/Desktop/py_send_camera_ws/install/py_send_camera/lib/python3.10/site-packages'
[5.968s] Level 1:colcon.colcon_core.shell:create_environment_hook('py_send_camera', 'pythonpath')
[5.969s] INFO:colcon.colcon_core.shell:Creating environment hook '/home/rpi/Desktop/py_send_camera_ws/install/py_send_camera/share/py_send_camera/hook/pythonpath.ps1'
[5.970s] INFO:colcon.colcon_core.shell:Creating environment descriptor '/home/rpi/Desktop/py_send_camera_ws/install/py_send_camera/share/py_send_camera/hook/pythonpath.dsv'
[5.972s] INFO:colcon.colcon_core.shell:Creating environment hook '/home/rpi/Desktop/py_send_camera_ws/install/py_send_camera/share/py_send_camera/hook/pythonpath.sh'
[5.975s] Level 1:colcon.colcon_core.environment:checking '/home/rpi/Desktop/py_send_camera_ws/install/py_send_camera/bin'
[5.975s] Level 1:colcon.colcon_core.environment:create_environment_scripts_only(py_send_camera)
[5.976s] INFO:colcon.colcon_core.shell:Creating package script '/home/rpi/Desktop/py_send_camera_ws/install/py_send_camera/share/py_send_camera/package.ps1'
[5.980s] INFO:colcon.colcon_core.shell:Creating package descriptor '/home/rpi/Desktop/py_send_camera_ws/install/py_send_camera/share/py_send_camera/package.dsv'
[5.983s] INFO:colcon.colcon_core.shell:Creating package script '/home/rpi/Desktop/py_send_camera_ws/install/py_send_camera/share/py_send_camera/package.sh'
[5.986s] INFO:colcon.colcon_core.shell:Creating package script '/home/rpi/Desktop/py_send_camera_ws/install/py_send_camera/share/py_send_camera/package.bash'
[5.989s] INFO:colcon.colcon_core.shell:Creating package script '/home/rpi/Desktop/py_send_camera_ws/install/py_send_camera/share/py_send_camera/package.zsh'
[5.994s] Level 1:colcon.colcon_core.environment:create_file_with_runtime_dependencies(/home/rpi/Desktop/py_send_camera_ws/install/py_send_camera/share/colcon-core/packages/py_send_camera)
[5.996s] DEBUG:colcon.colcon_parallel_executor.executor.parallel:closing loop
[5.997s] DEBUG:colcon.colcon_parallel_executor.executor.parallel:loop closed
[5.997s] DEBUG:colcon.colcon_parallel_executor.executor.parallel:run_until_complete finished with '0'
[5.998s] DEBUG:colcon.colcon_core.event_reactor:joining thread
[6.022s] INFO:colcon.colcon_core.plugin_system:Skipping extension 'colcon_notification.desktop_notification.terminal_notifier': Not used on non-Darwin systems
[6.022s] INFO:colcon.colcon_core.plugin_system:Skipping extension 'colcon_notification.desktop_notification.win32': Not used on non-Windows systems
[6.023s] INFO:colcon.colcon_notification.desktop_notification:Sending desktop notification using 'notify2'
[6.083s] DEBUG:colcon.colcon_core.event_reactor:joined thread
[6.085s] INFO:colcon.colcon_core.shell:Creating prefix script '/home/rpi/Desktop/py_send_camera_ws/install/local_setup.ps1'
[6.090s] INFO:colcon.colcon_core.shell:Creating prefix util module '/home/rpi/Desktop/py_send_camera_ws/install/_local_setup_util_ps1.py'
[6.097s] INFO:colcon.colcon_core.shell:Creating prefix chain script '/home/rpi/Desktop/py_send_camera_ws/install/setup.ps1'
[6.108s] INFO:colcon.colcon_core.shell:Creating prefix script '/home/rpi/Desktop/py_send_camera_ws/install/local_setup.sh'
[6.115s] INFO:colcon.colcon_core.shell:Creating prefix util module '/home/rpi/Desktop/py_send_camera_ws/install/_local_setup_util_sh.py'
[6.126s] INFO:colcon.colcon_core.shell:Creating prefix chain script '/home/rpi/Desktop/py_send_camera_ws/install/setup.sh'
[6.135s] INFO:colcon.colcon_core.shell:Creating prefix script '/home/rpi/Desktop/py_send_camera_ws/install/local_setup.bash'
[6.139s] INFO:colcon.colcon_core.shell:Creating prefix chain script '/home/rpi/Desktop/py_send_camera_ws/install/setup.bash'
[6.147s] INFO:colcon.colcon_core.shell:Creating prefix script '/home/rpi/Desktop/py_send_camera_ws/install/local_setup.zsh'
[6.151s] INFO:colcon.colcon_core.shell:Creating prefix chain script '/home/rpi/Desktop/py_send_camera_ws/install/setup.zsh'
