[3.735s] Invoking command in '/home/rpi/Downloads/py_send_camera_ws/src/py_send_camera': PYTHONPATH=/home/rpi/Downloads/py_send_camera_ws/src/build/py_send_camera/prefix_override:/home/rpi/Downloads/py_send_camera_ws/src/install/py_send_camera/lib/python3.10/site-packages:${PYTHONPATH} /usr/bin/python3 -W ignore:setup.py install is deprecated setup.py egg_info --egg-base ../build/py_send_camera build --build-base /home/rpi/Downloads/py_send_camera_ws/src/build/py_send_camera/build install --record /home/rpi/Downloads/py_send_camera_ws/src/build/py_send_camera/install.log --single-version-externally-managed install_data
[4.849s] running egg_info
[4.852s] writing ../build/py_send_camera/py_send_camera.egg-info/PKG-INFO
[4.853s] writing dependency_links to ../build/py_send_camera/py_send_camera.egg-info/dependency_links.txt
[4.854s] writing entry points to ../build/py_send_camera/py_send_camera.egg-info/entry_points.txt
[4.855s] writing requirements to ../build/py_send_camera/py_send_camera.egg-info/requires.txt
[4.855s] writing top-level names to ../build/py_send_camera/py_send_camera.egg-info/top_level.txt
[4.864s] reading manifest file '../build/py_send_camera/py_send_camera.egg-info/SOURCES.txt'
[4.868s] writing manifest file '../build/py_send_camera/py_send_camera.egg-info/SOURCES.txt'
[4.868s] running build
[4.869s] running build_py
[4.869s] copying py_send_camera/send_camera.py -> /home/rpi/Downloads/py_send_camera_ws/src/build/py_send_camera/build/lib/py_send_camera
[4.871s] running install
[4.872s] running install_lib
[4.876s] copying /home/rpi/Downloads/py_send_camera_ws/src/build/py_send_camera/build/lib/py_send_camera/send_camera.py -> /home/rpi/Downloads/py_send_camera_ws/src/install/py_send_camera/lib/python3.10/site-packages/py_send_camera
[4.879s] byte-compiling /home/rpi/Downloads/py_send_camera_ws/src/install/py_send_camera/lib/python3.10/site-packages/py_send_camera/send_camera.py to send_camera.cpython-310.pyc
[4.884s] running install_data
[4.884s] running install_egg_info
[4.892s] removing '/home/rpi/Downloads/py_send_camera_ws/src/install/py_send_camera/lib/python3.10/site-packages/py_send_camera-0.0.0-py3.10.egg-info' (and everything under it)
[4.894s] Copying ../build/py_send_camera/py_send_camera.egg-info to /home/rpi/Downloads/py_send_camera_ws/src/install/py_send_camera/lib/python3.10/site-packages/py_send_camera-0.0.0-py3.10.egg-info
[4.900s] running install_scripts
[5.002s] Installing send_camera script to /home/rpi/Downloads/py_send_camera_ws/src/install/py_send_camera/lib/py_send_camera
[5.005s] writing list of installed files to '/home/rpi/Downloads/py_send_camera_ws/src/build/py_send_camera/install.log'
[5.195s] Invoked command in '/home/rpi/Downloads/py_send_camera_ws/src/py_send_camera' returned '0': PYTHONPATH=/home/rpi/Downloads/py_send_camera_ws/src/build/py_send_camera/prefix_override:/home/rpi/Downloads/py_send_camera_ws/src/install/py_send_camera/lib/python3.10/site-packages:${PYTHONPATH} /usr/bin/python3 -W ignore:setup.py install is deprecated setup.py egg_info --egg-base ../build/py_send_camera build --build-base /home/rpi/Downloads/py_send_camera_ws/src/build/py_send_camera/build install --record /home/rpi/Downloads/py_send_camera_ws/src/build/py_send_camera/install.log --single-version-externally-managed install_data
