[5.397s] DEBUG:colcon:Command line arguments: ['/home/TP/tools/miniconda3/envs/E021_3_6/bin/colcon', 'build', '--packages-select', 'py_ihm']
[5.397s] DEBUG:colcon:Parsed command line arguments: Namespace(ament_cmake_args=None, base_paths=['.'], build_base='build', catkin_cmake_args=None, catkin_skip_building_tests=False, cmake_args=None, cmake_clean_cache=False, cmake_clean_first=False, cmake_force_configure=False, cmake_target=None, cmake_target_skip_unavailable=False, continue_on_error=False, event_handlers=None, executor='parallel', ignore_user_meta=False, install_base='install', log_base=None, log_level=None, main=<bound method BuildVerb.main of <colcon_core.verb.build.BuildVerb object at 0x7f3899072828>>, merge_install=False, metas=['./colcon.meta'], packages_above=None, packages_above_and_dependencies=None, packages_above_depth=None, packages_end=None, packages_ignore=None, packages_ignore_regex=None, packages_select=['py_ihm'], packages_select_build_failed=False, packages_select_by_dep=None, packages_select_regex=None, packages_select_test_failures=False, packages_skip=None, packages_skip_build_finished=False, packages_skip_by_dep=None, packages_skip_regex=None, packages_skip_test_passed=False, packages_skip_up_to=None, packages_start=None, packages_up_to=None, packages_up_to_regex=None, parallel_workers=12, paths=None, symlink_install=False, test_result_base=None, verb_extension=<colcon_core.verb.build.BuildVerb object at 0x7f3899072828>, verb_name='build', verb_parser=<colcon_defaults.argument_parser.defaults.DefaultArgumentsDecorator object at 0x7f389907d6d8>)
[5.955s] Level 1:colcon.colcon_core.package_discovery:discover_packages(colcon_meta) check parameters
[5.956s] Level 1:colcon.colcon_core.package_discovery:discover_packages(recursive) check parameters
[5.957s] Level 1:colcon.colcon_core.package_discovery:discover_packages(ignore) check parameters
[5.957s] Level 1:colcon.colcon_core.package_discovery:discover_packages(path) check parameters
[5.958s] Level 1:colcon.colcon_core.package_discovery:discover_packages(colcon_meta) discover
[5.959s] Level 1:colcon.colcon_core.package_discovery:discover_packages(recursive) discover
[5.959s] INFO:colcon.colcon_core.package_discovery:Crawling recursively for packages in '/home/e2023/m3eljily/Bureau/robot_mobile/UI/pyqt_ihm_ros2_ws'
[5.961s] Level 1:colcon.colcon_core.package_identification:_identify(.) by extensions ['ignore', 'ignore_ament_install']
[5.961s] Level 1:colcon.colcon_core.package_identification:_identify(.) by extension 'ignore'
[5.962s] Level 1:colcon.colcon_core.package_identification:_identify(.) by extension 'ignore_ament_install'
[5.963s] Level 1:colcon.colcon_core.package_identification:_identify(.) by extensions ['colcon_pkg']
[5.964s] Level 1:colcon.colcon_core.package_identification:_identify(.) by extension 'colcon_pkg'
[5.964s] Level 1:colcon.colcon_core.package_identification:_identify(.) by extensions ['colcon_meta']
[5.965s] Level 1:colcon.colcon_core.package_identification:_identify(.) by extension 'colcon_meta'
[5.965s] Level 1:colcon.colcon_core.package_identification:_identify(.) by extensions ['ros']
[5.966s] Level 1:colcon.colcon_core.package_identification:_identify(.) by extension 'ros'
[6.242s] Level 1:colcon.colcon_core.package_identification:_identify(.) by extensions ['cmake', 'python']
[6.242s] Level 1:colcon.colcon_core.package_identification:_identify(.) by extension 'cmake'
[6.242s] Level 1:colcon.colcon_core.package_identification:_identify(.) by extension 'python'
[6.243s] Level 1:colcon.colcon_core.package_identification:_identify(.) by extensions ['python_setup_py']
[6.244s] Level 1:colcon.colcon_core.package_identification:_identify(.) by extension 'python_setup_py'
[6.246s] Level 1:colcon.colcon_core.package_identification:_identify(build) by extensions ['ignore', 'ignore_ament_install']
[6.246s] Level 1:colcon.colcon_core.package_identification:_identify(build) by extension 'ignore'
[6.248s] Level 1:colcon.colcon_core.package_identification:_identify(build) ignored
[6.249s] Level 1:colcon.colcon_core.package_identification:_identify(install) by extensions ['ignore', 'ignore_ament_install']
[6.250s] Level 1:colcon.colcon_core.package_identification:_identify(install) by extension 'ignore'
[6.251s] Level 1:colcon.colcon_core.package_identification:_identify(install) ignored
[6.254s] Level 1:colcon.colcon_core.package_identification:_identify(log) by extensions ['ignore', 'ignore_ament_install']
[6.254s] Level 1:colcon.colcon_core.package_identification:_identify(log) by extension 'ignore'
[6.255s] Level 1:colcon.colcon_core.package_identification:_identify(log) ignored
[6.256s] Level 1:colcon.colcon_core.package_identification:_identify(src) by extensions ['ignore', 'ignore_ament_install']
[6.257s] Level 1:colcon.colcon_core.package_identification:_identify(src) by extension 'ignore'
[6.258s] Level 1:colcon.colcon_core.package_identification:_identify(src) by extension 'ignore_ament_install'
[6.259s] Level 1:colcon.colcon_core.package_identification:_identify(src) by extensions ['colcon_pkg']
[6.259s] Level 1:colcon.colcon_core.package_identification:_identify(src) by extension 'colcon_pkg'
[6.260s] Level 1:colcon.colcon_core.package_identification:_identify(src) by extensions ['colcon_meta']
[6.260s] Level 1:colcon.colcon_core.package_identification:_identify(src) by extension 'colcon_meta'
[6.261s] Level 1:colcon.colcon_core.package_identification:_identify(src) by extensions ['ros']
[6.261s] Level 1:colcon.colcon_core.package_identification:_identify(src) by extension 'ros'
[6.262s] Level 1:colcon.colcon_core.package_identification:_identify(src) by extensions ['cmake', 'python']
[6.262s] Level 1:colcon.colcon_core.package_identification:_identify(src) by extension 'cmake'
[6.263s] Level 1:colcon.colcon_core.package_identification:_identify(src) by extension 'python'
[6.263s] Level 1:colcon.colcon_core.package_identification:_identify(src) by extensions ['python_setup_py']
[6.264s] Level 1:colcon.colcon_core.package_identification:_identify(src) by extension 'python_setup_py'
[6.265s] Level 1:colcon.colcon_core.package_identification:_identify(src/py_ihm) by extensions ['ignore', 'ignore_ament_install']
[6.266s] Level 1:colcon.colcon_core.package_identification:_identify(src/py_ihm) by extension 'ignore'
[6.267s] Level 1:colcon.colcon_core.package_identification:_identify(src/py_ihm) by extension 'ignore_ament_install'
[6.268s] Level 1:colcon.colcon_core.package_identification:_identify(src/py_ihm) by extensions ['colcon_pkg']
[6.269s] Level 1:colcon.colcon_core.package_identification:_identify(src/py_ihm) by extension 'colcon_pkg'
[6.269s] Level 1:colcon.colcon_core.package_identification:_identify(src/py_ihm) by extensions ['colcon_meta']
[6.270s] Level 1:colcon.colcon_core.package_identification:_identify(src/py_ihm) by extension 'colcon_meta'
[6.270s] Level 1:colcon.colcon_core.package_identification:_identify(src/py_ihm) by extensions ['ros']
[6.271s] Level 1:colcon.colcon_core.package_identification:_identify(src/py_ihm) by extension 'ros'
[6.293s] DEBUG:colcon.colcon_core.package_identification:Package 'src/py_ihm' with type 'ros.ament_python' and name 'py_ihm'
[6.293s] Level 1:colcon.colcon_core.package_discovery:discover_packages(recursive) using defaults
[6.295s] Level 1:colcon.colcon_core.package_discovery:discover_packages(ignore) discover
[6.295s] Level 1:colcon.colcon_core.package_discovery:discover_packages(ignore) using defaults
[6.296s] Level 1:colcon.colcon_core.package_discovery:discover_packages(path) discover
[6.296s] Level 1:colcon.colcon_core.package_discovery:discover_packages(path) using defaults
[6.702s] Level 5:colcon.colcon_core.verb:set package 'py_ihm' build argument 'cmake_args' from command line to 'None'
[6.702s] Level 5:colcon.colcon_core.verb:set package 'py_ihm' build argument 'cmake_target' from command line to 'None'
[6.703s] Level 5:colcon.colcon_core.verb:set package 'py_ihm' build argument 'cmake_target_skip_unavailable' from command line to 'False'
[6.704s] Level 5:colcon.colcon_core.verb:set package 'py_ihm' build argument 'cmake_clean_cache' from command line to 'False'
[6.704s] Level 5:colcon.colcon_core.verb:set package 'py_ihm' build argument 'cmake_clean_first' from command line to 'False'
[6.705s] Level 5:colcon.colcon_core.verb:set package 'py_ihm' build argument 'cmake_force_configure' from command line to 'False'
[6.705s] Level 5:colcon.colcon_core.verb:set package 'py_ihm' build argument 'ament_cmake_args' from command line to 'None'
[6.706s] Level 5:colcon.colcon_core.verb:set package 'py_ihm' build argument 'catkin_cmake_args' from command line to 'None'
[6.706s] Level 5:colcon.colcon_core.verb:set package 'py_ihm' build argument 'catkin_skip_building_tests' from command line to 'False'
[6.707s] DEBUG:colcon.colcon_core.verb:Building package 'py_ihm' with the following arguments: {'ament_cmake_args': None, 'build_base': '/home/e2023/m3eljily/Bureau/robot_mobile/UI/pyqt_ihm_ros2_ws/build/py_ihm', 'catkin_cmake_args': None, 'catkin_skip_building_tests': False, 'cmake_args': None, 'cmake_clean_cache': False, 'cmake_clean_first': False, 'cmake_force_configure': False, 'cmake_target': None, 'cmake_target_skip_unavailable': False, 'install_base': '/home/e2023/m3eljily/Bureau/robot_mobile/UI/pyqt_ihm_ros2_ws/install/py_ihm', 'merge_install': False, 'path': '/home/e2023/m3eljily/Bureau/robot_mobile/UI/pyqt_ihm_ros2_ws/src/py_ihm', 'symlink_install': False, 'test_result_base': None}
[6.748s] INFO:colcon.colcon_core.executor:Executing jobs using 'parallel' executor
[6.794s] DEBUG:colcon.colcon_parallel_executor.executor.parallel:run_until_complete
[6.794s] INFO:colcon.colcon_ros.task.ament_python.build:Building ROS package in '/home/e2023/m3eljily/Bureau/robot_mobile/UI/pyqt_ihm_ros2_ws/src/py_ihm' with build type 'ament_python'
[6.795s] Level 1:colcon.colcon_core.shell:create_environment_hook('py_ihm', 'ament_prefix_path')
[6.931s] INFO:colcon.colcon_core.plugin_system:Skipping extension 'colcon_core.shell.bat': Not used on non-Windows systems
[6.932s] INFO:colcon.colcon_core.shell:Creating environment hook '/home/e2023/m3eljily/Bureau/robot_mobile/UI/pyqt_ihm_ros2_ws/install/py_ihm/share/py_ihm/hook/ament_prefix_path.ps1'
[6.953s] INFO:colcon.colcon_core.shell:Creating environment descriptor '/home/e2023/m3eljily/Bureau/robot_mobile/UI/pyqt_ihm_ros2_ws/install/py_ihm/share/py_ihm/hook/ament_prefix_path.dsv'
[6.966s] INFO:colcon.colcon_core.shell:Creating environment hook '/home/e2023/m3eljily/Bureau/robot_mobile/UI/pyqt_ihm_ros2_ws/install/py_ihm/share/py_ihm/hook/ament_prefix_path.sh'
[7.024s] INFO:colcon.colcon_core.shell:Skip shell extension 'powershell' for command environment: Not usable outside of PowerShell
[7.024s] DEBUG:colcon.colcon_core.shell:Skip shell extension 'dsv' for command environment
[8.478s] INFO:colcon.colcon_core.task.python.build:Building Python package in '/home/e2023/m3eljily/Bureau/robot_mobile/UI/pyqt_ihm_ros2_ws/src/py_ihm'
[8.527s] INFO:colcon.colcon_core.shell:Skip shell extension 'powershell' for command environment: Not usable outside of PowerShell
[8.527s] DEBUG:colcon.colcon_core.shell:Skip shell extension 'dsv' for command environment
[10.384s] DEBUG:colcon.colcon_core.event_handler.log_command:Invoking command in '/home/e2023/m3eljily/Bureau/robot_mobile/UI/pyqt_ihm_ros2_ws/src/py_ihm': DEBUGINFOD_URLS=https://debuginfod.centos.org/ LESSOPEN=${LESSOPEN}
BASH_FUNC_which%%=() {  ( alias;
 eval ${which_declare} ) | /usr/bin/which --tty-only --read-alias --read-functions --show-tilde --show-dot $@
}
BASH_FUNC_module%%=() {  _module_raw "$@" 2>&1
}
BASH_FUNC__module_raw%%=() {  unset _mlshdbg;
 if [ "${MODULES_SILENT_SHELL_DEBUG:-0}" = '1' ]; then
 case "$-" in
 *v*x*)
 set +vx;
 _mlshdbg='vx'
 ;;
 *v*)
 set +v;
 _mlshdbg='v'
 ;;
 *x*)
 set +x;
 _mlshdbg='x'
 ;;
 *)
 _mlshdbg=''
 ;;
 esac;
 fi;
 unset _mlre _mlIFS;
 if [ -n "${IFS+x}" ]; then
 _mlIFS=$IFS;
 fi;
 IFS=' ';
 for _mlv in ${MODULES_RUN_QUARANTINE:-};
 do
 if [ "${_mlv}" = "${_mlv##*[!A-Za-z0-9_]}" -a "${_mlv}" = "${_mlv#[0-9]}" ]; then
 if [ -n "`eval 'echo ${'$_mlv'+x}'`" ]; then
 _mlre="${_mlre:-}${_mlv}_modquar='`eval 'echo ${'$_mlv'}'`' ";
 fi;
 _mlrv="MODULES_RUNENV_${_mlv}";
 _mlre="${_mlre:-}${_mlv}='`eval 'echo ${'$_mlrv':-}'`' ";
 fi;
 done;
 if [ -n "${_mlre:-}" ]; then
 eval `eval ${_mlre} /usr/bin/tclsh /usr/share/Modules/libexec/modulecmd.tcl bash '"$@"'`;
 else
 eval `/usr/bin/tclsh /usr/share/Modules/libexec/modulecmd.tcl bash "$@"`;
 fi;
 _mlstatus=$?;
 if [ -n "${_mlIFS+x}" ]; then
 IFS=$_mlIFS;
 else
 unset IFS;
 fi;
 unset _mlre _mlv _mlrv _mlIFS;
 if [ -n "${_mlshdbg:-}" ]; then
 set -$_mlshdbg;
 fi;
 unset _mlshdbg;
 return $_mlstatus
}
BASH_FUNC_switchml%%=() {  typeset swfound=1;
 if [ "${MODULES_USE_COMPAT_VERSION:-0}" = '1' ]; then
 typeset swname='main';
 if [ -e /usr/share/Modules/libexec/modulecmd.tcl ]; then
 typeset swfound=0;
 unset MODULES_USE_COMPAT_VERSION;
 fi;
 else
 typeset swname='compatibility';
 if [ -e /usr/share/Modules/libexec/modulecmd-compat ]; then
 typeset swfound=0;
 MODULES_USE_COMPAT_VERSION=1;
 export MODULES_USE_COMPAT_VERSION;
 fi;
 fi;
 if [ $swfound -eq 0 ]; then
 echo "Switching to Modules $swname version";
 source /usr/share/Modules/init/bash;
 else
 echo "Cannot switch to Modules $swname version, command not found";
 return 1;
 fi
}
BASH_FUNC_scl%%=() {  if [ "$1" = "load" -o "$1" = "unload" ]; then
 eval "module $@";
 else
 /usr/bin/scl "$@";
 fi
}
BASH_FUNC_ml%%=() {  module ml "$@"
} PYTHONPATH=/home/e2023/m3eljily/Bureau/robot_mobile/UI/pyqt_ihm_ros2_ws/build/py_ihm/prefix_override:/home/e2023/m3eljily/Bureau/robot_mobile/UI/pyqt_ihm_ros2_ws/install/py_ihm/lib/python3.6/site-packages:${PYTHONPATH} SHLVL=3 _=/usr/bin/env /home/TP/tools/miniconda3/envs/E021_3_6/bin/python3.6 setup.py egg_info --egg-base ../../build/py_ihm build --build-base /home/e2023/m3eljily/Bureau/robot_mobile/UI/pyqt_ihm_ros2_ws/build/py_ihm/build install --record /home/e2023/m3eljily/Bureau/robot_mobile/UI/pyqt_ihm_ros2_ws/build/py_ihm/install.log --single-version-externally-managed
[11.609s] DEBUG:colcon.colcon_core.event_handler.log_command:Invoked command in '/home/e2023/m3eljily/Bureau/robot_mobile/UI/pyqt_ihm_ros2_ws/src/py_ihm' returned '0': DEBUGINFOD_URLS=https://debuginfod.centos.org/ LESSOPEN=${LESSOPEN}
BASH_FUNC_which%%=() {  ( alias;
 eval ${which_declare} ) | /usr/bin/which --tty-only --read-alias --read-functions --show-tilde --show-dot $@
}
BASH_FUNC_module%%=() {  _module_raw "$@" 2>&1
}
BASH_FUNC__module_raw%%=() {  unset _mlshdbg;
 if [ "${MODULES_SILENT_SHELL_DEBUG:-0}" = '1' ]; then
 case "$-" in
 *v*x*)
 set +vx;
 _mlshdbg='vx'
 ;;
 *v*)
 set +v;
 _mlshdbg='v'
 ;;
 *x*)
 set +x;
 _mlshdbg='x'
 ;;
 *)
 _mlshdbg=''
 ;;
 esac;
 fi;
 unset _mlre _mlIFS;
 if [ -n "${IFS+x}" ]; then
 _mlIFS=$IFS;
 fi;
 IFS=' ';
 for _mlv in ${MODULES_RUN_QUARANTINE:-};
 do
 if [ "${_mlv}" = "${_mlv##*[!A-Za-z0-9_]}" -a "${_mlv}" = "${_mlv#[0-9]}" ]; then
 if [ -n "`eval 'echo ${'$_mlv'+x}'`" ]; then
 _mlre="${_mlre:-}${_mlv}_modquar='`eval 'echo ${'$_mlv'}'`' ";
 fi;
 _mlrv="MODULES_RUNENV_${_mlv}";
 _mlre="${_mlre:-}${_mlv}='`eval 'echo ${'$_mlrv':-}'`' ";
 fi;
 done;
 if [ -n "${_mlre:-}" ]; then
 eval `eval ${_mlre} /usr/bin/tclsh /usr/share/Modules/libexec/modulecmd.tcl bash '"$@"'`;
 else
 eval `/usr/bin/tclsh /usr/share/Modules/libexec/modulecmd.tcl bash "$@"`;
 fi;
 _mlstatus=$?;
 if [ -n "${_mlIFS+x}" ]; then
 IFS=$_mlIFS;
 else
 unset IFS;
 fi;
 unset _mlre _mlv _mlrv _mlIFS;
 if [ -n "${_mlshdbg:-}" ]; then
 set -$_mlshdbg;
 fi;
 unset _mlshdbg;
 return $_mlstatus
}
BASH_FUNC_switchml%%=() {  typeset swfound=1;
 if [ "${MODULES_USE_COMPAT_VERSION:-0}" = '1' ]; then
 typeset swname='main';
 if [ -e /usr/share/Modules/libexec/modulecmd.tcl ]; then
 typeset swfound=0;
 unset MODULES_USE_COMPAT_VERSION;
 fi;
 else
 typeset swname='compatibility';
 if [ -e /usr/share/Modules/libexec/modulecmd-compat ]; then
 typeset swfound=0;
 MODULES_USE_COMPAT_VERSION=1;
 export MODULES_USE_COMPAT_VERSION;
 fi;
 fi;
 if [ $swfound -eq 0 ]; then
 echo "Switching to Modules $swname version";
 source /usr/share/Modules/init/bash;
 else
 echo "Cannot switch to Modules $swname version, command not found";
 return 1;
 fi
}
BASH_FUNC_scl%%=() {  if [ "$1" = "load" -o "$1" = "unload" ]; then
 eval "module $@";
 else
 /usr/bin/scl "$@";
 fi
}
BASH_FUNC_ml%%=() {  module ml "$@"
} PYTHONPATH=/home/e2023/m3eljily/Bureau/robot_mobile/UI/pyqt_ihm_ros2_ws/build/py_ihm/prefix_override:/home/e2023/m3eljily/Bureau/robot_mobile/UI/pyqt_ihm_ros2_ws/install/py_ihm/lib/python3.6/site-packages:${PYTHONPATH} SHLVL=3 _=/usr/bin/env /home/TP/tools/miniconda3/envs/E021_3_6/bin/python3.6 setup.py egg_info --egg-base ../../build/py_ihm build --build-base /home/e2023/m3eljily/Bureau/robot_mobile/UI/pyqt_ihm_ros2_ws/build/py_ihm/build install --record /home/e2023/m3eljily/Bureau/robot_mobile/UI/pyqt_ihm_ros2_ws/build/py_ihm/install.log --single-version-externally-managed
[11.711s] Level 1:colcon.colcon_core.environment:checking '/home/e2023/m3eljily/Bureau/robot_mobile/UI/pyqt_ihm_ros2_ws/install/py_ihm' for CMake module files
[11.716s] Level 1:colcon.colcon_core.environment:checking '/home/e2023/m3eljily/Bureau/robot_mobile/UI/pyqt_ihm_ros2_ws/install/py_ihm' for CMake config files
[11.734s] Level 1:colcon.colcon_core.environment:checking '/home/e2023/m3eljily/Bureau/robot_mobile/UI/pyqt_ihm_ros2_ws/install/py_ihm/lib'
[11.735s] Level 1:colcon.colcon_core.environment:checking '/home/e2023/m3eljily/Bureau/robot_mobile/UI/pyqt_ihm_ros2_ws/install/py_ihm/bin'
[11.735s] Level 1:colcon.colcon_core.environment:checking '/home/e2023/m3eljily/Bureau/robot_mobile/UI/pyqt_ihm_ros2_ws/install/py_ihm/lib/pkgconfig/py_ihm.pc'
[11.736s] Level 1:colcon.colcon_core.environment:checking '/home/e2023/m3eljily/Bureau/robot_mobile/UI/pyqt_ihm_ros2_ws/install/py_ihm/lib/python3.6/site-packages'
[11.736s] Level 1:colcon.colcon_core.shell:create_environment_hook('py_ihm', 'pythonpath')
[11.785s] INFO:colcon.colcon_core.shell:Creating environment hook '/home/e2023/m3eljily/Bureau/robot_mobile/UI/pyqt_ihm_ros2_ws/install/py_ihm/share/py_ihm/hook/pythonpath.ps1'
[11.791s] INFO:colcon.colcon_core.shell:Creating environment descriptor '/home/e2023/m3eljily/Bureau/robot_mobile/UI/pyqt_ihm_ros2_ws/install/py_ihm/share/py_ihm/hook/pythonpath.dsv'
[11.795s] INFO:colcon.colcon_core.shell:Creating environment hook '/home/e2023/m3eljily/Bureau/robot_mobile/UI/pyqt_ihm_ros2_ws/install/py_ihm/share/py_ihm/hook/pythonpath.sh'
[11.800s] Level 1:colcon.colcon_core.environment:checking '/home/e2023/m3eljily/Bureau/robot_mobile/UI/pyqt_ihm_ros2_ws/install/py_ihm/bin'
[11.801s] Level 1:colcon.colcon_core.environment:create_environment_scripts_only(py_ihm)
[11.849s] INFO:colcon.colcon_core.shell:Creating package script '/home/e2023/m3eljily/Bureau/robot_mobile/UI/pyqt_ihm_ros2_ws/install/py_ihm/share/py_ihm/package.ps1'
[11.866s] INFO:colcon.colcon_core.shell:Creating package descriptor '/home/e2023/m3eljily/Bureau/robot_mobile/UI/pyqt_ihm_ros2_ws/install/py_ihm/share/py_ihm/package.dsv'
[11.877s] INFO:colcon.colcon_core.shell:Creating package script '/home/e2023/m3eljily/Bureau/robot_mobile/UI/pyqt_ihm_ros2_ws/install/py_ihm/share/py_ihm/package.sh'
[11.894s] INFO:colcon.colcon_core.shell:Creating package script '/home/e2023/m3eljily/Bureau/robot_mobile/UI/pyqt_ihm_ros2_ws/install/py_ihm/share/py_ihm/package.bash'
[11.908s] INFO:colcon.colcon_core.shell:Creating package script '/home/e2023/m3eljily/Bureau/robot_mobile/UI/pyqt_ihm_ros2_ws/install/py_ihm/share/py_ihm/package.zsh'
[11.920s] Level 1:colcon.colcon_core.environment:create_file_with_runtime_dependencies(/home/e2023/m3eljily/Bureau/robot_mobile/UI/pyqt_ihm_ros2_ws/install/py_ihm/share/colcon-core/packages/py_ihm)
[11.925s] DEBUG:colcon.colcon_parallel_executor.executor.parallel:closing loop
[11.926s] DEBUG:colcon.colcon_parallel_executor.executor.parallel:loop closed
[11.927s] DEBUG:colcon.colcon_parallel_executor.executor.parallel:run_until_complete finished with '0'
[11.927s] DEBUG:colcon.colcon_core.event_reactor:joining thread
[11.996s] INFO:colcon.colcon_core.plugin_system:Skipping extension 'colcon_notification.desktop_notification.notify2': 'notify2' not found
[11.999s] INFO:colcon.colcon_core.plugin_system:Skipping extension 'colcon_notification.desktop_notification.terminal_notifier': Not used on non-Darwin systems
[11.999s] INFO:colcon.colcon_core.plugin_system:Skipping extension 'colcon_notification.desktop_notification.win32': Not used on non-Windows systems
[12.001s] INFO:colcon.colcon_notification.desktop_notification:Sending desktop notification using 'notify_send'
[12.049s] DEBUG:colcon.colcon_core.event_reactor:joined thread
[12.100s] INFO:colcon.colcon_core.shell:Creating prefix script '/home/e2023/m3eljily/Bureau/robot_mobile/UI/pyqt_ihm_ros2_ws/install/local_setup.ps1'
[12.111s] INFO:colcon.colcon_core.shell:Creating prefix util module '/home/e2023/m3eljily/Bureau/robot_mobile/UI/pyqt_ihm_ros2_ws/install/_local_setup_util_ps1.py'
[12.127s] INFO:colcon.colcon_core.shell:Creating prefix chain script '/home/e2023/m3eljily/Bureau/robot_mobile/UI/pyqt_ihm_ros2_ws/install/setup.ps1'
[12.200s] INFO:colcon.colcon_core.shell:Creating prefix script '/home/e2023/m3eljily/Bureau/robot_mobile/UI/pyqt_ihm_ros2_ws/install/local_setup.sh'
[12.217s] INFO:colcon.colcon_core.shell:Creating prefix util module '/home/e2023/m3eljily/Bureau/robot_mobile/UI/pyqt_ihm_ros2_ws/install/_local_setup_util_sh.py'
[12.225s] INFO:colcon.colcon_core.shell:Creating prefix chain script '/home/e2023/m3eljily/Bureau/robot_mobile/UI/pyqt_ihm_ros2_ws/install/setup.sh'
[12.284s] INFO:colcon.colcon_core.shell:Creating prefix script '/home/e2023/m3eljily/Bureau/robot_mobile/UI/pyqt_ihm_ros2_ws/install/local_setup.bash'
[12.292s] INFO:colcon.colcon_core.shell:Creating prefix chain script '/home/e2023/m3eljily/Bureau/robot_mobile/UI/pyqt_ihm_ros2_ws/install/setup.bash'
[12.352s] INFO:colcon.colcon_core.shell:Creating prefix script '/home/e2023/m3eljily/Bureau/robot_mobile/UI/pyqt_ihm_ros2_ws/install/local_setup.zsh'
[12.361s] INFO:colcon.colcon_core.shell:Creating prefix chain script '/home/e2023/m3eljily/Bureau/robot_mobile/UI/pyqt_ihm_ros2_ws/install/setup.zsh'
