[0.698s] DEBUG:colcon:Command line arguments: ['/usr/bin/colcon', 'build', '--packages-select', 'py_send_camera']
[0.699s] DEBUG:colcon:Parsed command line arguments: Namespace(log_base=None, log_level=None, verb_name='build', build_base='build', install_base='install', merge_install=False, symlink_install=False, test_result_base=None, continue_on_error=False, executor='parallel', parallel_workers=4, event_handlers=None, ignore_user_meta=False, metas=['./colcon.meta'], base_paths=['.'], packages_ignore=None, packages_ignore_regex=None, paths=None, packages_up_to=None, packages_up_to_regex=None, packages_above=None, packages_above_and_dependencies=None, packages_above_depth=None, packages_select_by_dep=None, packages_skip_by_dep=None, packages_skip_up_to=None, packages_select_build_failed=False, packages_skip_build_finished=False, packages_select_test_failures=False, packages_skip_test_passed=False, packages_select=['py_send_camera'], packages_skip=None, packages_select_regex=None, packages_skip_regex=None, packages_start=None, packages_end=None, allow_overriding=[], cmake_args=None, cmake_target=None, cmake_target_skip_unavailable=False, cmake_clean_cache=False, cmake_clean_first=False, cmake_force_configure=False, ament_cmake_args=None, catkin_cmake_args=None, catkin_skip_building_tests=False, verb_parser=<colcon_defaults.argument_parser.defaults.DefaultArgumentsDecorator object at 0xffff8638c610>, verb_extension=<colcon_core.verb.build.BuildVerb object at 0xffff864e91e0>, main=<bound method BuildVerb.main of <colcon_core.verb.build.BuildVerb object at 0xffff864e91e0>>)
[1.982s] Level 1:colcon.colcon_core.package_discovery:discover_packages(colcon_meta) check parameters
[1.983s] Level 1:colcon.colcon_core.package_discovery:discover_packages(recursive) check parameters
[1.983s] Level 1:colcon.colcon_core.package_discovery:discover_packages(ignore) check parameters
[1.983s] Level 1:colcon.colcon_core.package_discovery:discover_packages(path) check parameters
[1.984s] Level 1:colcon.colcon_core.package_discovery:discover_packages(colcon_meta) discover
[1.984s] Level 1:colcon.colcon_core.package_discovery:discover_packages(recursive) discover
[1.984s] INFO:colcon.colcon_core.package_discovery:Crawling recursively for packages in '/home/rpi/Desktop/py_send_camera_ws'
[1.985s] Level 1:colcon.colcon_core.package_identification:_identify(.) by extensions ['ignore', 'ignore_ament_install']
[1.985s] Level 1:colcon.colcon_core.package_identification:_identify(.) by extension 'ignore'
[1.985s] Level 1:colcon.colcon_core.package_identification:_identify(.) by extension 'ignore_ament_install'
[1.986s] Level 1:colcon.colcon_core.package_identification:_identify(.) by extensions ['colcon_pkg']
[1.986s] Level 1:colcon.colcon_core.package_identification:_identify(.) by extension 'colcon_pkg'
[1.986s] Level 1:colcon.colcon_core.package_identification:_identify(.) by extensions ['colcon_meta']
[1.986s] Level 1:colcon.colcon_core.package_identification:_identify(.) by extension 'colcon_meta'
[1.986s] Level 1:colcon.colcon_core.package_identification:_identify(.) by extensions ['ros']
[1.986s] Level 1:colcon.colcon_core.package_identification:_identify(.) by extension 'ros'
[2.057s] Level 1:colcon.colcon_core.package_identification:_identify(.) by extensions ['cmake', 'python']
[2.057s] Level 1:colcon.colcon_core.package_identification:_identify(.) by extension 'cmake'
[2.058s] Level 1:colcon.colcon_core.package_identification:_identify(.) by extension 'python'
[2.058s] Level 1:colcon.colcon_core.package_identification:_identify(.) by extensions ['python_setup_py']
[2.058s] Level 1:colcon.colcon_core.package_identification:_identify(.) by extension 'python_setup_py'
[2.058s] Level 1:colcon.colcon_core.package_identification:_identify(build) by extensions ['ignore', 'ignore_ament_install']
[2.059s] Level 1:colcon.colcon_core.package_identification:_identify(build) by extension 'ignore'
[2.059s] Level 1:colcon.colcon_core.package_identification:_identify(build) ignored
[2.060s] Level 1:colcon.colcon_core.package_identification:_identify(install) by extensions ['ignore', 'ignore_ament_install']
[2.060s] Level 1:colcon.colcon_core.package_identification:_identify(install) by extension 'ignore'
[2.060s] Level 1:colcon.colcon_core.package_identification:_identify(install) ignored
[2.061s] Level 1:colcon.colcon_core.package_identification:_identify(log) by extensions ['ignore', 'ignore_ament_install']
[2.061s] Level 1:colcon.colcon_core.package_identification:_identify(log) by extension 'ignore'
[2.061s] Level 1:colcon.colcon_core.package_identification:_identify(log) ignored
[2.062s] Level 1:colcon.colcon_core.package_identification:_identify(src) by extensions ['ignore', 'ignore_ament_install']
[2.062s] Level 1:colcon.colcon_core.package_identification:_identify(src) by extension 'ignore'
[2.062s] Level 1:colcon.colcon_core.package_identification:_identify(src) by extension 'ignore_ament_install'
[2.062s] Level 1:colcon.colcon_core.package_identification:_identify(src) by extensions ['colcon_pkg']
[2.063s] Level 1:colcon.colcon_core.package_identification:_identify(src) by extension 'colcon_pkg'
[2.063s] Level 1:colcon.colcon_core.package_identification:_identify(src) by extensions ['colcon_meta']
[2.063s] Level 1:colcon.colcon_core.package_identification:_identify(src) by extension 'colcon_meta'
[2.063s] Level 1:colcon.colcon_core.package_identification:_identify(src) by extensions ['ros']
[2.063s] Level 1:colcon.colcon_core.package_identification:_identify(src) by extension 'ros'
[2.064s] Level 1:colcon.colcon_core.package_identification:_identify(src) by extensions ['cmake', 'python']
[2.064s] Level 1:colcon.colcon_core.package_identification:_identify(src) by extension 'cmake'
[2.064s] Level 1:colcon.colcon_core.package_identification:_identify(src) by extension 'python'
[2.064s] Level 1:colcon.colcon_core.package_identification:_identify(src) by extensions ['python_setup_py']
[2.064s] Level 1:colcon.colcon_core.package_identification:_identify(src) by extension 'python_setup_py'
[2.065s] Level 1:colcon.colcon_core.package_identification:_identify(src/build) by extensions ['ignore', 'ignore_ament_install']
[2.065s] Level 1:colcon.colcon_core.package_identification:_identify(src/build) by extension 'ignore'
[2.065s] Level 1:colcon.colcon_core.package_identification:_identify(src/build) ignored
[2.066s] Level 1:colcon.colcon_core.package_identification:_identify(src/install) by extensions ['ignore', 'ignore_ament_install']
[2.066s] Level 1:colcon.colcon_core.package_identification:_identify(src/install) by extension 'ignore'
[2.066s] Level 1:colcon.colcon_core.package_identification:_identify(src/install) ignored
[2.066s] Level 1:colcon.colcon_core.package_identification:_identify(src/log) by extensions ['ignore', 'ignore_ament_install']
[2.067s] Level 1:colcon.colcon_core.package_identification:_identify(src/log) by extension 'ignore'
[2.067s] Level 1:colcon.colcon_core.package_identification:_identify(src/log) ignored
[2.067s] Level 1:colcon.colcon_core.package_identification:_identify(src/py_send_camera) by extensions ['ignore', 'ignore_ament_install']
[2.068s] Level 1:colcon.colcon_core.package_identification:_identify(src/py_send_camera) by extension 'ignore'
[2.068s] Level 1:colcon.colcon_core.package_identification:_identify(src/py_send_camera) by extension 'ignore_ament_install'
[2.068s] Level 1:colcon.colcon_core.package_identification:_identify(src/py_send_camera) by extensions ['colcon_pkg']
[2.068s] Level 1:colcon.colcon_core.package_identification:_identify(src/py_send_camera) by extension 'colcon_pkg'
[2.068s] Level 1:colcon.colcon_core.package_identification:_identify(src/py_send_camera) by extensions ['colcon_meta']
[2.068s] Level 1:colcon.colcon_core.package_identification:_identify(src/py_send_camera) by extension 'colcon_meta'
[2.069s] Level 1:colcon.colcon_core.package_identification:_identify(src/py_send_camera) by extensions ['ros']
[2.069s] Level 1:colcon.colcon_core.package_identification:_identify(src/py_send_camera) by extension 'ros'
[2.081s] DEBUG:colcon.colcon_core.package_identification:Package 'src/py_send_camera' with type 'ros.ament_python' and name 'py_send_camera'
[2.081s] Level 1:colcon.colcon_core.package_discovery:discover_packages(recursive) using defaults
[2.081s] Level 1:colcon.colcon_core.package_discovery:discover_packages(ignore) discover
[2.081s] Level 1:colcon.colcon_core.package_discovery:discover_packages(ignore) using defaults
[2.082s] Level 1:colcon.colcon_core.package_discovery:discover_packages(path) discover
[2.082s] Level 1:colcon.colcon_core.package_discovery:discover_packages(path) using defaults
[2.218s] Level 1:colcon.colcon_core.package_discovery:discover_packages(prefix_path) check parameters
[2.218s] Level 1:colcon.colcon_core.package_discovery:discover_packages(prefix_path) discover
[2.231s] DEBUG:colcon.colcon_installed_package_information.package_discovery:Found 1 installed packages in /home/rpi/Desktop/py_send_camera_ws/install
[2.240s] DEBUG:colcon.colcon_installed_package_information.package_discovery:Found 270 installed packages in /opt/ros/humble
[2.288s] Level 1:colcon.colcon_core.package_discovery:discover_packages(prefix_path) using defaults
[2.483s] Level 5:colcon.colcon_core.verb:set package 'py_send_camera' build argument 'cmake_args' from command line to 'None'
[2.483s] Level 5:colcon.colcon_core.verb:set package 'py_send_camera' build argument 'cmake_target' from command line to 'None'
[2.484s] Level 5:colcon.colcon_core.verb:set package 'py_send_camera' build argument 'cmake_target_skip_unavailable' from command line to 'False'
[2.484s] Level 5:colcon.colcon_core.verb:set package 'py_send_camera' build argument 'cmake_clean_cache' from command line to 'False'
[2.484s] Level 5:colcon.colcon_core.verb:set package 'py_send_camera' build argument 'cmake_clean_first' from command line to 'False'
[2.484s] Level 5:colcon.colcon_core.verb:set package 'py_send_camera' build argument 'cmake_force_configure' from command line to 'False'
[2.484s] Level 5:colcon.colcon_core.verb:set package 'py_send_camera' build argument 'ament_cmake_args' from command line to 'None'
[2.484s] Level 5:colcon.colcon_core.verb:set package 'py_send_camera' build argument 'catkin_cmake_args' from command line to 'None'
[2.484s] Level 5:colcon.colcon_core.verb:set package 'py_send_camera' build argument 'catkin_skip_building_tests' from command line to 'False'
[2.485s] DEBUG:colcon.colcon_core.verb:Building package 'py_send_camera' with the following arguments: {'ament_cmake_args': None, 'build_base': '/home/rpi/Desktop/py_send_camera_ws/build/py_send_camera', 'catkin_cmake_args': None, 'catkin_skip_building_tests': False, 'cmake_args': None, 'cmake_clean_cache': False, 'cmake_clean_first': False, 'cmake_force_configure': False, 'cmake_target': None, 'cmake_target_skip_unavailable': False, 'install_base': '/home/rpi/Desktop/py_send_camera_ws/install/py_send_camera', 'merge_install': False, 'path': '/home/rpi/Desktop/py_send_camera_ws/src/py_send_camera', 'symlink_install': False, 'test_result_base': None}
[2.486s] INFO:colcon.colcon_core.executor:Executing jobs using 'parallel' executor
[2.490s] DEBUG:colcon.colcon_parallel_executor.executor.parallel:run_until_complete
[2.491s] INFO:colcon.colcon_ros.task.ament_python.build:Building ROS package in '/home/rpi/Desktop/py_send_camera_ws/src/py_send_camera' with build type 'ament_python'
[2.491s] Level 1:colcon.colcon_core.shell:create_environment_hook('py_send_camera', 'ament_prefix_path')
[2.513s] INFO:colcon.colcon_core.plugin_system:Skipping extension 'colcon_core.shell.bat': Not used on non-Windows systems
[2.514s] INFO:colcon.colcon_core.shell:Creating environment hook '/home/rpi/Desktop/py_send_camera_ws/install/py_send_camera/share/py_send_camera/hook/ament_prefix_path.ps1'
[2.518s] INFO:colcon.colcon_core.shell:Creating environment descriptor '/home/rpi/Desktop/py_send_camera_ws/install/py_send_camera/share/py_send_camera/hook/ament_prefix_path.dsv'
[2.522s] INFO:colcon.colcon_core.shell:Creating environment hook '/home/rpi/Desktop/py_send_camera_ws/install/py_send_camera/share/py_send_camera/hook/ament_prefix_path.sh'
[2.526s] INFO:colcon.colcon_core.shell:Skip shell extension 'powershell' for command environment: Not usable outside of PowerShell
[2.526s] DEBUG:colcon.colcon_core.shell:Skip shell extension 'dsv' for command environment
[3.811s] INFO:colcon.colcon_core.task.python.build:Building Python package in '/home/rpi/Desktop/py_send_camera_ws/src/py_send_camera'
[3.812s] INFO:colcon.colcon_core.shell:Skip shell extension 'powershell' for command environment: Not usable outside of PowerShell
[3.812s] DEBUG:colcon.colcon_core.shell:Skip shell extension 'dsv' for command environment
[5.564s] DEBUG:colcon.colcon_core.event_handler.log_command:Invoking command in '/home/rpi/Desktop/py_send_camera_ws/src/py_send_camera': PYTHONPATH=/home/rpi/Desktop/py_send_camera_ws/build/py_send_camera/prefix_override:/home/rpi/Desktop/py_send_camera_ws/install/py_send_camera/lib/python3.10/site-packages:${PYTHONPATH} /usr/bin/python3 -W ignore:setup.py install is deprecated setup.py egg_info --egg-base ../../build/py_send_camera build --build-base /home/rpi/Desktop/py_send_camera_ws/build/py_send_camera/build install --record /home/rpi/Desktop/py_send_camera_ws/build/py_send_camera/install.log --single-version-externally-managed install_data
[7.029s] DEBUG:colcon.colcon_core.event_handler.log_command:Invoked command in '/home/rpi/Desktop/py_send_camera_ws/src/py_send_camera' returned '0': PYTHONPATH=/home/rpi/Desktop/py_send_camera_ws/build/py_send_camera/prefix_override:/home/rpi/Desktop/py_send_camera_ws/install/py_send_camera/lib/python3.10/site-packages:${PYTHONPATH} /usr/bin/python3 -W ignore:setup.py install is deprecated setup.py egg_info --egg-base ../../build/py_send_camera build --build-base /home/rpi/Desktop/py_send_camera_ws/build/py_send_camera/build install --record /home/rpi/Desktop/py_send_camera_ws/build/py_send_camera/install.log --single-version-externally-managed install_data
[7.069s] Level 1:colcon.colcon_core.environment:checking '/home/rpi/Desktop/py_send_camera_ws/install/py_send_camera' for CMake module files
[7.072s] Level 1:colcon.colcon_core.environment:checking '/home/rpi/Desktop/py_send_camera_ws/install/py_send_camera' for CMake config files
[7.076s] Level 1:colcon.colcon_core.environment:checking '/home/rpi/Desktop/py_send_camera_ws/install/py_send_camera/lib'
[7.077s] Level 1:colcon.colcon_core.environment:checking '/home/rpi/Desktop/py_send_camera_ws/install/py_send_camera/bin'
[7.077s] Level 1:colcon.colcon_core.environment:checking '/home/rpi/Desktop/py_send_camera_ws/install/py_send_camera/lib/pkgconfig/py_send_camera.pc'
[7.078s] Level 1:colcon.colcon_core.environment:checking '/home/rpi/Desktop/py_send_camera_ws/install/py_send_camera/lib/python3.10/site-packages'
[7.078s] Level 1:colcon.colcon_core.shell:create_environment_hook('py_send_camera', 'pythonpath')
[7.079s] INFO:colcon.colcon_core.shell:Creating environment hook '/home/rpi/Desktop/py_send_camera_ws/install/py_send_camera/share/py_send_camera/hook/pythonpath.ps1'
[7.081s] INFO:colcon.colcon_core.shell:Creating environment descriptor '/home/rpi/Desktop/py_send_camera_ws/install/py_send_camera/share/py_send_camera/hook/pythonpath.dsv'
[7.083s] INFO:colcon.colcon_core.shell:Creating environment hook '/home/rpi/Desktop/py_send_camera_ws/install/py_send_camera/share/py_send_camera/hook/pythonpath.sh'
[7.086s] Level 1:colcon.colcon_core.environment:checking '/home/rpi/Desktop/py_send_camera_ws/install/py_send_camera/bin'
[7.086s] Level 1:colcon.colcon_core.environment:create_environment_scripts_only(py_send_camera)
[7.087s] INFO:colcon.colcon_core.shell:Creating package script '/home/rpi/Desktop/py_send_camera_ws/install/py_send_camera/share/py_send_camera/package.ps1'
[7.091s] INFO:colcon.colcon_core.shell:Creating package descriptor '/home/rpi/Desktop/py_send_camera_ws/install/py_send_camera/share/py_send_camera/package.dsv'
[7.095s] INFO:colcon.colcon_core.shell:Creating package script '/home/rpi/Desktop/py_send_camera_ws/install/py_send_camera/share/py_send_camera/package.sh'
[7.099s] INFO:colcon.colcon_core.shell:Creating package script '/home/rpi/Desktop/py_send_camera_ws/install/py_send_camera/share/py_send_camera/package.bash'
[7.103s] INFO:colcon.colcon_core.shell:Creating package script '/home/rpi/Desktop/py_send_camera_ws/install/py_send_camera/share/py_send_camera/package.zsh'
[7.107s] Level 1:colcon.colcon_core.environment:create_file_with_runtime_dependencies(/home/rpi/Desktop/py_send_camera_ws/install/py_send_camera/share/colcon-core/packages/py_send_camera)
[7.109s] DEBUG:colcon.colcon_parallel_executor.executor.parallel:closing loop
[7.110s] DEBUG:colcon.colcon_parallel_executor.executor.parallel:loop closed
[7.110s] DEBUG:colcon.colcon_parallel_executor.executor.parallel:run_until_complete finished with '0'
[7.111s] DEBUG:colcon.colcon_core.event_reactor:joining thread
[7.144s] INFO:colcon.colcon_core.plugin_system:Skipping extension 'colcon_notification.desktop_notification.terminal_notifier': Not used on non-Darwin systems
[7.145s] INFO:colcon.colcon_core.plugin_system:Skipping extension 'colcon_notification.desktop_notification.win32': Not used on non-Windows systems
[7.145s] INFO:colcon.colcon_notification.desktop_notification:Sending desktop notification using 'notify2'
[7.216s] DEBUG:colcon.colcon_core.event_reactor:joined thread
[7.218s] INFO:colcon.colcon_core.shell:Creating prefix script '/home/rpi/Desktop/py_send_camera_ws/install/local_setup.ps1'
[7.223s] INFO:colcon.colcon_core.shell:Creating prefix util module '/home/rpi/Desktop/py_send_camera_ws/install/_local_setup_util_ps1.py'
[7.230s] INFO:colcon.colcon_core.shell:Creating prefix chain script '/home/rpi/Desktop/py_send_camera_ws/install/setup.ps1'
[7.237s] INFO:colcon.colcon_core.shell:Creating prefix script '/home/rpi/Desktop/py_send_camera_ws/install/local_setup.sh'
[7.241s] INFO:colcon.colcon_core.shell:Creating prefix util module '/home/rpi/Desktop/py_send_camera_ws/install/_local_setup_util_sh.py'
[7.244s] INFO:colcon.colcon_core.shell:Creating prefix chain script '/home/rpi/Desktop/py_send_camera_ws/install/setup.sh'
[7.250s] INFO:colcon.colcon_core.shell:Creating prefix script '/home/rpi/Desktop/py_send_camera_ws/install/local_setup.bash'
[7.254s] INFO:colcon.colcon_core.shell:Creating prefix chain script '/home/rpi/Desktop/py_send_camera_ws/install/setup.bash'
[7.259s] INFO:colcon.colcon_core.shell:Creating prefix script '/home/rpi/Desktop/py_send_camera_ws/install/local_setup.zsh'
[7.262s] INFO:colcon.colcon_core.shell:Creating prefix chain script '/home/rpi/Desktop/py_send_camera_ws/install/setup.zsh'
