[1.431s] DEBUG:colcon:Command line arguments: ['/usr/bin/colcon', 'build', '--packages-select', 'py_send_camera']
[1.432s] DEBUG:colcon:Parsed command line arguments: Namespace(log_base=None, log_level=None, verb_name='build', build_base='build', install_base='install', merge_install=False, symlink_install=False, test_result_base=None, continue_on_error=False, executor='parallel', parallel_workers=4, event_handlers=None, ignore_user_meta=False, metas=['./colcon.meta'], base_paths=['.'], packages_ignore=None, packages_ignore_regex=None, paths=None, packages_up_to=None, packages_up_to_regex=None, packages_above=None, packages_above_and_dependencies=None, packages_above_depth=None, packages_select_by_dep=None, packages_skip_by_dep=None, packages_skip_up_to=None, packages_select_build_failed=False, packages_skip_build_finished=False, packages_select_test_failures=False, packages_skip_test_passed=False, packages_select=['py_send_camera'], packages_skip=None, packages_select_regex=None, packages_skip_regex=None, packages_start=None, packages_end=None, allow_overriding=[], cmake_args=None, cmake_target=None, cmake_target_skip_unavailable=False, cmake_clean_cache=False, cmake_clean_first=False, cmake_force_configure=False, ament_cmake_args=None, catkin_cmake_args=None, catkin_skip_building_tests=False, verb_parser=<colcon_defaults.argument_parser.defaults.DefaultArgumentsDecorator object at 0xffffa06c8b50>, verb_extension=<colcon_core.verb.build.BuildVerb object at 0xffffa081d6f0>, main=<bound method BuildVerb.main of <colcon_core.verb.build.BuildVerb object at 0xffffa081d6f0>>)
[3.903s] Level 1:colcon.colcon_core.package_discovery:discover_packages(colcon_meta) check parameters
[3.905s] Level 1:colcon.colcon_core.package_discovery:discover_packages(recursive) check parameters
[3.905s] Level 1:colcon.colcon_core.package_discovery:discover_packages(ignore) check parameters
[3.906s] Level 1:colcon.colcon_core.package_discovery:discover_packages(path) check parameters
[3.906s] Level 1:colcon.colcon_core.package_discovery:discover_packages(colcon_meta) discover
[3.907s] Level 1:colcon.colcon_core.package_discovery:discover_packages(recursive) discover
[3.907s] INFO:colcon.colcon_core.package_discovery:Crawling recursively for packages in '/home/rpi/Downloads/py_send_camera_ws/src'
[3.908s] Level 1:colcon.colcon_core.package_identification:_identify(.) by extensions ['ignore', 'ignore_ament_install']
[3.909s] Level 1:colcon.colcon_core.package_identification:_identify(.) by extension 'ignore'
[3.910s] Level 1:colcon.colcon_core.package_identification:_identify(.) by extension 'ignore_ament_install'
[3.910s] Level 1:colcon.colcon_core.package_identification:_identify(.) by extensions ['colcon_pkg']
[3.911s] Level 1:colcon.colcon_core.package_identification:_identify(.) by extension 'colcon_pkg'
[3.911s] Level 1:colcon.colcon_core.package_identification:_identify(.) by extensions ['colcon_meta']
[3.911s] Level 1:colcon.colcon_core.package_identification:_identify(.) by extension 'colcon_meta'
[3.912s] Level 1:colcon.colcon_core.package_identification:_identify(.) by extensions ['ros']
[3.912s] Level 1:colcon.colcon_core.package_identification:_identify(.) by extension 'ros'
[4.031s] Level 1:colcon.colcon_core.package_identification:_identify(.) by extensions ['cmake', 'python']
[4.032s] Level 1:colcon.colcon_core.package_identification:_identify(.) by extension 'cmake'
[4.033s] Level 1:colcon.colcon_core.package_identification:_identify(.) by extension 'python'
[4.033s] Level 1:colcon.colcon_core.package_identification:_identify(.) by extensions ['python_setup_py']
[4.034s] Level 1:colcon.colcon_core.package_identification:_identify(.) by extension 'python_setup_py'
[4.036s] Level 1:colcon.colcon_core.package_identification:_identify(build) by extensions ['ignore', 'ignore_ament_install']
[4.038s] Level 1:colcon.colcon_core.package_identification:_identify(build) by extension 'ignore'
[4.039s] Level 1:colcon.colcon_core.package_identification:_identify(build) ignored
[4.042s] Level 1:colcon.colcon_core.package_identification:_identify(install) by extensions ['ignore', 'ignore_ament_install']
[4.043s] Level 1:colcon.colcon_core.package_identification:_identify(install) by extension 'ignore'
[4.044s] Level 1:colcon.colcon_core.package_identification:_identify(install) ignored
[4.045s] Level 1:colcon.colcon_core.package_identification:_identify(log) by extensions ['ignore', 'ignore_ament_install']
[4.047s] Level 1:colcon.colcon_core.package_identification:_identify(log) by extension 'ignore'
[4.047s] Level 1:colcon.colcon_core.package_identification:_identify(log) ignored
[4.049s] Level 1:colcon.colcon_core.package_identification:_identify(py_send_camera) by extensions ['ignore', 'ignore_ament_install']
[4.050s] Level 1:colcon.colcon_core.package_identification:_identify(py_send_camera) by extension 'ignore'
[4.052s] Level 1:colcon.colcon_core.package_identification:_identify(py_send_camera) by extension 'ignore_ament_install'
[4.053s] Level 1:colcon.colcon_core.package_identification:_identify(py_send_camera) by extensions ['colcon_pkg']
[4.054s] Level 1:colcon.colcon_core.package_identification:_identify(py_send_camera) by extension 'colcon_pkg'
[4.054s] Level 1:colcon.colcon_core.package_identification:_identify(py_send_camera) by extensions ['colcon_meta']
[4.054s] Level 1:colcon.colcon_core.package_identification:_identify(py_send_camera) by extension 'colcon_meta'
[4.055s] Level 1:colcon.colcon_core.package_identification:_identify(py_send_camera) by extensions ['ros']
[4.055s] Level 1:colcon.colcon_core.package_identification:_identify(py_send_camera) by extension 'ros'
[4.079s] DEBUG:colcon.colcon_core.package_identification:Package 'py_send_camera' with type 'ros.ament_python' and name 'py_send_camera'
[4.080s] Level 1:colcon.colcon_core.package_discovery:discover_packages(recursive) using defaults
[4.081s] Level 1:colcon.colcon_core.package_discovery:discover_packages(ignore) discover
[4.082s] Level 1:colcon.colcon_core.package_discovery:discover_packages(ignore) using defaults
[4.082s] Level 1:colcon.colcon_core.package_discovery:discover_packages(path) discover
[4.083s] Level 1:colcon.colcon_core.package_discovery:discover_packages(path) using defaults
[4.280s] Level 1:colcon.colcon_core.package_discovery:discover_packages(prefix_path) check parameters
[4.281s] Level 1:colcon.colcon_core.package_discovery:discover_packages(prefix_path) discover
[4.306s] DEBUG:colcon.colcon_installed_package_information.package_discovery:Found 1 installed packages in /home/rpi/Downloads/py_send_camera_ws/src/install
[4.319s] DEBUG:colcon.colcon_installed_package_information.package_discovery:Found 270 installed packages in /opt/ros/humble
[4.457s] Level 1:colcon.colcon_core.package_discovery:discover_packages(prefix_path) using defaults
[4.972s] Level 5:colcon.colcon_core.verb:set package 'py_send_camera' build argument 'cmake_args' from command line to 'None'
[4.973s] Level 5:colcon.colcon_core.verb:set package 'py_send_camera' build argument 'cmake_target' from command line to 'None'
[4.973s] Level 5:colcon.colcon_core.verb:set package 'py_send_camera' build argument 'cmake_target_skip_unavailable' from command line to 'False'
[4.974s] Level 5:colcon.colcon_core.verb:set package 'py_send_camera' build argument 'cmake_clean_cache' from command line to 'False'
[4.974s] Level 5:colcon.colcon_core.verb:set package 'py_send_camera' build argument 'cmake_clean_first' from command line to 'False'
[4.975s] Level 5:colcon.colcon_core.verb:set package 'py_send_camera' build argument 'cmake_force_configure' from command line to 'False'
[4.976s] Level 5:colcon.colcon_core.verb:set package 'py_send_camera' build argument 'ament_cmake_args' from command line to 'None'
[4.977s] Level 5:colcon.colcon_core.verb:set package 'py_send_camera' build argument 'catkin_cmake_args' from command line to 'None'
[4.977s] Level 5:colcon.colcon_core.verb:set package 'py_send_camera' build argument 'catkin_skip_building_tests' from command line to 'False'
[4.978s] DEBUG:colcon.colcon_core.verb:Building package 'py_send_camera' with the following arguments: {'ament_cmake_args': None, 'build_base': '/home/rpi/Downloads/py_send_camera_ws/src/build/py_send_camera', 'catkin_cmake_args': None, 'catkin_skip_building_tests': False, 'cmake_args': None, 'cmake_clean_cache': False, 'cmake_clean_first': False, 'cmake_force_configure': False, 'cmake_target': None, 'cmake_target_skip_unavailable': False, 'install_base': '/home/rpi/Downloads/py_send_camera_ws/src/install/py_send_camera', 'merge_install': False, 'path': '/home/rpi/Downloads/py_send_camera_ws/src/py_send_camera', 'symlink_install': False, 'test_result_base': None}
[4.980s] INFO:colcon.colcon_core.executor:Executing jobs using 'parallel' executor
[4.991s] DEBUG:colcon.colcon_parallel_executor.executor.parallel:run_until_complete
[4.993s] INFO:colcon.colcon_ros.task.ament_python.build:Building ROS package in '/home/rpi/Downloads/py_send_camera_ws/src/py_send_camera' with build type 'ament_python'
[4.995s] Level 1:colcon.colcon_core.shell:create_environment_hook('py_send_camera', 'ament_prefix_path')
[5.025s] INFO:colcon.colcon_core.plugin_system:Skipping extension 'colcon_core.shell.bat': Not used on non-Windows systems
[5.027s] INFO:colcon.colcon_core.shell:Creating environment hook '/home/rpi/Downloads/py_send_camera_ws/src/install/py_send_camera/share/py_send_camera/hook/ament_prefix_path.ps1'
[5.116s] INFO:colcon.colcon_core.shell:Creating environment descriptor '/home/rpi/Downloads/py_send_camera_ws/src/install/py_send_camera/share/py_send_camera/hook/ament_prefix_path.dsv'
[5.125s] INFO:colcon.colcon_core.shell:Creating environment hook '/home/rpi/Downloads/py_send_camera_ws/src/install/py_send_camera/share/py_send_camera/hook/ament_prefix_path.sh'
[5.133s] INFO:colcon.colcon_core.shell:Skip shell extension 'powershell' for command environment: Not usable outside of PowerShell
[5.137s] DEBUG:colcon.colcon_core.shell:Skip shell extension 'dsv' for command environment
[8.814s] INFO:colcon.colcon_core.task.python.build:Building Python package in '/home/rpi/Downloads/py_send_camera_ws/src/py_send_camera'
[8.817s] INFO:colcon.colcon_core.shell:Skip shell extension 'powershell' for command environment: Not usable outside of PowerShell
[8.818s] DEBUG:colcon.colcon_core.shell:Skip shell extension 'dsv' for command environment
[13.511s] DEBUG:colcon.colcon_core.event_handler.log_command:Invoking command in '/home/rpi/Downloads/py_send_camera_ws/src/py_send_camera': PYTHONPATH=/home/rpi/Downloads/py_send_camera_ws/src/build/py_send_camera/prefix_override:/home/rpi/Downloads/py_send_camera_ws/src/install/py_send_camera/lib/python3.10/site-packages:${PYTHONPATH} /usr/bin/python3 -W ignore:setup.py install is deprecated setup.py egg_info --egg-base ../build/py_send_camera build --build-base /home/rpi/Downloads/py_send_camera_ws/src/build/py_send_camera/build install --record /home/rpi/Downloads/py_send_camera_ws/src/build/py_send_camera/install.log --single-version-externally-managed install_data
[17.641s] DEBUG:colcon.colcon_core.event_handler.log_command:Invoked command in '/home/rpi/Downloads/py_send_camera_ws/src/py_send_camera' returned '0': PYTHONPATH=/home/rpi/Downloads/py_send_camera_ws/src/build/py_send_camera/prefix_override:/home/rpi/Downloads/py_send_camera_ws/src/install/py_send_camera/lib/python3.10/site-packages:${PYTHONPATH} /usr/bin/python3 -W ignore:setup.py install is deprecated setup.py egg_info --egg-base ../build/py_send_camera build --build-base /home/rpi/Downloads/py_send_camera_ws/src/build/py_send_camera/build install --record /home/rpi/Downloads/py_send_camera_ws/src/build/py_send_camera/install.log --single-version-externally-managed install_data
[17.675s] Level 1:colcon.colcon_core.environment:checking '/home/rpi/Downloads/py_send_camera_ws/src/install/py_send_camera' for CMake module files
[17.679s] Level 1:colcon.colcon_core.environment:checking '/home/rpi/Downloads/py_send_camera_ws/src/install/py_send_camera' for CMake config files
[17.693s] Level 1:colcon.colcon_core.environment:checking '/home/rpi/Downloads/py_send_camera_ws/src/install/py_send_camera/lib'
[17.697s] Level 1:colcon.colcon_core.environment:checking '/home/rpi/Downloads/py_send_camera_ws/src/install/py_send_camera/bin'
[17.698s] Level 1:colcon.colcon_core.environment:checking '/home/rpi/Downloads/py_send_camera_ws/src/install/py_send_camera/lib/pkgconfig/py_send_camera.pc'
[17.701s] Level 1:colcon.colcon_core.environment:checking '/home/rpi/Downloads/py_send_camera_ws/src/install/py_send_camera/lib/python3.10/site-packages'
[17.703s] Level 1:colcon.colcon_core.shell:create_environment_hook('py_send_camera', 'pythonpath')
[17.706s] INFO:colcon.colcon_core.shell:Creating environment hook '/home/rpi/Downloads/py_send_camera_ws/src/install/py_send_camera/share/py_send_camera/hook/pythonpath.ps1'
[17.711s] INFO:colcon.colcon_core.shell:Creating environment descriptor '/home/rpi/Downloads/py_send_camera_ws/src/install/py_send_camera/share/py_send_camera/hook/pythonpath.dsv'
[17.718s] INFO:colcon.colcon_core.shell:Creating environment hook '/home/rpi/Downloads/py_send_camera_ws/src/install/py_send_camera/share/py_send_camera/hook/pythonpath.sh'
[17.726s] Level 1:colcon.colcon_core.environment:checking '/home/rpi/Downloads/py_send_camera_ws/src/install/py_send_camera/bin'
[17.728s] Level 1:colcon.colcon_core.environment:create_environment_scripts_only(py_send_camera)
[17.731s] INFO:colcon.colcon_core.shell:Creating package script '/home/rpi/Downloads/py_send_camera_ws/src/install/py_send_camera/share/py_send_camera/package.ps1'
[17.741s] INFO:colcon.colcon_core.shell:Creating package descriptor '/home/rpi/Downloads/py_send_camera_ws/src/install/py_send_camera/share/py_send_camera/package.dsv'
[17.749s] INFO:colcon.colcon_core.shell:Creating package script '/home/rpi/Downloads/py_send_camera_ws/src/install/py_send_camera/share/py_send_camera/package.sh'
[17.766s] INFO:colcon.colcon_core.shell:Creating package script '/home/rpi/Downloads/py_send_camera_ws/src/install/py_send_camera/share/py_send_camera/package.bash'
[17.780s] INFO:colcon.colcon_core.shell:Creating package script '/home/rpi/Downloads/py_send_camera_ws/src/install/py_send_camera/share/py_send_camera/package.zsh'
[17.797s] Level 1:colcon.colcon_core.environment:create_file_with_runtime_dependencies(/home/rpi/Downloads/py_send_camera_ws/src/install/py_send_camera/share/colcon-core/packages/py_send_camera)
[17.815s] DEBUG:colcon.colcon_parallel_executor.executor.parallel:closing loop
[17.818s] DEBUG:colcon.colcon_parallel_executor.executor.parallel:loop closed
[17.832s] DEBUG:colcon.colcon_parallel_executor.executor.parallel:run_until_complete finished with '0'
[17.834s] DEBUG:colcon.colcon_core.event_reactor:joining thread
[17.959s] INFO:colcon.colcon_core.plugin_system:Skipping extension 'colcon_notification.desktop_notification.terminal_notifier': Not used on non-Darwin systems
[17.962s] INFO:colcon.colcon_core.plugin_system:Skipping extension 'colcon_notification.desktop_notification.win32': Not used on non-Windows systems
[17.963s] INFO:colcon.colcon_notification.desktop_notification:Sending desktop notification using 'notify2'
[18.088s] DEBUG:colcon.colcon_core.event_reactor:joined thread
[18.091s] INFO:colcon.colcon_core.shell:Creating prefix script '/home/rpi/Downloads/py_send_camera_ws/src/install/local_setup.ps1'
[18.102s] INFO:colcon.colcon_core.shell:Creating prefix util module '/home/rpi/Downloads/py_send_camera_ws/src/install/_local_setup_util_ps1.py'
[18.112s] INFO:colcon.colcon_core.shell:Creating prefix chain script '/home/rpi/Downloads/py_send_camera_ws/src/install/setup.ps1'
[18.119s] INFO:colcon.colcon_core.shell:Creating prefix script '/home/rpi/Downloads/py_send_camera_ws/src/install/local_setup.sh'
[18.122s] INFO:colcon.colcon_core.shell:Creating prefix util module '/home/rpi/Downloads/py_send_camera_ws/src/install/_local_setup_util_sh.py'
[18.125s] INFO:colcon.colcon_core.shell:Creating prefix chain script '/home/rpi/Downloads/py_send_camera_ws/src/install/setup.sh'
[18.133s] INFO:colcon.colcon_core.shell:Creating prefix script '/home/rpi/Downloads/py_send_camera_ws/src/install/local_setup.bash'
[18.137s] INFO:colcon.colcon_core.shell:Creating prefix chain script '/home/rpi/Downloads/py_send_camera_ws/src/install/setup.bash'
[18.143s] INFO:colcon.colcon_core.shell:Creating prefix script '/home/rpi/Downloads/py_send_camera_ws/src/install/local_setup.zsh'
[18.147s] INFO:colcon.colcon_core.shell:Creating prefix chain script '/home/rpi/Downloads/py_send_camera_ws/src/install/setup.zsh'
