[0.939s] Invoking command in '/home/mohamed/enib/projets/robot-mobile/UI/pyqt_ihm_ros2_ws/src/py_ihm': PYTHONPATH=/home/mohamed/enib/projets/robot-mobile/UI/pyqt_ihm_ros2_ws/build/py_ihm/prefix_override:/usr/lib/python3/dist-packages/colcon_core/task/python/colcon_distutils_commands:/home/mohamed/enib/projets/robot-mobile/UI/pyqt_ihm_ros2_ws/install/py_ihm/lib/python3.10/site-packages:${PYTHONPATH} /usr/bin/python3 -W ignore:setup.py install is deprecated setup.py egg_info --egg-base ../../build/py_ihm build --build-base /home/mohamed/enib/projets/robot-mobile/UI/pyqt_ihm_ros2_ws/build/py_ihm/build install --record /home/mohamed/enib/projets/robot-mobile/UI/pyqt_ihm_ros2_ws/build/py_ihm/install.log --single-version-externally-managed install_data
[1.269s] running egg_info
[1.271s] writing ../../build/py_ihm/py_ihm.egg-info/PKG-INFO
[1.271s] writing dependency_links to ../../build/py_ihm/py_ihm.egg-info/dependency_links.txt
[1.272s] writing entry points to ../../build/py_ihm/py_ihm.egg-info/entry_points.txt
[1.272s] writing requirements to ../../build/py_ihm/py_ihm.egg-info/requires.txt
[1.273s] writing top-level names to ../../build/py_ihm/py_ihm.egg-info/top_level.txt
[1.277s] reading manifest file '../../build/py_ihm/py_ihm.egg-info/SOURCES.txt'
[1.279s] writing manifest file '../../build/py_ihm/py_ihm.egg-info/SOURCES.txt'
[1.279s] running build
[1.280s] running build_py
[1.281s] copying py_ihm/py_ihm.py -> /home/mohamed/enib/projets/robot-mobile/UI/pyqt_ihm_ros2_ws/build/py_ihm/build/lib/py_ihm
[1.281s] running install
[1.284s] running install_lib
[1.284s] copying /home/mohamed/enib/projets/robot-mobile/UI/pyqt_ihm_ros2_ws/build/py_ihm/build/lib/py_ihm/py_ihm.py -> /home/mohamed/enib/projets/robot-mobile/UI/pyqt_ihm_ros2_ws/install/py_ihm/lib/python3.10/site-packages/py_ihm
[1.285s] byte-compiling /home/mohamed/enib/projets/robot-mobile/UI/pyqt_ihm_ros2_ws/install/py_ihm/lib/python3.10/site-packages/py_ihm/py_ihm.py to py_ihm.cpython-310.pyc
[1.289s] running install_data
[1.290s] running install_egg_info
[1.294s] removing '/home/mohamed/enib/projets/robot-mobile/UI/pyqt_ihm_ros2_ws/install/py_ihm/lib/python3.10/site-packages/py_ihm-0.0.0-py3.10.egg-info' (and everything under it)
[1.296s] Copying ../../build/py_ihm/py_ihm.egg-info to /home/mohamed/enib/projets/robot-mobile/UI/pyqt_ihm_ros2_ws/install/py_ihm/lib/python3.10/site-packages/py_ihm-0.0.0-py3.10.egg-info
[1.297s] running install_scripts
[1.333s] Installing ihm_ros2 script to /home/mohamed/enib/projets/robot-mobile/UI/pyqt_ihm_ros2_ws/install/py_ihm/lib/py_ihm
[1.334s] writing list of installed files to '/home/mohamed/enib/projets/robot-mobile/UI/pyqt_ihm_ros2_ws/build/py_ihm/install.log'
[1.368s] Invoked command in '/home/mohamed/enib/projets/robot-mobile/UI/pyqt_ihm_ros2_ws/src/py_ihm' returned '0': PYTHONPATH=/home/mohamed/enib/projets/robot-mobile/UI/pyqt_ihm_ros2_ws/build/py_ihm/prefix_override:/usr/lib/python3/dist-packages/colcon_core/task/python/colcon_distutils_commands:/home/mohamed/enib/projets/robot-mobile/UI/pyqt_ihm_ros2_ws/install/py_ihm/lib/python3.10/site-packages:${PYTHONPATH} /usr/bin/python3 -W ignore:setup.py install is deprecated setup.py egg_info --egg-base ../../build/py_ihm build --build-base /home/mohamed/enib/projets/robot-mobile/UI/pyqt_ihm_ros2_ws/build/py_ihm/build install --record /home/mohamed/enib/projets/robot-mobile/UI/pyqt_ihm_ros2_ws/build/py_ihm/install.log --single-version-externally-managed install_data
