running egg_info
creating ../../../build/py_ihm/py_ihm.egg-info
writing ../../../build/py_ihm/py_ihm.egg-info/PKG-INFO
writing dependency_links to ../../../build/py_ihm/py_ihm.egg-info/dependency_links.txt
writing entry points to ../../../build/py_ihm/py_ihm.egg-info/entry_points.txt
writing requirements to ../../../build/py_ihm/py_ihm.egg-info/requires.txt
writing top-level names to ../../../build/py_ihm/py_ihm.egg-info/top_level.txt
writing manifest file '../../../build/py_ihm/py_ihm.egg-info/SOURCES.txt'
reading manifest file '../../../build/py_ihm/py_ihm.egg-info/SOURCES.txt'
writing manifest file '../../../build/py_ihm/py_ihm.egg-info/SOURCES.txt'
running build
running build_py
creating /home/e2023/m3eljily/Bureau/robot_mobile/UI/build/py_ihm/build
creating /home/e2023/m3eljily/Bureau/robot_mobile/UI/build/py_ihm/build/lib
creating /home/e2023/m3eljily/Bureau/robot_mobile/UI/build/py_ihm/build/lib/py_ihm
copying py_ihm/__init__.py -> /home/e2023/m3eljily/Bureau/robot_mobile/UI/build/py_ihm/build/lib/py_ihm
copying py_ihm/py_ihm.py -> /home/e2023/m3eljily/Bureau/robot_mobile/UI/build/py_ihm/build/lib/py_ihm
running install
running install_lib
creating /home/e2023/m3eljily/Bureau/robot_mobile/UI/install/py_ihm/lib/python3.6/site-packages/py_ihm
copying /home/e2023/m3eljily/Bureau/robot_mobile/UI/build/py_ihm/build/lib/py_ihm/__init__.py -> /home/e2023/m3eljily/Bureau/robot_mobile/UI/install/py_ihm/lib/python3.6/site-packages/py_ihm
copying /home/e2023/m3eljily/Bureau/robot_mobile/UI/build/py_ihm/build/lib/py_ihm/py_ihm.py -> /home/e2023/m3eljily/Bureau/robot_mobile/UI/install/py_ihm/lib/python3.6/site-packages/py_ihm
byte-compiling /home/e2023/m3eljily/Bureau/robot_mobile/UI/install/py_ihm/lib/python3.6/site-packages/py_ihm/__init__.py to __init__.cpython-36.pyc
byte-compiling /home/e2023/m3eljily/Bureau/robot_mobile/UI/install/py_ihm/lib/python3.6/site-packages/py_ihm/py_ihm.py to py_ihm.cpython-36.pyc
running install_data
creating /home/e2023/m3eljily/Bureau/robot_mobile/UI/install/py_ihm/share/ament_index
creating /home/e2023/m3eljily/Bureau/robot_mobile/UI/install/py_ihm/share/ament_index/resource_index
creating /home/e2023/m3eljily/Bureau/robot_mobile/UI/install/py_ihm/share/ament_index/resource_index/packages
copying resource/py_ihm -> /home/e2023/m3eljily/Bureau/robot_mobile/UI/install/py_ihm/share/ament_index/resource_index/packages
copying package.xml -> /home/e2023/m3eljily/Bureau/robot_mobile/UI/install/py_ihm/share/py_ihm
running install_egg_info
Copying ../../../build/py_ihm/py_ihm.egg-info to /home/e2023/m3eljily/Bureau/robot_mobile/UI/install/py_ihm/lib/python3.6/site-packages/py_ihm-0.0.0-py3.6.egg-info
running install_scripts
Installing ihm_ros2 script to /home/e2023/m3eljily/Bureau/robot_mobile/UI/install/py_ihm/lib/py_ihm
writing list of installed files to '/home/e2023/m3eljily/Bureau/robot_mobile/UI/build/py_ihm/install.log'
