[2.958s] Invoking command in '/home/rpi/Downloads/py_send_camera_ws/src/py_send_camera': PYTHONPATH=/home/rpi/Downloads/py_send_camera_ws/src/build/py_send_camera/prefix_override:/home/rpi/Downloads/py_send_camera_ws/src/install/py_send_camera/lib/python3.10/site-packages:${PYTHONPATH} /usr/bin/python3 -W ignore:setup.py install is deprecated setup.py egg_info --egg-base ../build/py_send_camera build --build-base /home/rpi/Downloads/py_send_camera_ws/src/build/py_send_camera/build install --record /home/rpi/Downloads/py_send_camera_ws/src/build/py_send_camera/install.log --single-version-externally-managed install_data
[4.060s] running egg_info
[4.062s] creating ../build/py_send_camera/py_send_camera.egg-info
[4.063s] writing ../build/py_send_camera/py_send_camera.egg-info/PKG-INFO
[4.064s] writing dependency_links to ../build/py_send_camera/py_send_camera.egg-info/dependency_links.txt
[4.064s] writing entry points to ../build/py_send_camera/py_send_camera.egg-info/entry_points.txt
[4.065s] writing requirements to ../build/py_send_camera/py_send_camera.egg-info/requires.txt
[4.066s] writing top-level names to ../build/py_send_camera/py_send_camera.egg-info/top_level.txt
[4.067s] writing manifest file '../build/py_send_camera/py_send_camera.egg-info/SOURCES.txt'
[4.073s] reading manifest file '../build/py_send_camera/py_send_camera.egg-info/SOURCES.txt'
[4.077s] writing manifest file '../build/py_send_camera/py_send_camera.egg-info/SOURCES.txt'
[4.077s] running build
[4.078s] running build_py
[4.078s] creating /home/rpi/Downloads/py_send_camera_ws/src/build/py_send_camera/build
[4.079s] creating /home/rpi/Downloads/py_send_camera_ws/src/build/py_send_camera/build/lib
[4.079s] creating /home/rpi/Downloads/py_send_camera_ws/src/build/py_send_camera/build/lib/py_send_camera
[4.080s] copying py_send_camera/send_camera.py -> /home/rpi/Downloads/py_send_camera_ws/src/build/py_send_camera/build/lib/py_send_camera
[4.080s] copying py_send_camera/__init__.py -> /home/rpi/Downloads/py_send_camera_ws/src/build/py_send_camera/build/lib/py_send_camera
[4.081s] running install
[4.083s] running install_lib
[4.086s] creating /home/rpi/Downloads/py_send_camera_ws/src/install/py_send_camera/lib/python3.10/site-packages/py_send_camera
[4.086s] copying /home/rpi/Downloads/py_send_camera_ws/src/build/py_send_camera/build/lib/py_send_camera/send_camera.py -> /home/rpi/Downloads/py_send_camera_ws/src/install/py_send_camera/lib/python3.10/site-packages/py_send_camera
[4.087s] copying /home/rpi/Downloads/py_send_camera_ws/src/build/py_send_camera/build/lib/py_send_camera/__init__.py -> /home/rpi/Downloads/py_send_camera_ws/src/install/py_send_camera/lib/python3.10/site-packages/py_send_camera
[4.090s] byte-compiling /home/rpi/Downloads/py_send_camera_ws/src/install/py_send_camera/lib/python3.10/site-packages/py_send_camera/send_camera.py to send_camera.cpython-310.pyc
[4.094s] byte-compiling /home/rpi/Downloads/py_send_camera_ws/src/install/py_send_camera/lib/python3.10/site-packages/py_send_camera/__init__.py to __init__.cpython-310.pyc
[4.095s] running install_data
[4.096s] creating /home/rpi/Downloads/py_send_camera_ws/src/install/py_send_camera/share/ament_index
[4.096s] creating /home/rpi/Downloads/py_send_camera_ws/src/install/py_send_camera/share/ament_index/resource_index
[4.096s] creating /home/rpi/Downloads/py_send_camera_ws/src/install/py_send_camera/share/ament_index/resource_index/packages
[4.097s] copying resource/py_send_camera -> /home/rpi/Downloads/py_send_camera_ws/src/install/py_send_camera/share/ament_index/resource_index/packages
[4.097s] copying package.xml -> /home/rpi/Downloads/py_send_camera_ws/src/install/py_send_camera/share/py_send_camera
[4.098s] running install_egg_info
[4.104s] Copying ../build/py_send_camera/py_send_camera.egg-info to /home/rpi/Downloads/py_send_camera_ws/src/install/py_send_camera/lib/python3.10/site-packages/py_send_camera-0.0.0-py3.10.egg-info
[4.109s] running install_scripts
[4.192s] Installing send_camera script to /home/rpi/Downloads/py_send_camera_ws/src/install/py_send_camera/lib/py_send_camera
[4.194s] writing list of installed files to '/home/rpi/Downloads/py_send_camera_ws/src/build/py_send_camera/install.log'
[4.316s] Invoked command in '/home/rpi/Downloads/py_send_camera_ws/src/py_send_camera' returned '0': PYTHONPATH=/home/rpi/Downloads/py_send_camera_ws/src/build/py_send_camera/prefix_override:/home/rpi/Downloads/py_send_camera_ws/src/install/py_send_camera/lib/python3.10/site-packages:${PYTHONPATH} /usr/bin/python3 -W ignore:setup.py install is deprecated setup.py egg_info --egg-base ../build/py_send_camera build --build-base /home/rpi/Downloads/py_send_camera_ws/src/build/py_send_camera/build install --record /home/rpi/Downloads/py_send_camera_ws/src/build/py_send_camera/install.log --single-version-externally-managed install_data
