[0.715s] DEBUG:colcon:Command line arguments: ['/usr/bin/colcon', 'build', '--packages-select', 'py_send_camera']
[0.716s] DEBUG:colcon:Parsed command line arguments: Namespace(log_base=None, log_level=None, verb_name='build', build_base='build', install_base='install', merge_install=False, symlink_install=False, test_result_base=None, continue_on_error=False, executor='parallel', parallel_workers=4, event_handlers=None, ignore_user_meta=False, metas=['./colcon.meta'], base_paths=['.'], packages_ignore=None, packages_ignore_regex=None, paths=None, packages_up_to=None, packages_up_to_regex=None, packages_above=None, packages_above_and_dependencies=None, packages_above_depth=None, packages_select_by_dep=None, packages_skip_by_dep=None, packages_skip_up_to=None, packages_select_build_failed=False, packages_skip_build_finished=False, packages_select_test_failures=False, packages_skip_test_passed=False, packages_select=['py_send_camera'], packages_skip=None, packages_select_regex=None, packages_skip_regex=None, packages_start=None, packages_end=None, allow_overriding=[], cmake_args=None, cmake_target=None, cmake_target_skip_unavailable=False, cmake_clean_cache=False, cmake_clean_first=False, cmake_force_configure=False, ament_cmake_args=None, catkin_cmake_args=None, catkin_skip_building_tests=False, verb_parser=<colcon_defaults.argument_parser.defaults.DefaultArgumentsDecorator object at 0xffffb0b8c880>, verb_extension=<colcon_core.verb.build.BuildVerb object at 0xffffb0cfd420>, main=<bound method BuildVerb.main of <colcon_core.verb.build.BuildVerb object at 0xffffb0cfd420>>)
[1.918s] Level 1:colcon.colcon_core.package_discovery:discover_packages(colcon_meta) check parameters
[1.919s] Level 1:colcon.colcon_core.package_discovery:discover_packages(recursive) check parameters
[1.919s] Level 1:colcon.colcon_core.package_discovery:discover_packages(ignore) check parameters
[1.919s] Level 1:colcon.colcon_core.package_discovery:discover_packages(path) check parameters
[1.919s] Level 1:colcon.colcon_core.package_discovery:discover_packages(colcon_meta) discover
[1.919s] Level 1:colcon.colcon_core.package_discovery:discover_packages(recursive) discover
[1.920s] INFO:colcon.colcon_core.package_discovery:Crawling recursively for packages in '/home/rpi/Downloads/py_send_camera_ws'
[1.920s] Level 1:colcon.colcon_core.package_identification:_identify(.) by extensions ['ignore', 'ignore_ament_install']
[1.921s] Level 1:colcon.colcon_core.package_identification:_identify(.) by extension 'ignore'
[1.921s] Level 1:colcon.colcon_core.package_identification:_identify(.) by extension 'ignore_ament_install'
[1.921s] Level 1:colcon.colcon_core.package_identification:_identify(.) by extensions ['colcon_pkg']
[1.921s] Level 1:colcon.colcon_core.package_identification:_identify(.) by extension 'colcon_pkg'
[1.921s] Level 1:colcon.colcon_core.package_identification:_identify(.) by extensions ['colcon_meta']
[1.922s] Level 1:colcon.colcon_core.package_identification:_identify(.) by extension 'colcon_meta'
[1.922s] Level 1:colcon.colcon_core.package_identification:_identify(.) by extensions ['ros']
[1.922s] Level 1:colcon.colcon_core.package_identification:_identify(.) by extension 'ros'
[1.987s] Level 1:colcon.colcon_core.package_identification:_identify(.) by extensions ['cmake', 'python']
[1.988s] Level 1:colcon.colcon_core.package_identification:_identify(.) by extension 'cmake'
[1.988s] Level 1:colcon.colcon_core.package_identification:_identify(.) by extension 'python'
[1.988s] Level 1:colcon.colcon_core.package_identification:_identify(.) by extensions ['python_setup_py']
[1.988s] Level 1:colcon.colcon_core.package_identification:_identify(.) by extension 'python_setup_py'
[1.989s] Level 1:colcon.colcon_core.package_identification:_identify(build) by extensions ['ignore', 'ignore_ament_install']
[1.989s] Level 1:colcon.colcon_core.package_identification:_identify(build) by extension 'ignore'
[1.989s] Level 1:colcon.colcon_core.package_identification:_identify(build) ignored
[1.990s] Level 1:colcon.colcon_core.package_identification:_identify(install) by extensions ['ignore', 'ignore_ament_install']
[1.991s] Level 1:colcon.colcon_core.package_identification:_identify(install) by extension 'ignore'
[1.991s] Level 1:colcon.colcon_core.package_identification:_identify(install) ignored
[1.991s] Level 1:colcon.colcon_core.package_identification:_identify(log) by extensions ['ignore', 'ignore_ament_install']
[1.991s] Level 1:colcon.colcon_core.package_identification:_identify(log) by extension 'ignore'
[1.992s] Level 1:colcon.colcon_core.package_identification:_identify(log) ignored
[1.992s] Level 1:colcon.colcon_core.package_identification:_identify(src) by extensions ['ignore', 'ignore_ament_install']
[1.993s] Level 1:colcon.colcon_core.package_identification:_identify(src) by extension 'ignore'
[1.993s] Level 1:colcon.colcon_core.package_identification:_identify(src) by extension 'ignore_ament_install'
[1.993s] Level 1:colcon.colcon_core.package_identification:_identify(src) by extensions ['colcon_pkg']
[1.994s] Level 1:colcon.colcon_core.package_identification:_identify(src) by extension 'colcon_pkg'
[1.994s] Level 1:colcon.colcon_core.package_identification:_identify(src) by extensions ['colcon_meta']
[1.994s] Level 1:colcon.colcon_core.package_identification:_identify(src) by extension 'colcon_meta'
[1.994s] Level 1:colcon.colcon_core.package_identification:_identify(src) by extensions ['ros']
[1.994s] Level 1:colcon.colcon_core.package_identification:_identify(src) by extension 'ros'
[1.995s] Level 1:colcon.colcon_core.package_identification:_identify(src) by extensions ['cmake', 'python']
[1.995s] Level 1:colcon.colcon_core.package_identification:_identify(src) by extension 'cmake'
[1.995s] Level 1:colcon.colcon_core.package_identification:_identify(src) by extension 'python'
[1.995s] Level 1:colcon.colcon_core.package_identification:_identify(src) by extensions ['python_setup_py']
[1.995s] Level 1:colcon.colcon_core.package_identification:_identify(src) by extension 'python_setup_py'
[1.997s] Level 1:colcon.colcon_core.package_identification:_identify(src/py_send_camera) by extensions ['ignore', 'ignore_ament_install']
[1.997s] Level 1:colcon.colcon_core.package_identification:_identify(src/py_send_camera) by extension 'ignore'
[1.997s] Level 1:colcon.colcon_core.package_identification:_identify(src/py_send_camera) by extension 'ignore_ament_install'
[1.998s] Level 1:colcon.colcon_core.package_identification:_identify(src/py_send_camera) by extensions ['colcon_pkg']
[1.998s] Level 1:colcon.colcon_core.package_identification:_identify(src/py_send_camera) by extension 'colcon_pkg'
[1.998s] Level 1:colcon.colcon_core.package_identification:_identify(src/py_send_camera) by extensions ['colcon_meta']
[1.998s] Level 1:colcon.colcon_core.package_identification:_identify(src/py_send_camera) by extension 'colcon_meta'
[1.998s] Level 1:colcon.colcon_core.package_identification:_identify(src/py_send_camera) by extensions ['ros']
[1.998s] Level 1:colcon.colcon_core.package_identification:_identify(src/py_send_camera) by extension 'ros'
[2.011s] DEBUG:colcon.colcon_core.package_identification:Package 'src/py_send_camera' with type 'ros.ament_python' and name 'py_send_camera'
[2.011s] Level 1:colcon.colcon_core.package_discovery:discover_packages(recursive) using defaults
[2.012s] Level 1:colcon.colcon_core.package_discovery:discover_packages(ignore) discover
[2.012s] Level 1:colcon.colcon_core.package_discovery:discover_packages(ignore) using defaults
[2.012s] Level 1:colcon.colcon_core.package_discovery:discover_packages(path) discover
[2.012s] Level 1:colcon.colcon_core.package_discovery:discover_packages(path) using defaults
[2.142s] Level 1:colcon.colcon_core.package_discovery:discover_packages(prefix_path) check parameters
[2.143s] Level 1:colcon.colcon_core.package_discovery:discover_packages(prefix_path) discover
[2.162s] DEBUG:colcon.colcon_installed_package_information.package_discovery:Found 270 installed packages in /opt/ros/humble
[2.213s] Level 1:colcon.colcon_core.package_discovery:discover_packages(prefix_path) using defaults
[2.390s] Level 5:colcon.colcon_core.verb:set package 'py_send_camera' build argument 'cmake_args' from command line to 'None'
[2.390s] Level 5:colcon.colcon_core.verb:set package 'py_send_camera' build argument 'cmake_target' from command line to 'None'
[2.390s] Level 5:colcon.colcon_core.verb:set package 'py_send_camera' build argument 'cmake_target_skip_unavailable' from command line to 'False'
[2.390s] Level 5:colcon.colcon_core.verb:set package 'py_send_camera' build argument 'cmake_clean_cache' from command line to 'False'
[2.391s] Level 5:colcon.colcon_core.verb:set package 'py_send_camera' build argument 'cmake_clean_first' from command line to 'False'
[2.391s] Level 5:colcon.colcon_core.verb:set package 'py_send_camera' build argument 'cmake_force_configure' from command line to 'False'
[2.391s] Level 5:colcon.colcon_core.verb:set package 'py_send_camera' build argument 'ament_cmake_args' from command line to 'None'
[2.391s] Level 5:colcon.colcon_core.verb:set package 'py_send_camera' build argument 'catkin_cmake_args' from command line to 'None'
[2.391s] Level 5:colcon.colcon_core.verb:set package 'py_send_camera' build argument 'catkin_skip_building_tests' from command line to 'False'
[2.391s] DEBUG:colcon.colcon_core.verb:Building package 'py_send_camera' with the following arguments: {'ament_cmake_args': None, 'build_base': '/home/rpi/Downloads/py_send_camera_ws/build/py_send_camera', 'catkin_cmake_args': None, 'catkin_skip_building_tests': False, 'cmake_args': None, 'cmake_clean_cache': False, 'cmake_clean_first': False, 'cmake_force_configure': False, 'cmake_target': None, 'cmake_target_skip_unavailable': False, 'install_base': '/home/rpi/Downloads/py_send_camera_ws/install/py_send_camera', 'merge_install': False, 'path': '/home/rpi/Downloads/py_send_camera_ws/src/py_send_camera', 'symlink_install': False, 'test_result_base': None}
[2.392s] INFO:colcon.colcon_core.executor:Executing jobs using 'parallel' executor
[2.397s] DEBUG:colcon.colcon_parallel_executor.executor.parallel:run_until_complete
[2.400s] INFO:colcon.colcon_ros.task.ament_python.build:Building ROS package in '/home/rpi/Downloads/py_send_camera_ws/src/py_send_camera' with build type 'ament_python'
[2.400s] Level 1:colcon.colcon_core.shell:create_environment_hook('py_send_camera', 'ament_prefix_path')
[2.429s] INFO:colcon.colcon_core.plugin_system:Skipping extension 'colcon_core.shell.bat': Not used on non-Windows systems
[2.430s] INFO:colcon.colcon_core.shell:Creating environment hook '/home/rpi/Downloads/py_send_camera_ws/install/py_send_camera/share/py_send_camera/hook/ament_prefix_path.ps1'
[2.436s] INFO:colcon.colcon_core.shell:Creating environment descriptor '/home/rpi/Downloads/py_send_camera_ws/install/py_send_camera/share/py_send_camera/hook/ament_prefix_path.dsv'
[2.440s] INFO:colcon.colcon_core.shell:Creating environment hook '/home/rpi/Downloads/py_send_camera_ws/install/py_send_camera/share/py_send_camera/hook/ament_prefix_path.sh'
[2.444s] INFO:colcon.colcon_core.shell:Skip shell extension 'powershell' for command environment: Not usable outside of PowerShell
[2.445s] DEBUG:colcon.colcon_core.shell:Skip shell extension 'dsv' for command environment
[3.722s] INFO:colcon.colcon_core.task.python.build:Building Python package in '/home/rpi/Downloads/py_send_camera_ws/src/py_send_camera'
[3.723s] INFO:colcon.colcon_core.shell:Skip shell extension 'powershell' for command environment: Not usable outside of PowerShell
[3.723s] DEBUG:colcon.colcon_core.shell:Skip shell extension 'dsv' for command environment
[5.464s] DEBUG:colcon.colcon_core.event_handler.log_command:Invoking command in '/home/rpi/Downloads/py_send_camera_ws/src/py_send_camera': PYTHONPATH=/home/rpi/Downloads/py_send_camera_ws/build/py_send_camera/prefix_override:/home/rpi/Downloads/py_send_camera_ws/install/py_send_camera/lib/python3.10/site-packages:${PYTHONPATH} /usr/bin/python3 -W ignore:setup.py install is deprecated setup.py egg_info --egg-base ../../build/py_send_camera build --build-base /home/rpi/Downloads/py_send_camera_ws/build/py_send_camera/build install --record /home/rpi/Downloads/py_send_camera_ws/build/py_send_camera/install.log --single-version-externally-managed install_data
[6.876s] DEBUG:colcon.colcon_core.event_handler.log_command:Invoked command in '/home/rpi/Downloads/py_send_camera_ws/src/py_send_camera' returned '0': PYTHONPATH=/home/rpi/Downloads/py_send_camera_ws/build/py_send_camera/prefix_override:/home/rpi/Downloads/py_send_camera_ws/install/py_send_camera/lib/python3.10/site-packages:${PYTHONPATH} /usr/bin/python3 -W ignore:setup.py install is deprecated setup.py egg_info --egg-base ../../build/py_send_camera build --build-base /home/rpi/Downloads/py_send_camera_ws/build/py_send_camera/build install --record /home/rpi/Downloads/py_send_camera_ws/build/py_send_camera/install.log --single-version-externally-managed install_data
[6.900s] Level 1:colcon.colcon_core.environment:checking '/home/rpi/Downloads/py_send_camera_ws/install/py_send_camera' for CMake module files
[6.902s] Level 1:colcon.colcon_core.environment:checking '/home/rpi/Downloads/py_send_camera_ws/install/py_send_camera' for CMake config files
[6.907s] Level 1:colcon.colcon_core.environment:checking '/home/rpi/Downloads/py_send_camera_ws/install/py_send_camera/lib'
[6.908s] Level 1:colcon.colcon_core.environment:checking '/home/rpi/Downloads/py_send_camera_ws/install/py_send_camera/bin'
[6.909s] Level 1:colcon.colcon_core.environment:checking '/home/rpi/Downloads/py_send_camera_ws/install/py_send_camera/lib/pkgconfig/py_send_camera.pc'
[6.909s] Level 1:colcon.colcon_core.environment:checking '/home/rpi/Downloads/py_send_camera_ws/install/py_send_camera/lib/python3.10/site-packages'
[6.910s] Level 1:colcon.colcon_core.shell:create_environment_hook('py_send_camera', 'pythonpath')
[6.911s] INFO:colcon.colcon_core.shell:Creating environment hook '/home/rpi/Downloads/py_send_camera_ws/install/py_send_camera/share/py_send_camera/hook/pythonpath.ps1'
[6.913s] INFO:colcon.colcon_core.shell:Creating environment descriptor '/home/rpi/Downloads/py_send_camera_ws/install/py_send_camera/share/py_send_camera/hook/pythonpath.dsv'
[6.914s] INFO:colcon.colcon_core.shell:Creating environment hook '/home/rpi/Downloads/py_send_camera_ws/install/py_send_camera/share/py_send_camera/hook/pythonpath.sh'
[6.917s] Level 1:colcon.colcon_core.environment:checking '/home/rpi/Downloads/py_send_camera_ws/install/py_send_camera/bin'
[6.917s] Level 1:colcon.colcon_core.environment:create_environment_scripts_only(py_send_camera)
[6.918s] INFO:colcon.colcon_core.shell:Creating package script '/home/rpi/Downloads/py_send_camera_ws/install/py_send_camera/share/py_send_camera/package.ps1'
[6.923s] INFO:colcon.colcon_core.shell:Creating package descriptor '/home/rpi/Downloads/py_send_camera_ws/install/py_send_camera/share/py_send_camera/package.dsv'
[6.926s] INFO:colcon.colcon_core.shell:Creating package script '/home/rpi/Downloads/py_send_camera_ws/install/py_send_camera/share/py_send_camera/package.sh'
[6.931s] INFO:colcon.colcon_core.shell:Creating package script '/home/rpi/Downloads/py_send_camera_ws/install/py_send_camera/share/py_send_camera/package.bash'
[6.936s] INFO:colcon.colcon_core.shell:Creating package script '/home/rpi/Downloads/py_send_camera_ws/install/py_send_camera/share/py_send_camera/package.zsh'
[6.941s] Level 1:colcon.colcon_core.environment:create_file_with_runtime_dependencies(/home/rpi/Downloads/py_send_camera_ws/install/py_send_camera/share/colcon-core/packages/py_send_camera)
[6.942s] DEBUG:colcon.colcon_parallel_executor.executor.parallel:closing loop
[6.944s] DEBUG:colcon.colcon_parallel_executor.executor.parallel:loop closed
[6.944s] DEBUG:colcon.colcon_parallel_executor.executor.parallel:run_until_complete finished with '0'
[6.945s] DEBUG:colcon.colcon_core.event_reactor:joining thread
[6.983s] INFO:colcon.colcon_core.plugin_system:Skipping extension 'colcon_notification.desktop_notification.terminal_notifier': Not used on non-Darwin systems
[6.984s] INFO:colcon.colcon_core.plugin_system:Skipping extension 'colcon_notification.desktop_notification.win32': Not used on non-Windows systems
[6.984s] INFO:colcon.colcon_notification.desktop_notification:Sending desktop notification using 'notify2'
[7.056s] DEBUG:colcon.colcon_core.event_reactor:joined thread
[7.057s] INFO:colcon.colcon_core.shell:Creating prefix script '/home/rpi/Downloads/py_send_camera_ws/install/local_setup.ps1'
[7.064s] INFO:colcon.colcon_core.shell:Creating prefix util module '/home/rpi/Downloads/py_send_camera_ws/install/_local_setup_util_ps1.py'
[7.073s] INFO:colcon.colcon_core.shell:Creating prefix chain script '/home/rpi/Downloads/py_send_camera_ws/install/setup.ps1'
[7.079s] INFO:colcon.colcon_core.shell:Creating prefix script '/home/rpi/Downloads/py_send_camera_ws/install/local_setup.sh'
[7.083s] INFO:colcon.colcon_core.shell:Creating prefix util module '/home/rpi/Downloads/py_send_camera_ws/install/_local_setup_util_sh.py'
[7.087s] INFO:colcon.colcon_core.shell:Creating prefix chain script '/home/rpi/Downloads/py_send_camera_ws/install/setup.sh'
[7.094s] INFO:colcon.colcon_core.shell:Creating prefix script '/home/rpi/Downloads/py_send_camera_ws/install/local_setup.bash'
[7.098s] INFO:colcon.colcon_core.shell:Creating prefix chain script '/home/rpi/Downloads/py_send_camera_ws/install/setup.bash'
[7.103s] INFO:colcon.colcon_core.shell:Creating prefix script '/home/rpi/Downloads/py_send_camera_ws/install/local_setup.zsh'
[7.106s] INFO:colcon.colcon_core.shell:Creating prefix chain script '/home/rpi/Downloads/py_send_camera_ws/install/setup.zsh'
