[0.500s] DEBUG:colcon:Command line arguments: ['/usr/bin/colcon', 'build', '--packages-select', 'py_send_camera']
[0.501s] DEBUG:colcon:Parsed command line arguments: Namespace(log_base=None, log_level=None, verb_name='build', build_base='build', install_base='install', merge_install=False, symlink_install=False, test_result_base=None, continue_on_error=False, executor='parallel', parallel_workers=4, event_handlers=None, ignore_user_meta=False, metas=['./colcon.meta'], base_paths=['.'], packages_ignore=None, packages_ignore_regex=None, paths=None, packages_up_to=None, packages_up_to_regex=None, packages_above=None, packages_above_and_dependencies=None, packages_above_depth=None, packages_select_by_dep=None, packages_skip_by_dep=None, packages_skip_up_to=None, packages_select_build_failed=False, packages_skip_build_finished=False, packages_select_test_failures=False, packages_skip_test_passed=False, packages_select=['py_send_camera'], packages_skip=None, packages_select_regex=None, packages_skip_regex=None, packages_start=None, packages_end=None, allow_overriding=[], cmake_args=None, cmake_target=None, cmake_target_skip_unavailable=False, cmake_clean_cache=False, cmake_clean_first=False, cmake_force_configure=False, ament_cmake_args=None, catkin_cmake_args=None, catkin_skip_building_tests=False, verb_parser=<colcon_defaults.argument_parser.defaults.DefaultArgumentsDecorator object at 0xffffae898b50>, verb_extension=<colcon_core.verb.build.BuildVerb object at 0xffffae9ed6f0>, main=<bound method BuildVerb.main of <colcon_core.verb.build.BuildVerb object at 0xffffae9ed6f0>>)
[1.382s] Level 1:colcon.colcon_core.package_discovery:discover_packages(colcon_meta) check parameters
[1.383s] Level 1:colcon.colcon_core.package_discovery:discover_packages(recursive) check parameters
[1.383s] Level 1:colcon.colcon_core.package_discovery:discover_packages(ignore) check parameters
[1.383s] Level 1:colcon.colcon_core.package_discovery:discover_packages(path) check parameters
[1.383s] Level 1:colcon.colcon_core.package_discovery:discover_packages(colcon_meta) discover
[1.383s] Level 1:colcon.colcon_core.package_discovery:discover_packages(recursive) discover
[1.384s] INFO:colcon.colcon_core.package_discovery:Crawling recursively for packages in '/home/rpi/Desktop/py_send_camera_ws'
[1.384s] Level 1:colcon.colcon_core.package_identification:_identify(.) by extensions ['ignore', 'ignore_ament_install']
[1.384s] Level 1:colcon.colcon_core.package_identification:_identify(.) by extension 'ignore'
[1.385s] Level 1:colcon.colcon_core.package_identification:_identify(.) by extension 'ignore_ament_install'
[1.385s] Level 1:colcon.colcon_core.package_identification:_identify(.) by extensions ['colcon_pkg']
[1.385s] Level 1:colcon.colcon_core.package_identification:_identify(.) by extension 'colcon_pkg'
[1.385s] Level 1:colcon.colcon_core.package_identification:_identify(.) by extensions ['colcon_meta']
[1.385s] Level 1:colcon.colcon_core.package_identification:_identify(.) by extension 'colcon_meta'
[1.385s] Level 1:colcon.colcon_core.package_identification:_identify(.) by extensions ['ros']
[1.386s] Level 1:colcon.colcon_core.package_identification:_identify(.) by extension 'ros'
[1.434s] Level 1:colcon.colcon_core.package_identification:_identify(.) by extensions ['cmake', 'python']
[1.435s] Level 1:colcon.colcon_core.package_identification:_identify(.) by extension 'cmake'
[1.435s] Level 1:colcon.colcon_core.package_identification:_identify(.) by extension 'python'
[1.435s] Level 1:colcon.colcon_core.package_identification:_identify(.) by extensions ['python_setup_py']
[1.435s] Level 1:colcon.colcon_core.package_identification:_identify(.) by extension 'python_setup_py'
[1.436s] Level 1:colcon.colcon_core.package_identification:_identify(build) by extensions ['ignore', 'ignore_ament_install']
[1.436s] Level 1:colcon.colcon_core.package_identification:_identify(build) by extension 'ignore'
[1.437s] Level 1:colcon.colcon_core.package_identification:_identify(build) ignored
[1.437s] Level 1:colcon.colcon_core.package_identification:_identify(install) by extensions ['ignore', 'ignore_ament_install']
[1.438s] Level 1:colcon.colcon_core.package_identification:_identify(install) by extension 'ignore'
[1.438s] Level 1:colcon.colcon_core.package_identification:_identify(install) ignored
[1.439s] Level 1:colcon.colcon_core.package_identification:_identify(log) by extensions ['ignore', 'ignore_ament_install']
[1.440s] Level 1:colcon.colcon_core.package_identification:_identify(log) by extension 'ignore'
[1.440s] Level 1:colcon.colcon_core.package_identification:_identify(log) ignored
[1.441s] Level 1:colcon.colcon_core.package_identification:_identify(src) by extensions ['ignore', 'ignore_ament_install']
[1.441s] Level 1:colcon.colcon_core.package_identification:_identify(src) by extension 'ignore'
[1.442s] Level 1:colcon.colcon_core.package_identification:_identify(src) by extension 'ignore_ament_install'
[1.442s] Level 1:colcon.colcon_core.package_identification:_identify(src) by extensions ['colcon_pkg']
[1.442s] Level 1:colcon.colcon_core.package_identification:_identify(src) by extension 'colcon_pkg'
[1.442s] Level 1:colcon.colcon_core.package_identification:_identify(src) by extensions ['colcon_meta']
[1.443s] Level 1:colcon.colcon_core.package_identification:_identify(src) by extension 'colcon_meta'
[1.443s] Level 1:colcon.colcon_core.package_identification:_identify(src) by extensions ['ros']
[1.443s] Level 1:colcon.colcon_core.package_identification:_identify(src) by extension 'ros'
[1.444s] Level 1:colcon.colcon_core.package_identification:_identify(src) by extensions ['cmake', 'python']
[1.444s] Level 1:colcon.colcon_core.package_identification:_identify(src) by extension 'cmake'
[1.444s] Level 1:colcon.colcon_core.package_identification:_identify(src) by extension 'python'
[1.444s] Level 1:colcon.colcon_core.package_identification:_identify(src) by extensions ['python_setup_py']
[1.444s] Level 1:colcon.colcon_core.package_identification:_identify(src) by extension 'python_setup_py'
[1.445s] Level 1:colcon.colcon_core.package_identification:_identify(src/build) by extensions ['ignore', 'ignore_ament_install']
[1.445s] Level 1:colcon.colcon_core.package_identification:_identify(src/build) by extension 'ignore'
[1.446s] Level 1:colcon.colcon_core.package_identification:_identify(src/build) ignored
[1.446s] Level 1:colcon.colcon_core.package_identification:_identify(src/install) by extensions ['ignore', 'ignore_ament_install']
[1.447s] Level 1:colcon.colcon_core.package_identification:_identify(src/install) by extension 'ignore'
[1.447s] Level 1:colcon.colcon_core.package_identification:_identify(src/install) ignored
[1.448s] Level 1:colcon.colcon_core.package_identification:_identify(src/log) by extensions ['ignore', 'ignore_ament_install']
[1.448s] Level 1:colcon.colcon_core.package_identification:_identify(src/log) by extension 'ignore'
[1.448s] Level 1:colcon.colcon_core.package_identification:_identify(src/log) ignored
[1.449s] Level 1:colcon.colcon_core.package_identification:_identify(src/py_send_camera) by extensions ['ignore', 'ignore_ament_install']
[1.450s] Level 1:colcon.colcon_core.package_identification:_identify(src/py_send_camera) by extension 'ignore'
[1.450s] Level 1:colcon.colcon_core.package_identification:_identify(src/py_send_camera) by extension 'ignore_ament_install'
[1.450s] Level 1:colcon.colcon_core.package_identification:_identify(src/py_send_camera) by extensions ['colcon_pkg']
[1.450s] Level 1:colcon.colcon_core.package_identification:_identify(src/py_send_camera) by extension 'colcon_pkg'
[1.451s] Level 1:colcon.colcon_core.package_identification:_identify(src/py_send_camera) by extensions ['colcon_meta']
[1.451s] Level 1:colcon.colcon_core.package_identification:_identify(src/py_send_camera) by extension 'colcon_meta'
[1.451s] Level 1:colcon.colcon_core.package_identification:_identify(src/py_send_camera) by extensions ['ros']
[1.452s] Level 1:colcon.colcon_core.package_identification:_identify(src/py_send_camera) by extension 'ros'
[1.462s] DEBUG:colcon.colcon_core.package_identification:Package 'src/py_send_camera' with type 'ros.ament_python' and name 'py_send_camera'
[1.463s] Level 1:colcon.colcon_core.package_discovery:discover_packages(recursive) using defaults
[1.463s] Level 1:colcon.colcon_core.package_discovery:discover_packages(ignore) discover
[1.463s] Level 1:colcon.colcon_core.package_discovery:discover_packages(ignore) using defaults
[1.463s] Level 1:colcon.colcon_core.package_discovery:discover_packages(path) discover
[1.463s] Level 1:colcon.colcon_core.package_discovery:discover_packages(path) using defaults
[1.555s] Level 1:colcon.colcon_core.package_discovery:discover_packages(prefix_path) check parameters
[1.555s] Level 1:colcon.colcon_core.package_discovery:discover_packages(prefix_path) discover
[1.565s] DEBUG:colcon.colcon_installed_package_information.package_discovery:Found 1 installed packages in /home/rpi/Desktop/py_send_camera_ws/install
[1.567s] DEBUG:colcon.colcon_installed_package_information.package_discovery:Found 0 installed packages in /home/rpi/Desktop/py_send_camera_ws/src/py_send_camera/py_send_camera/install
[1.577s] DEBUG:colcon.colcon_installed_package_information.package_discovery:Found 270 installed packages in /opt/ros/humble
[1.634s] Level 1:colcon.colcon_core.package_discovery:discover_packages(prefix_path) using defaults
[1.839s] Level 5:colcon.colcon_core.verb:set package 'py_send_camera' build argument 'cmake_args' from command line to 'None'
[1.839s] Level 5:colcon.colcon_core.verb:set package 'py_send_camera' build argument 'cmake_target' from command line to 'None'
[1.840s] Level 5:colcon.colcon_core.verb:set package 'py_send_camera' build argument 'cmake_target_skip_unavailable' from command line to 'False'
[1.840s] Level 5:colcon.colcon_core.verb:set package 'py_send_camera' build argument 'cmake_clean_cache' from command line to 'False'
[1.840s] Level 5:colcon.colcon_core.verb:set package 'py_send_camera' build argument 'cmake_clean_first' from command line to 'False'
[1.840s] Level 5:colcon.colcon_core.verb:set package 'py_send_camera' build argument 'cmake_force_configure' from command line to 'False'
[1.840s] Level 5:colcon.colcon_core.verb:set package 'py_send_camera' build argument 'ament_cmake_args' from command line to 'None'
[1.840s] Level 5:colcon.colcon_core.verb:set package 'py_send_camera' build argument 'catkin_cmake_args' from command line to 'None'
[1.840s] Level 5:colcon.colcon_core.verb:set package 'py_send_camera' build argument 'catkin_skip_building_tests' from command line to 'False'
[1.840s] DEBUG:colcon.colcon_core.verb:Building package 'py_send_camera' with the following arguments: {'ament_cmake_args': None, 'build_base': '/home/rpi/Desktop/py_send_camera_ws/build/py_send_camera', 'catkin_cmake_args': None, 'catkin_skip_building_tests': False, 'cmake_args': None, 'cmake_clean_cache': False, 'cmake_clean_first': False, 'cmake_force_configure': False, 'cmake_target': None, 'cmake_target_skip_unavailable': False, 'install_base': '/home/rpi/Desktop/py_send_camera_ws/install/py_send_camera', 'merge_install': False, 'path': '/home/rpi/Desktop/py_send_camera_ws/src/py_send_camera', 'symlink_install': False, 'test_result_base': None}
[1.841s] INFO:colcon.colcon_core.executor:Executing jobs using 'parallel' executor
[1.845s] DEBUG:colcon.colcon_parallel_executor.executor.parallel:run_until_complete
[1.847s] INFO:colcon.colcon_ros.task.ament_python.build:Building ROS package in '/home/rpi/Desktop/py_send_camera_ws/src/py_send_camera' with build type 'ament_python'
[1.848s] Level 1:colcon.colcon_core.shell:create_environment_hook('py_send_camera', 'ament_prefix_path')
[1.860s] INFO:colcon.colcon_core.plugin_system:Skipping extension 'colcon_core.shell.bat': Not used on non-Windows systems
[1.861s] INFO:colcon.colcon_core.shell:Creating environment hook '/home/rpi/Desktop/py_send_camera_ws/install/py_send_camera/share/py_send_camera/hook/ament_prefix_path.ps1'
[1.864s] INFO:colcon.colcon_core.shell:Creating environment descriptor '/home/rpi/Desktop/py_send_camera_ws/install/py_send_camera/share/py_send_camera/hook/ament_prefix_path.dsv'
[1.868s] INFO:colcon.colcon_core.shell:Creating environment hook '/home/rpi/Desktop/py_send_camera_ws/install/py_send_camera/share/py_send_camera/hook/ament_prefix_path.sh'
[1.872s] INFO:colcon.colcon_core.shell:Skip shell extension 'powershell' for command environment: Not usable outside of PowerShell
[1.872s] DEBUG:colcon.colcon_core.shell:Skip shell extension 'dsv' for command environment
[3.225s] INFO:colcon.colcon_core.task.python.build:Building Python package in '/home/rpi/Desktop/py_send_camera_ws/src/py_send_camera'
[3.226s] INFO:colcon.colcon_core.shell:Skip shell extension 'powershell' for command environment: Not usable outside of PowerShell
[3.226s] DEBUG:colcon.colcon_core.shell:Skip shell extension 'dsv' for command environment
[4.803s] DEBUG:colcon.colcon_core.event_handler.log_command:Invoking command in '/home/rpi/Desktop/py_send_camera_ws/src/py_send_camera': PYTHONPATH=/home/rpi/Desktop/py_send_camera_ws/build/py_send_camera/prefix_override:/home/rpi/Desktop/py_send_camera_ws/install/py_send_camera/lib/python3.10/site-packages:${PYTHONPATH} /usr/bin/python3 -W ignore:setup.py install is deprecated setup.py egg_info --egg-base ../../build/py_send_camera build --build-base /home/rpi/Desktop/py_send_camera_ws/build/py_send_camera/build install --record /home/rpi/Desktop/py_send_camera_ws/build/py_send_camera/install.log --single-version-externally-managed install_data
[6.227s] DEBUG:colcon.colcon_core.event_handler.log_command:Invoked command in '/home/rpi/Desktop/py_send_camera_ws/src/py_send_camera' returned '0': PYTHONPATH=/home/rpi/Desktop/py_send_camera_ws/build/py_send_camera/prefix_override:/home/rpi/Desktop/py_send_camera_ws/install/py_send_camera/lib/python3.10/site-packages:${PYTHONPATH} /usr/bin/python3 -W ignore:setup.py install is deprecated setup.py egg_info --egg-base ../../build/py_send_camera build --build-base /home/rpi/Desktop/py_send_camera_ws/build/py_send_camera/build install --record /home/rpi/Desktop/py_send_camera_ws/build/py_send_camera/install.log --single-version-externally-managed install_data
[6.237s] Level 1:colcon.colcon_core.environment:checking '/home/rpi/Desktop/py_send_camera_ws/install/py_send_camera' for CMake module files
[6.239s] Level 1:colcon.colcon_core.environment:checking '/home/rpi/Desktop/py_send_camera_ws/install/py_send_camera' for CMake config files
[6.244s] Level 1:colcon.colcon_core.environment:checking '/home/rpi/Desktop/py_send_camera_ws/install/py_send_camera/lib'
[6.245s] Level 1:colcon.colcon_core.environment:checking '/home/rpi/Desktop/py_send_camera_ws/install/py_send_camera/bin'
[6.245s] Level 1:colcon.colcon_core.environment:checking '/home/rpi/Desktop/py_send_camera_ws/install/py_send_camera/lib/pkgconfig/py_send_camera.pc'
[6.246s] Level 1:colcon.colcon_core.environment:checking '/home/rpi/Desktop/py_send_camera_ws/install/py_send_camera/lib/python3.10/site-packages'
[6.246s] Level 1:colcon.colcon_core.shell:create_environment_hook('py_send_camera', 'pythonpath')
[6.247s] INFO:colcon.colcon_core.shell:Creating environment hook '/home/rpi/Desktop/py_send_camera_ws/install/py_send_camera/share/py_send_camera/hook/pythonpath.ps1'
[6.249s] INFO:colcon.colcon_core.shell:Creating environment descriptor '/home/rpi/Desktop/py_send_camera_ws/install/py_send_camera/share/py_send_camera/hook/pythonpath.dsv'
[6.251s] INFO:colcon.colcon_core.shell:Creating environment hook '/home/rpi/Desktop/py_send_camera_ws/install/py_send_camera/share/py_send_camera/hook/pythonpath.sh'
[6.254s] Level 1:colcon.colcon_core.environment:checking '/home/rpi/Desktop/py_send_camera_ws/install/py_send_camera/bin'
[6.254s] Level 1:colcon.colcon_core.environment:create_environment_scripts_only(py_send_camera)
[6.256s] INFO:colcon.colcon_core.shell:Creating package script '/home/rpi/Desktop/py_send_camera_ws/install/py_send_camera/share/py_send_camera/package.ps1'
[6.259s] INFO:colcon.colcon_core.shell:Creating package descriptor '/home/rpi/Desktop/py_send_camera_ws/install/py_send_camera/share/py_send_camera/package.dsv'
[6.262s] INFO:colcon.colcon_core.shell:Creating package script '/home/rpi/Desktop/py_send_camera_ws/install/py_send_camera/share/py_send_camera/package.sh'
[6.266s] INFO:colcon.colcon_core.shell:Creating package script '/home/rpi/Desktop/py_send_camera_ws/install/py_send_camera/share/py_send_camera/package.bash'
[6.269s] INFO:colcon.colcon_core.shell:Creating package script '/home/rpi/Desktop/py_send_camera_ws/install/py_send_camera/share/py_send_camera/package.zsh'
[6.273s] Level 1:colcon.colcon_core.environment:create_file_with_runtime_dependencies(/home/rpi/Desktop/py_send_camera_ws/install/py_send_camera/share/colcon-core/packages/py_send_camera)
[6.274s] DEBUG:colcon.colcon_parallel_executor.executor.parallel:closing loop
[6.275s] DEBUG:colcon.colcon_parallel_executor.executor.parallel:loop closed
[6.275s] DEBUG:colcon.colcon_parallel_executor.executor.parallel:run_until_complete finished with '0'
[6.276s] DEBUG:colcon.colcon_core.event_reactor:joining thread
[6.299s] INFO:colcon.colcon_core.plugin_system:Skipping extension 'colcon_notification.desktop_notification.terminal_notifier': Not used on non-Darwin systems
[6.299s] INFO:colcon.colcon_core.plugin_system:Skipping extension 'colcon_notification.desktop_notification.win32': Not used on non-Windows systems
[6.300s] INFO:colcon.colcon_notification.desktop_notification:Sending desktop notification using 'notify2'
[6.364s] DEBUG:colcon.colcon_core.event_reactor:joined thread
[6.366s] INFO:colcon.colcon_core.shell:Creating prefix script '/home/rpi/Desktop/py_send_camera_ws/install/local_setup.ps1'
[6.371s] INFO:colcon.colcon_core.shell:Creating prefix util module '/home/rpi/Desktop/py_send_camera_ws/install/_local_setup_util_ps1.py'
[6.380s] INFO:colcon.colcon_core.shell:Creating prefix chain script '/home/rpi/Desktop/py_send_camera_ws/install/setup.ps1'
[6.389s] INFO:colcon.colcon_core.shell:Creating prefix script '/home/rpi/Desktop/py_send_camera_ws/install/local_setup.sh'
[6.396s] INFO:colcon.colcon_core.shell:Creating prefix util module '/home/rpi/Desktop/py_send_camera_ws/install/_local_setup_util_sh.py'
[6.405s] INFO:colcon.colcon_core.shell:Creating prefix chain script '/home/rpi/Desktop/py_send_camera_ws/install/setup.sh'
[6.414s] INFO:colcon.colcon_core.shell:Creating prefix script '/home/rpi/Desktop/py_send_camera_ws/install/local_setup.bash'
[6.417s] INFO:colcon.colcon_core.shell:Creating prefix chain script '/home/rpi/Desktop/py_send_camera_ws/install/setup.bash'
[6.424s] INFO:colcon.colcon_core.shell:Creating prefix script '/home/rpi/Desktop/py_send_camera_ws/install/local_setup.zsh'
[6.428s] INFO:colcon.colcon_core.shell:Creating prefix chain script '/home/rpi/Desktop/py_send_camera_ws/install/setup.zsh'
