[3.450s] Invoking command in '/home/rpi/Desktop/py_send_camera_ws/src/py_send_camera': PYTHONPATH=/home/rpi/Desktop/py_send_camera_ws/build/py_send_camera/prefix_override:/home/rpi/Desktop/py_send_camera_ws/install/py_send_camera/lib/python3.10/site-packages:${PYTHONPATH} /usr/bin/python3 -W ignore:setup.py install is deprecated setup.py egg_info --egg-base ../../build/py_send_camera build --build-base /home/rpi/Desktop/py_send_camera_ws/build/py_send_camera/build install --record /home/rpi/Desktop/py_send_camera_ws/build/py_send_camera/install.log --single-version-externally-managed install_data
[4.650s] running egg_info
[4.653s] writing ../../build/py_send_camera/py_send_camera.egg-info/PKG-INFO
[4.654s] writing dependency_links to ../../build/py_send_camera/py_send_camera.egg-info/dependency_links.txt
[4.655s] writing entry points to ../../build/py_send_camera/py_send_camera.egg-info/entry_points.txt
[4.656s] writing requirements to ../../build/py_send_camera/py_send_camera.egg-info/requires.txt
[4.656s] writing top-level names to ../../build/py_send_camera/py_send_camera.egg-info/top_level.txt
[4.665s] reading manifest file '../../build/py_send_camera/py_send_camera.egg-info/SOURCES.txt'
[4.669s] writing manifest file '../../build/py_send_camera/py_send_camera.egg-info/SOURCES.txt'
[4.670s] running build
[4.674s] running build_py
[4.675s] copying py_send_camera/send_camera.py -> /home/rpi/Desktop/py_send_camera_ws/build/py_send_camera/build/lib/py_send_camera
[4.676s] running install
[4.678s] running install_lib
[4.680s] copying /home/rpi/Desktop/py_send_camera_ws/build/py_send_camera/build/lib/py_send_camera/send_camera.py -> /home/rpi/Desktop/py_send_camera_ws/install/py_send_camera/lib/python3.10/site-packages/py_send_camera
[4.683s] byte-compiling /home/rpi/Desktop/py_send_camera_ws/install/py_send_camera/lib/python3.10/site-packages/py_send_camera/send_camera.py to send_camera.cpython-310.pyc
[4.688s] running install_data
[4.688s] running install_egg_info
[4.695s] removing '/home/rpi/Desktop/py_send_camera_ws/install/py_send_camera/lib/python3.10/site-packages/py_send_camera-0.0.0-py3.10.egg-info' (and everything under it)
[4.697s] Copying ../../build/py_send_camera/py_send_camera.egg-info to /home/rpi/Desktop/py_send_camera_ws/install/py_send_camera/lib/python3.10/site-packages/py_send_camera-0.0.0-py3.10.egg-info
[4.702s] running install_scripts
[4.796s] Installing send_camera script to /home/rpi/Desktop/py_send_camera_ws/install/py_send_camera/lib/py_send_camera
[4.800s] writing list of installed files to '/home/rpi/Desktop/py_send_camera_ws/build/py_send_camera/install.log'
[4.946s] Invoked command in '/home/rpi/Desktop/py_send_camera_ws/src/py_send_camera' returned '0': PYTHONPATH=/home/rpi/Desktop/py_send_camera_ws/build/py_send_camera/prefix_override:/home/rpi/Desktop/py_send_camera_ws/install/py_send_camera/lib/python3.10/site-packages:${PYTHONPATH} /usr/bin/python3 -W ignore:setup.py install is deprecated setup.py egg_info --egg-base ../../build/py_send_camera build --build-base /home/rpi/Desktop/py_send_camera_ws/build/py_send_camera/build install --record /home/rpi/Desktop/py_send_camera_ws/build/py_send_camera/install.log --single-version-externally-managed install_data
