[5.728s] Invoking command in '/home/rpi/Desktop/py_send_camera_ws/src/py_send_camera': PYTHONPATH=/home/rpi/Desktop/py_send_camera_ws/build/py_send_camera/prefix_override:/home/rpi/Desktop/py_send_camera_ws/install/py_send_camera/lib/python3.10/site-packages:${PYTHONPATH} /usr/bin/python3 -W ignore:setup.py install is deprecated setup.py egg_info --egg-base ../../build/py_send_camera build --build-base /home/rpi/Desktop/py_send_camera_ws/build/py_send_camera/build install --record /home/rpi/Desktop/py_send_camera_ws/build/py_send_camera/install.log --single-version-externally-managed install_data
[7.820s] running egg_info
[7.824s] writing ../../build/py_send_camera/py_send_camera.egg-info/PKG-INFO
[7.825s] writing dependency_links to ../../build/py_send_camera/py_send_camera.egg-info/dependency_links.txt
[7.831s] writing entry points to ../../build/py_send_camera/py_send_camera.egg-info/entry_points.txt
[7.832s] writing requirements to ../../build/py_send_camera/py_send_camera.egg-info/requires.txt
[7.838s] writing top-level names to ../../build/py_send_camera/py_send_camera.egg-info/top_level.txt
[7.858s] reading manifest file '../../build/py_send_camera/py_send_camera.egg-info/SOURCES.txt'
[7.871s] writing manifest file '../../build/py_send_camera/py_send_camera.egg-info/SOURCES.txt'
[7.874s] running build
[7.876s] running build_py
[7.879s] copying py_send_camera/send_camera.py -> /home/rpi/Desktop/py_send_camera_ws/build/py_send_camera/build/lib/py_send_camera
[7.883s] running install
[7.884s] running install_lib
[7.889s] copying /home/rpi/Desktop/py_send_camera_ws/build/py_send_camera/build/lib/py_send_camera/send_camera.py -> /home/rpi/Desktop/py_send_camera_ws/install/py_send_camera/lib/python3.10/site-packages/py_send_camera
[7.895s] byte-compiling /home/rpi/Desktop/py_send_camera_ws/install/py_send_camera/lib/python3.10/site-packages/py_send_camera/send_camera.py to send_camera.cpython-310.pyc
[7.898s]   File "/home/rpi/Desktop/py_send_camera_ws/install/py_send_camera/lib/python3.10/site-packages/py_send_camera/send_camera.py", line 106
[7.899s]     print(f"moments= {moments["m00"]}")
[7.900s]                                ^^^
[7.901s] SyntaxError: f-string: unmatched '['
[7.902s] 
[7.903s] running install_data
[7.903s] running install_egg_info
[7.912s] removing '/home/rpi/Desktop/py_send_camera_ws/install/py_send_camera/lib/python3.10/site-packages/py_send_camera-0.0.0-py3.10.egg-info' (and everything under it)
[7.929s] Copying ../../build/py_send_camera/py_send_camera.egg-info to /home/rpi/Desktop/py_send_camera_ws/install/py_send_camera/lib/python3.10/site-packages/py_send_camera-0.0.0-py3.10.egg-info
[7.942s] running install_scripts
[8.111s] Installing send_camera script to /home/rpi/Desktop/py_send_camera_ws/install/py_send_camera/lib/py_send_camera
[8.114s] writing list of installed files to '/home/rpi/Desktop/py_send_camera_ws/build/py_send_camera/install.log'
[8.419s] Invoked command in '/home/rpi/Desktop/py_send_camera_ws/src/py_send_camera' returned '0': PYTHONPATH=/home/rpi/Desktop/py_send_camera_ws/build/py_send_camera/prefix_override:/home/rpi/Desktop/py_send_camera_ws/install/py_send_camera/lib/python3.10/site-packages:${PYTHONPATH} /usr/bin/python3 -W ignore:setup.py install is deprecated setup.py egg_info --egg-base ../../build/py_send_camera build --build-base /home/rpi/Desktop/py_send_camera_ws/build/py_send_camera/build install --record /home/rpi/Desktop/py_send_camera_ws/build/py_send_camera/install.log --single-version-externally-managed install_data
