[0.797s] Invoking command in '/home/kerhoas/WORKSPACE_WEB2/ROBOT_ROS_/py_send_camera_ws/src/py_send_camera': PYTHONPATH=/home/kerhoas/WORKSPACE_WEB2/ROBOT_ROS_/py_send_camera_ws/build/py_send_camera/prefix_override:/home/kerhoas/WORKSPACE_WEB2/ROBOT_ROS_/py_send_camera_ws/install/py_send_camera/lib/python3.10/site-packages:${PYTHONPATH} /usr/bin/python3 setup.py egg_info --egg-base ../../build/py_send_camera build --build-base /home/kerhoas/WORKSPACE_WEB2/ROBOT_ROS_/py_send_camera_ws/build/py_send_camera/build install --record /home/kerhoas/WORKSPACE_WEB2/ROBOT_ROS_/py_send_camera_ws/build/py_send_camera/install.log --single-version-externally-managed
[0.996s] running egg_info
[0.996s] writing ../../build/py_send_camera/py_send_camera.egg-info/PKG-INFO
[1.002s] writing dependency_links to ../../build/py_send_camera/py_send_camera.egg-info/dependency_links.txt
[1.003s] writing entry points to ../../build/py_send_camera/py_send_camera.egg-info/entry_points.txt
[1.003s] writing requirements to ../../build/py_send_camera/py_send_camera.egg-info/requires.txt
[1.003s] writing top-level names to ../../build/py_send_camera/py_send_camera.egg-info/top_level.txt
[1.005s] reading manifest file '../../build/py_send_camera/py_send_camera.egg-info/SOURCES.txt'
[1.006s] writing manifest file '../../build/py_send_camera/py_send_camera.egg-info/SOURCES.txt'
[1.006s] running build
[1.006s] running build_py
[1.006s] copying py_send_camera/send_camera.py -> /home/kerhoas/WORKSPACE_WEB2/ROBOT_ROS_/py_send_camera_ws/build/py_send_camera/build/lib/py_send_camera
[1.006s] running install
[1.007s] /usr/lib/python3/dist-packages/setuptools/command/install.py:34: SetuptoolsDeprecationWarning: setup.py install is deprecated. Use build and pip and other standards-based tools.
[1.007s]   warnings.warn(
[1.007s] running install_lib
[1.008s] copying /home/kerhoas/WORKSPACE_WEB2/ROBOT_ROS_/py_send_camera_ws/build/py_send_camera/build/lib/py_send_camera/send_camera.py -> /home/kerhoas/WORKSPACE_WEB2/ROBOT_ROS_/py_send_camera_ws/install/py_send_camera/lib/python3.10/site-packages/py_send_camera
[1.009s] byte-compiling /home/kerhoas/WORKSPACE_WEB2/ROBOT_ROS_/py_send_camera_ws/install/py_send_camera/lib/python3.10/site-packages/py_send_camera/send_camera.py to send_camera.cpython-310.pyc
[1.009s] running install_data
[1.010s] running install_egg_info
[1.011s] removing '/home/kerhoas/WORKSPACE_WEB2/ROBOT_ROS_/py_send_camera_ws/install/py_send_camera/lib/python3.10/site-packages/py_send_camera-0.0.0-py3.10.egg-info' (and everything under it)
[1.011s] Copying ../../build/py_send_camera/py_send_camera.egg-info to /home/kerhoas/WORKSPACE_WEB2/ROBOT_ROS_/py_send_camera_ws/install/py_send_camera/lib/python3.10/site-packages/py_send_camera-0.0.0-py3.10.egg-info
[1.011s] running install_scripts
[1.026s] Installing send_camera script to /home/kerhoas/WORKSPACE_WEB2/ROBOT_ROS_/py_send_camera_ws/install/py_send_camera/lib/py_send_camera
[1.026s] writing list of installed files to '/home/kerhoas/WORKSPACE_WEB2/ROBOT_ROS_/py_send_camera_ws/build/py_send_camera/install.log'
[1.044s] Invoked command in '/home/kerhoas/WORKSPACE_WEB2/ROBOT_ROS_/py_send_camera_ws/src/py_send_camera' returned '0': PYTHONPATH=/home/kerhoas/WORKSPACE_WEB2/ROBOT_ROS_/py_send_camera_ws/build/py_send_camera/prefix_override:/home/kerhoas/WORKSPACE_WEB2/ROBOT_ROS_/py_send_camera_ws/install/py_send_camera/lib/python3.10/site-packages:${PYTHONPATH} /usr/bin/python3 setup.py egg_info --egg-base ../../build/py_send_camera build --build-base /home/kerhoas/WORKSPACE_WEB2/ROBOT_ROS_/py_send_camera_ws/build/py_send_camera/build install --record /home/kerhoas/WORKSPACE_WEB2/ROBOT_ROS_/py_send_camera_ws/build/py_send_camera/install.log --single-version-externally-managed
