[4.184s] DEBUG:colcon:Command line arguments: ['/home/TP/tools/miniconda3/envs/E021_3_6/bin/colcon', 'build', '--packages-select', 'py_ihm']
[4.184s] DEBUG:colcon:Parsed command line arguments: Namespace(ament_cmake_args=None, base_paths=['.'], build_base='build', catkin_cmake_args=None, catkin_skip_building_tests=False, cmake_args=None, cmake_clean_cache=False, cmake_clean_first=False, cmake_force_configure=False, cmake_target=None, cmake_target_skip_unavailable=False, continue_on_error=False, event_handlers=None, executor='parallel', ignore_user_meta=False, install_base='install', log_base=None, log_level=None, main=<bound method BuildVerb.main of <colcon_core.verb.build.BuildVerb object at 0x7fe256837c88>>, merge_install=False, metas=['./colcon.meta'], packages_above=None, packages_above_and_dependencies=None, packages_above_depth=None, packages_end=None, packages_ignore=None, packages_ignore_regex=None, packages_select=['py_ihm'], packages_select_build_failed=False, packages_select_by_dep=None, packages_select_regex=None, packages_select_test_failures=False, packages_skip=None, packages_skip_build_finished=False, packages_skip_by_dep=None, packages_skip_regex=None, packages_skip_test_passed=False, packages_skip_up_to=None, packages_start=None, packages_up_to=None, packages_up_to_regex=None, parallel_workers=12, paths=None, symlink_install=False, test_result_base=None, verb_extension=<colcon_core.verb.build.BuildVerb object at 0x7fe256837c88>, verb_name='build', verb_parser=<colcon_defaults.argument_parser.defaults.DefaultArgumentsDecorator object at 0x7fe256843898>)
[4.470s] Level 1:colcon.colcon_core.package_discovery:discover_packages(colcon_meta) check parameters
[4.470s] Level 1:colcon.colcon_core.package_discovery:discover_packages(recursive) check parameters
[4.471s] Level 1:colcon.colcon_core.package_discovery:discover_packages(ignore) check parameters
[4.472s] Level 1:colcon.colcon_core.package_discovery:discover_packages(path) check parameters
[4.473s] Level 1:colcon.colcon_core.package_discovery:discover_packages(colcon_meta) discover
[4.474s] Level 1:colcon.colcon_core.package_discovery:discover_packages(recursive) discover
[4.475s] INFO:colcon.colcon_core.package_discovery:Crawling recursively for packages in '/home/e2023/m3eljily/Bureau/robot_mobile/UI'
[4.476s] Level 1:colcon.colcon_core.package_identification:_identify(.) by extensions ['ignore', 'ignore_ament_install']
[4.476s] Level 1:colcon.colcon_core.package_identification:_identify(.) by extension 'ignore'
[4.477s] Level 1:colcon.colcon_core.package_identification:_identify(.) by extension 'ignore_ament_install'
[4.478s] Level 1:colcon.colcon_core.package_identification:_identify(.) by extensions ['colcon_pkg']
[4.479s] Level 1:colcon.colcon_core.package_identification:_identify(.) by extension 'colcon_pkg'
[4.479s] Level 1:colcon.colcon_core.package_identification:_identify(.) by extensions ['colcon_meta']
[4.480s] Level 1:colcon.colcon_core.package_identification:_identify(.) by extension 'colcon_meta'
[4.480s] Level 1:colcon.colcon_core.package_identification:_identify(.) by extensions ['ros']
[4.481s] Level 1:colcon.colcon_core.package_identification:_identify(.) by extension 'ros'
[4.654s] Level 1:colcon.colcon_core.package_identification:_identify(.) by extensions ['cmake', 'python']
[4.654s] Level 1:colcon.colcon_core.package_identification:_identify(.) by extension 'cmake'
[4.655s] Level 1:colcon.colcon_core.package_identification:_identify(.) by extension 'python'
[4.656s] Level 1:colcon.colcon_core.package_identification:_identify(.) by extensions ['python_setup_py']
[4.657s] Level 1:colcon.colcon_core.package_identification:_identify(.) by extension 'python_setup_py'
[4.659s] Level 1:colcon.colcon_core.package_identification:_identify(build) by extensions ['ignore', 'ignore_ament_install']
[4.659s] Level 1:colcon.colcon_core.package_identification:_identify(build) by extension 'ignore'
[4.660s] Level 1:colcon.colcon_core.package_identification:_identify(build) ignored
[4.662s] Level 1:colcon.colcon_core.package_identification:_identify(install) by extensions ['ignore', 'ignore_ament_install']
[4.663s] Level 1:colcon.colcon_core.package_identification:_identify(install) by extension 'ignore'
[4.664s] Level 1:colcon.colcon_core.package_identification:_identify(install) ignored
[4.666s] Level 1:colcon.colcon_core.package_identification:_identify(log) by extensions ['ignore', 'ignore_ament_install']
[4.666s] Level 1:colcon.colcon_core.package_identification:_identify(log) by extension 'ignore'
[4.667s] Level 1:colcon.colcon_core.package_identification:_identify(log) ignored
[4.668s] Level 1:colcon.colcon_core.package_identification:_identify(pyqt_ihm_ros2_ws) by extensions ['ignore', 'ignore_ament_install']
[4.668s] Level 1:colcon.colcon_core.package_identification:_identify(pyqt_ihm_ros2_ws) by extension 'ignore'
[4.669s] Level 1:colcon.colcon_core.package_identification:_identify(pyqt_ihm_ros2_ws) by extension 'ignore_ament_install'
[4.670s] Level 1:colcon.colcon_core.package_identification:_identify(pyqt_ihm_ros2_ws) by extensions ['colcon_pkg']
[4.670s] Level 1:colcon.colcon_core.package_identification:_identify(pyqt_ihm_ros2_ws) by extension 'colcon_pkg'
[4.670s] Level 1:colcon.colcon_core.package_identification:_identify(pyqt_ihm_ros2_ws) by extensions ['colcon_meta']
[4.671s] Level 1:colcon.colcon_core.package_identification:_identify(pyqt_ihm_ros2_ws) by extension 'colcon_meta'
[4.671s] Level 1:colcon.colcon_core.package_identification:_identify(pyqt_ihm_ros2_ws) by extensions ['ros']
[4.672s] Level 1:colcon.colcon_core.package_identification:_identify(pyqt_ihm_ros2_ws) by extension 'ros'
[4.672s] Level 1:colcon.colcon_core.package_identification:_identify(pyqt_ihm_ros2_ws) by extensions ['cmake', 'python']
[4.673s] Level 1:colcon.colcon_core.package_identification:_identify(pyqt_ihm_ros2_ws) by extension 'cmake'
[4.673s] Level 1:colcon.colcon_core.package_identification:_identify(pyqt_ihm_ros2_ws) by extension 'python'
[4.674s] Level 1:colcon.colcon_core.package_identification:_identify(pyqt_ihm_ros2_ws) by extensions ['python_setup_py']
[4.675s] Level 1:colcon.colcon_core.package_identification:_identify(pyqt_ihm_ros2_ws) by extension 'python_setup_py'
[4.676s] Level 1:colcon.colcon_core.package_identification:_identify(pyqt_ihm_ros2_ws/assets) by extensions ['ignore', 'ignore_ament_install']
[4.677s] Level 1:colcon.colcon_core.package_identification:_identify(pyqt_ihm_ros2_ws/assets) by extension 'ignore'
[4.678s] Level 1:colcon.colcon_core.package_identification:_identify(pyqt_ihm_ros2_ws/assets) by extension 'ignore_ament_install'
[4.678s] Level 1:colcon.colcon_core.package_identification:_identify(pyqt_ihm_ros2_ws/assets) by extensions ['colcon_pkg']
[4.679s] Level 1:colcon.colcon_core.package_identification:_identify(pyqt_ihm_ros2_ws/assets) by extension 'colcon_pkg'
[4.679s] Level 1:colcon.colcon_core.package_identification:_identify(pyqt_ihm_ros2_ws/assets) by extensions ['colcon_meta']
[4.680s] Level 1:colcon.colcon_core.package_identification:_identify(pyqt_ihm_ros2_ws/assets) by extension 'colcon_meta'
[4.680s] Level 1:colcon.colcon_core.package_identification:_identify(pyqt_ihm_ros2_ws/assets) by extensions ['ros']
[4.681s] Level 1:colcon.colcon_core.package_identification:_identify(pyqt_ihm_ros2_ws/assets) by extension 'ros'
[4.682s] Level 1:colcon.colcon_core.package_identification:_identify(pyqt_ihm_ros2_ws/assets) by extensions ['cmake', 'python']
[4.683s] Level 1:colcon.colcon_core.package_identification:_identify(pyqt_ihm_ros2_ws/assets) by extension 'cmake'
[4.683s] Level 1:colcon.colcon_core.package_identification:_identify(pyqt_ihm_ros2_ws/assets) by extension 'python'
[4.684s] Level 1:colcon.colcon_core.package_identification:_identify(pyqt_ihm_ros2_ws/assets) by extensions ['python_setup_py']
[4.684s] Level 1:colcon.colcon_core.package_identification:_identify(pyqt_ihm_ros2_ws/assets) by extension 'python_setup_py'
[4.686s] Level 1:colcon.colcon_core.package_identification:_identify(pyqt_ihm_ros2_ws/build) by extensions ['ignore', 'ignore_ament_install']
[4.686s] Level 1:colcon.colcon_core.package_identification:_identify(pyqt_ihm_ros2_ws/build) by extension 'ignore'
[4.688s] Level 1:colcon.colcon_core.package_identification:_identify(pyqt_ihm_ros2_ws/build) ignored
[4.689s] Level 1:colcon.colcon_core.package_identification:_identify(pyqt_ihm_ros2_ws/install) by extensions ['ignore', 'ignore_ament_install']
[4.690s] Level 1:colcon.colcon_core.package_identification:_identify(pyqt_ihm_ros2_ws/install) by extension 'ignore'
[4.691s] Level 1:colcon.colcon_core.package_identification:_identify(pyqt_ihm_ros2_ws/install) ignored
[4.693s] Level 1:colcon.colcon_core.package_identification:_identify(pyqt_ihm_ros2_ws/log) by extensions ['ignore', 'ignore_ament_install']
[4.693s] Level 1:colcon.colcon_core.package_identification:_identify(pyqt_ihm_ros2_ws/log) by extension 'ignore'
[4.694s] Level 1:colcon.colcon_core.package_identification:_identify(pyqt_ihm_ros2_ws/log) ignored
[4.694s] Level 1:colcon.colcon_core.package_identification:_identify(pyqt_ihm_ros2_ws/src) by extensions ['ignore', 'ignore_ament_install']
[4.695s] Level 1:colcon.colcon_core.package_identification:_identify(pyqt_ihm_ros2_ws/src) by extension 'ignore'
[4.696s] Level 1:colcon.colcon_core.package_identification:_identify(pyqt_ihm_ros2_ws/src) by extension 'ignore_ament_install'
[4.696s] Level 1:colcon.colcon_core.package_identification:_identify(pyqt_ihm_ros2_ws/src) by extensions ['colcon_pkg']
[4.697s] Level 1:colcon.colcon_core.package_identification:_identify(pyqt_ihm_ros2_ws/src) by extension 'colcon_pkg'
[4.697s] Level 1:colcon.colcon_core.package_identification:_identify(pyqt_ihm_ros2_ws/src) by extensions ['colcon_meta']
[4.698s] Level 1:colcon.colcon_core.package_identification:_identify(pyqt_ihm_ros2_ws/src) by extension 'colcon_meta'
[4.698s] Level 1:colcon.colcon_core.package_identification:_identify(pyqt_ihm_ros2_ws/src) by extensions ['ros']
[4.699s] Level 1:colcon.colcon_core.package_identification:_identify(pyqt_ihm_ros2_ws/src) by extension 'ros'
[4.699s] Level 1:colcon.colcon_core.package_identification:_identify(pyqt_ihm_ros2_ws/src) by extensions ['cmake', 'python']
[4.700s] Level 1:colcon.colcon_core.package_identification:_identify(pyqt_ihm_ros2_ws/src) by extension 'cmake'
[4.700s] Level 1:colcon.colcon_core.package_identification:_identify(pyqt_ihm_ros2_ws/src) by extension 'python'
[4.701s] Level 1:colcon.colcon_core.package_identification:_identify(pyqt_ihm_ros2_ws/src) by extensions ['python_setup_py']
[4.702s] Level 1:colcon.colcon_core.package_identification:_identify(pyqt_ihm_ros2_ws/src) by extension 'python_setup_py'
[4.703s] Level 1:colcon.colcon_core.package_identification:_identify(pyqt_ihm_ros2_ws/src/py_ihm) by extensions ['ignore', 'ignore_ament_install']
[4.704s] Level 1:colcon.colcon_core.package_identification:_identify(pyqt_ihm_ros2_ws/src/py_ihm) by extension 'ignore'
[4.705s] Level 1:colcon.colcon_core.package_identification:_identify(pyqt_ihm_ros2_ws/src/py_ihm) by extension 'ignore_ament_install'
[4.706s] Level 1:colcon.colcon_core.package_identification:_identify(pyqt_ihm_ros2_ws/src/py_ihm) by extensions ['colcon_pkg']
[4.706s] Level 1:colcon.colcon_core.package_identification:_identify(pyqt_ihm_ros2_ws/src/py_ihm) by extension 'colcon_pkg'
[4.707s] Level 1:colcon.colcon_core.package_identification:_identify(pyqt_ihm_ros2_ws/src/py_ihm) by extensions ['colcon_meta']
[4.707s] Level 1:colcon.colcon_core.package_identification:_identify(pyqt_ihm_ros2_ws/src/py_ihm) by extension 'colcon_meta'
[4.708s] Level 1:colcon.colcon_core.package_identification:_identify(pyqt_ihm_ros2_ws/src/py_ihm) by extensions ['ros']
[4.708s] Level 1:colcon.colcon_core.package_identification:_identify(pyqt_ihm_ros2_ws/src/py_ihm) by extension 'ros'
[4.725s] DEBUG:colcon.colcon_core.package_identification:Package 'pyqt_ihm_ros2_ws/src/py_ihm' with type 'ros.ament_python' and name 'py_ihm'
[4.725s] Level 1:colcon.colcon_core.package_discovery:discover_packages(recursive) using defaults
[4.727s] Level 1:colcon.colcon_core.package_discovery:discover_packages(ignore) discover
[4.727s] Level 1:colcon.colcon_core.package_discovery:discover_packages(ignore) using defaults
[4.728s] Level 1:colcon.colcon_core.package_discovery:discover_packages(path) discover
[4.728s] Level 1:colcon.colcon_core.package_discovery:discover_packages(path) using defaults
[5.068s] Level 5:colcon.colcon_core.verb:set package 'py_ihm' build argument 'cmake_args' from command line to 'None'
[5.068s] Level 5:colcon.colcon_core.verb:set package 'py_ihm' build argument 'cmake_target' from command line to 'None'
[5.068s] Level 5:colcon.colcon_core.verb:set package 'py_ihm' build argument 'cmake_target_skip_unavailable' from command line to 'False'
[5.069s] Level 5:colcon.colcon_core.verb:set package 'py_ihm' build argument 'cmake_clean_cache' from command line to 'False'
[5.069s] Level 5:colcon.colcon_core.verb:set package 'py_ihm' build argument 'cmake_clean_first' from command line to 'False'
[5.070s] Level 5:colcon.colcon_core.verb:set package 'py_ihm' build argument 'cmake_force_configure' from command line to 'False'
[5.070s] Level 5:colcon.colcon_core.verb:set package 'py_ihm' build argument 'ament_cmake_args' from command line to 'None'
[5.071s] Level 5:colcon.colcon_core.verb:set package 'py_ihm' build argument 'catkin_cmake_args' from command line to 'None'
[5.071s] Level 5:colcon.colcon_core.verb:set package 'py_ihm' build argument 'catkin_skip_building_tests' from command line to 'False'
[5.072s] DEBUG:colcon.colcon_core.verb:Building package 'py_ihm' with the following arguments: {'ament_cmake_args': None, 'build_base': '/home/e2023/m3eljily/Bureau/robot_mobile/UI/build/py_ihm', 'catkin_cmake_args': None, 'catkin_skip_building_tests': False, 'cmake_args': None, 'cmake_clean_cache': False, 'cmake_clean_first': False, 'cmake_force_configure': False, 'cmake_target': None, 'cmake_target_skip_unavailable': False, 'install_base': '/home/e2023/m3eljily/Bureau/robot_mobile/UI/install/py_ihm', 'merge_install': False, 'path': '/home/e2023/m3eljily/Bureau/robot_mobile/UI/pyqt_ihm_ros2_ws/src/py_ihm', 'symlink_install': False, 'test_result_base': None}
[5.123s] INFO:colcon.colcon_core.executor:Executing jobs using 'parallel' executor
[5.177s] DEBUG:colcon.colcon_parallel_executor.executor.parallel:run_until_complete
[5.178s] INFO:colcon.colcon_ros.task.ament_python.build:Building ROS package in '/home/e2023/m3eljily/Bureau/robot_mobile/UI/pyqt_ihm_ros2_ws/src/py_ihm' with build type 'ament_python'
[5.179s] Level 1:colcon.colcon_core.shell:create_environment_hook('py_ihm', 'ament_prefix_path')
[5.256s] INFO:colcon.colcon_core.plugin_system:Skipping extension 'colcon_core.shell.bat': Not used on non-Windows systems
[5.257s] INFO:colcon.colcon_core.shell:Creating environment hook '/home/e2023/m3eljily/Bureau/robot_mobile/UI/install/py_ihm/share/py_ihm/hook/ament_prefix_path.ps1'
[5.264s] INFO:colcon.colcon_core.shell:Creating environment descriptor '/home/e2023/m3eljily/Bureau/robot_mobile/UI/install/py_ihm/share/py_ihm/hook/ament_prefix_path.dsv'
[5.269s] INFO:colcon.colcon_core.shell:Creating environment hook '/home/e2023/m3eljily/Bureau/robot_mobile/UI/install/py_ihm/share/py_ihm/hook/ament_prefix_path.sh'
[5.330s] INFO:colcon.colcon_core.shell:Skip shell extension 'powershell' for command environment: Not usable outside of PowerShell
[5.331s] DEBUG:colcon.colcon_core.shell:Skip shell extension 'dsv' for command environment
[6.670s] INFO:colcon.colcon_core.task.python.build:Building Python package in '/home/e2023/m3eljily/Bureau/robot_mobile/UI/pyqt_ihm_ros2_ws/src/py_ihm'
[6.722s] INFO:colcon.colcon_core.shell:Skip shell extension 'powershell' for command environment: Not usable outside of PowerShell
[6.723s] DEBUG:colcon.colcon_core.shell:Skip shell extension 'dsv' for command environment
[8.378s] DEBUG:colcon.colcon_core.event_handler.log_command:Invoking command in '/home/e2023/m3eljily/Bureau/robot_mobile/UI/pyqt_ihm_ros2_ws/src/py_ihm': DEBUGINFOD_URLS=https://debuginfod.centos.org/ LESSOPEN=${LESSOPEN}
BASH_FUNC_which%%=() {  ( alias;
 eval ${which_declare} ) | /usr/bin/which --tty-only --read-alias --read-functions --show-tilde --show-dot $@
}
BASH_FUNC_module%%=() {  _module_raw "$@" 2>&1
}
BASH_FUNC__module_raw%%=() {  unset _mlshdbg;
 if [ "${MODULES_SILENT_SHELL_DEBUG:-0}" = '1' ]; then
 case "$-" in
 *v*x*)
 set +vx;
 _mlshdbg='vx'
 ;;
 *v*)
 set +v;
 _mlshdbg='v'
 ;;
 *x*)
 set +x;
 _mlshdbg='x'
 ;;
 *)
 _mlshdbg=''
 ;;
 esac;
 fi;
 unset _mlre _mlIFS;
 if [ -n "${IFS+x}" ]; then
 _mlIFS=$IFS;
 fi;
 IFS=' ';
 for _mlv in ${MODULES_RUN_QUARANTINE:-};
 do
 if [ "${_mlv}" = "${_mlv##*[!A-Za-z0-9_]}" -a "${_mlv}" = "${_mlv#[0-9]}" ]; then
 if [ -n "`eval 'echo ${'$_mlv'+x}'`" ]; then
 _mlre="${_mlre:-}${_mlv}_modquar='`eval 'echo ${'$_mlv'}'`' ";
 fi;
 _mlrv="MODULES_RUNENV_${_mlv}";
 _mlre="${_mlre:-}${_mlv}='`eval 'echo ${'$_mlrv':-}'`' ";
 fi;
 done;
 if [ -n "${_mlre:-}" ]; then
 eval `eval ${_mlre} /usr/bin/tclsh /usr/share/Modules/libexec/modulecmd.tcl bash '"$@"'`;
 else
 eval `/usr/bin/tclsh /usr/share/Modules/libexec/modulecmd.tcl bash "$@"`;
 fi;
 _mlstatus=$?;
 if [ -n "${_mlIFS+x}" ]; then
 IFS=$_mlIFS;
 else
 unset IFS;
 fi;
 unset _mlre _mlv _mlrv _mlIFS;
 if [ -n "${_mlshdbg:-}" ]; then
 set -$_mlshdbg;
 fi;
 unset _mlshdbg;
 return $_mlstatus
}
BASH_FUNC_switchml%%=() {  typeset swfound=1;
 if [ "${MODULES_USE_COMPAT_VERSION:-0}" = '1' ]; then
 typeset swname='main';
 if [ -e /usr/share/Modules/libexec/modulecmd.tcl ]; then
 typeset swfound=0;
 unset MODULES_USE_COMPAT_VERSION;
 fi;
 else
 typeset swname='compatibility';
 if [ -e /usr/share/Modules/libexec/modulecmd-compat ]; then
 typeset swfound=0;
 MODULES_USE_COMPAT_VERSION=1;
 export MODULES_USE_COMPAT_VERSION;
 fi;
 fi;
 if [ $swfound -eq 0 ]; then
 echo "Switching to Modules $swname version";
 source /usr/share/Modules/init/bash;
 else
 echo "Cannot switch to Modules $swname version, command not found";
 return 1;
 fi
}
BASH_FUNC_scl%%=() {  if [ "$1" = "load" -o "$1" = "unload" ]; then
 eval "module $@";
 else
 /usr/bin/scl "$@";
 fi
}
BASH_FUNC_ml%%=() {  module ml "$@"
} PYTHONPATH=/home/e2023/m3eljily/Bureau/robot_mobile/UI/build/py_ihm/prefix_override:/home/e2023/m3eljily/Bureau/robot_mobile/UI/install/py_ihm/lib/python3.6/site-packages:${PYTHONPATH} SHLVL=3 _=/usr/bin/env /home/TP/tools/miniconda3/envs/E021_3_6/bin/python3.6 setup.py egg_info --egg-base ../../../build/py_ihm build --build-base /home/e2023/m3eljily/Bureau/robot_mobile/UI/build/py_ihm/build install --record /home/e2023/m3eljily/Bureau/robot_mobile/UI/build/py_ihm/install.log --single-version-externally-managed
[9.619s] DEBUG:colcon.colcon_core.event_handler.log_command:Invoked command in '/home/e2023/m3eljily/Bureau/robot_mobile/UI/pyqt_ihm_ros2_ws/src/py_ihm' returned '0': DEBUGINFOD_URLS=https://debuginfod.centos.org/ LESSOPEN=${LESSOPEN}
BASH_FUNC_which%%=() {  ( alias;
 eval ${which_declare} ) | /usr/bin/which --tty-only --read-alias --read-functions --show-tilde --show-dot $@
}
BASH_FUNC_module%%=() {  _module_raw "$@" 2>&1
}
BASH_FUNC__module_raw%%=() {  unset _mlshdbg;
 if [ "${MODULES_SILENT_SHELL_DEBUG:-0}" = '1' ]; then
 case "$-" in
 *v*x*)
 set +vx;
 _mlshdbg='vx'
 ;;
 *v*)
 set +v;
 _mlshdbg='v'
 ;;
 *x*)
 set +x;
 _mlshdbg='x'
 ;;
 *)
 _mlshdbg=''
 ;;
 esac;
 fi;
 unset _mlre _mlIFS;
 if [ -n "${IFS+x}" ]; then
 _mlIFS=$IFS;
 fi;
 IFS=' ';
 for _mlv in ${MODULES_RUN_QUARANTINE:-};
 do
 if [ "${_mlv}" = "${_mlv##*[!A-Za-z0-9_]}" -a "${_mlv}" = "${_mlv#[0-9]}" ]; then
 if [ -n "`eval 'echo ${'$_mlv'+x}'`" ]; then
 _mlre="${_mlre:-}${_mlv}_modquar='`eval 'echo ${'$_mlv'}'`' ";
 fi;
 _mlrv="MODULES_RUNENV_${_mlv}";
 _mlre="${_mlre:-}${_mlv}='`eval 'echo ${'$_mlrv':-}'`' ";
 fi;
 done;
 if [ -n "${_mlre:-}" ]; then
 eval `eval ${_mlre} /usr/bin/tclsh /usr/share/Modules/libexec/modulecmd.tcl bash '"$@"'`;
 else
 eval `/usr/bin/tclsh /usr/share/Modules/libexec/modulecmd.tcl bash "$@"`;
 fi;
 _mlstatus=$?;
 if [ -n "${_mlIFS+x}" ]; then
 IFS=$_mlIFS;
 else
 unset IFS;
 fi;
 unset _mlre _mlv _mlrv _mlIFS;
 if [ -n "${_mlshdbg:-}" ]; then
 set -$_mlshdbg;
 fi;
 unset _mlshdbg;
 return $_mlstatus
}
BASH_FUNC_switchml%%=() {  typeset swfound=1;
 if [ "${MODULES_USE_COMPAT_VERSION:-0}" = '1' ]; then
 typeset swname='main';
 if [ -e /usr/share/Modules/libexec/modulecmd.tcl ]; then
 typeset swfound=0;
 unset MODULES_USE_COMPAT_VERSION;
 fi;
 else
 typeset swname='compatibility';
 if [ -e /usr/share/Modules/libexec/modulecmd-compat ]; then
 typeset swfound=0;
 MODULES_USE_COMPAT_VERSION=1;
 export MODULES_USE_COMPAT_VERSION;
 fi;
 fi;
 if [ $swfound -eq 0 ]; then
 echo "Switching to Modules $swname version";
 source /usr/share/Modules/init/bash;
 else
 echo "Cannot switch to Modules $swname version, command not found";
 return 1;
 fi
}
BASH_FUNC_scl%%=() {  if [ "$1" = "load" -o "$1" = "unload" ]; then
 eval "module $@";
 else
 /usr/bin/scl "$@";
 fi
}
BASH_FUNC_ml%%=() {  module ml "$@"
} PYTHONPATH=/home/e2023/m3eljily/Bureau/robot_mobile/UI/build/py_ihm/prefix_override:/home/e2023/m3eljily/Bureau/robot_mobile/UI/install/py_ihm/lib/python3.6/site-packages:${PYTHONPATH} SHLVL=3 _=/usr/bin/env /home/TP/tools/miniconda3/envs/E021_3_6/bin/python3.6 setup.py egg_info --egg-base ../../../build/py_ihm build --build-base /home/e2023/m3eljily/Bureau/robot_mobile/UI/build/py_ihm/build install --record /home/e2023/m3eljily/Bureau/robot_mobile/UI/build/py_ihm/install.log --single-version-externally-managed
[9.702s] Level 1:colcon.colcon_core.environment:checking '/home/e2023/m3eljily/Bureau/robot_mobile/UI/install/py_ihm' for CMake module files
[9.707s] Level 1:colcon.colcon_core.environment:checking '/home/e2023/m3eljily/Bureau/robot_mobile/UI/install/py_ihm' for CMake config files
[9.720s] Level 1:colcon.colcon_core.environment:checking '/home/e2023/m3eljily/Bureau/robot_mobile/UI/install/py_ihm/lib'
[9.722s] Level 1:colcon.colcon_core.environment:checking '/home/e2023/m3eljily/Bureau/robot_mobile/UI/install/py_ihm/bin'
[9.722s] Level 1:colcon.colcon_core.environment:checking '/home/e2023/m3eljily/Bureau/robot_mobile/UI/install/py_ihm/lib/pkgconfig/py_ihm.pc'
[9.723s] Level 1:colcon.colcon_core.environment:checking '/home/e2023/m3eljily/Bureau/robot_mobile/UI/install/py_ihm/lib/python3.6/site-packages'
[9.724s] Level 1:colcon.colcon_core.shell:create_environment_hook('py_ihm', 'pythonpath')
[9.775s] INFO:colcon.colcon_core.shell:Creating environment hook '/home/e2023/m3eljily/Bureau/robot_mobile/UI/install/py_ihm/share/py_ihm/hook/pythonpath.ps1'
[9.779s] INFO:colcon.colcon_core.shell:Creating environment descriptor '/home/e2023/m3eljily/Bureau/robot_mobile/UI/install/py_ihm/share/py_ihm/hook/pythonpath.dsv'
[9.783s] INFO:colcon.colcon_core.shell:Creating environment hook '/home/e2023/m3eljily/Bureau/robot_mobile/UI/install/py_ihm/share/py_ihm/hook/pythonpath.sh'
[9.788s] Level 1:colcon.colcon_core.environment:checking '/home/e2023/m3eljily/Bureau/robot_mobile/UI/install/py_ihm/bin'
[9.788s] Level 1:colcon.colcon_core.environment:create_environment_scripts_only(py_ihm)
[9.834s] INFO:colcon.colcon_core.shell:Creating package script '/home/e2023/m3eljily/Bureau/robot_mobile/UI/install/py_ihm/share/py_ihm/package.ps1'
[9.841s] INFO:colcon.colcon_core.shell:Creating package descriptor '/home/e2023/m3eljily/Bureau/robot_mobile/UI/install/py_ihm/share/py_ihm/package.dsv'
[9.846s] INFO:colcon.colcon_core.shell:Creating package script '/home/e2023/m3eljily/Bureau/robot_mobile/UI/install/py_ihm/share/py_ihm/package.sh'
[9.852s] INFO:colcon.colcon_core.shell:Creating package script '/home/e2023/m3eljily/Bureau/robot_mobile/UI/install/py_ihm/share/py_ihm/package.bash'
[9.858s] INFO:colcon.colcon_core.shell:Creating package script '/home/e2023/m3eljily/Bureau/robot_mobile/UI/install/py_ihm/share/py_ihm/package.zsh'
[9.865s] Level 1:colcon.colcon_core.environment:create_file_with_runtime_dependencies(/home/e2023/m3eljily/Bureau/robot_mobile/UI/install/py_ihm/share/colcon-core/packages/py_ihm)
[9.869s] DEBUG:colcon.colcon_parallel_executor.executor.parallel:closing loop
[9.870s] DEBUG:colcon.colcon_parallel_executor.executor.parallel:loop closed
[9.870s] DEBUG:colcon.colcon_parallel_executor.executor.parallel:run_until_complete finished with '0'
[9.870s] DEBUG:colcon.colcon_core.event_reactor:joining thread
[9.939s] INFO:colcon.colcon_core.plugin_system:Skipping extension 'colcon_notification.desktop_notification.notify2': 'notify2' not found
[9.940s] INFO:colcon.colcon_core.plugin_system:Skipping extension 'colcon_notification.desktop_notification.terminal_notifier': Not used on non-Darwin systems
[9.941s] INFO:colcon.colcon_core.plugin_system:Skipping extension 'colcon_notification.desktop_notification.win32': Not used on non-Windows systems
[9.942s] INFO:colcon.colcon_notification.desktop_notification:Sending desktop notification using 'notify_send'
[9.975s] DEBUG:colcon.colcon_core.event_reactor:joined thread
[10.029s] INFO:colcon.colcon_core.shell:Creating prefix script '/home/e2023/m3eljily/Bureau/robot_mobile/UI/install/local_setup.ps1'
[10.037s] INFO:colcon.colcon_core.shell:Creating prefix util module '/home/e2023/m3eljily/Bureau/robot_mobile/UI/install/_local_setup_util_ps1.py'
[10.047s] INFO:colcon.colcon_core.shell:Creating prefix chain script '/home/e2023/m3eljily/Bureau/robot_mobile/UI/install/setup.ps1'
[10.102s] INFO:colcon.colcon_core.shell:Creating prefix script '/home/e2023/m3eljily/Bureau/robot_mobile/UI/install/local_setup.sh'
[10.107s] INFO:colcon.colcon_core.shell:Creating prefix util module '/home/e2023/m3eljily/Bureau/robot_mobile/UI/install/_local_setup_util_sh.py'
[10.112s] INFO:colcon.colcon_core.shell:Creating prefix chain script '/home/e2023/m3eljily/Bureau/robot_mobile/UI/install/setup.sh'
[10.166s] INFO:colcon.colcon_core.shell:Creating prefix script '/home/e2023/m3eljily/Bureau/robot_mobile/UI/install/local_setup.bash'
[10.172s] INFO:colcon.colcon_core.shell:Creating prefix chain script '/home/e2023/m3eljily/Bureau/robot_mobile/UI/install/setup.bash'
[10.224s] INFO:colcon.colcon_core.shell:Creating prefix script '/home/e2023/m3eljily/Bureau/robot_mobile/UI/install/local_setup.zsh'
[10.230s] INFO:colcon.colcon_core.shell:Creating prefix chain script '/home/e2023/m3eljily/Bureau/robot_mobile/UI/install/setup.zsh'
