[7.073s] Invoking command in '/home/rpi/Desktop/py_send_camera_ws/src/py_send_camera': PYTHONPATH=/home/rpi/Desktop/py_send_camera_ws/build/py_send_camera/prefix_override:/home/rpi/Desktop/py_send_camera_ws/install/py_send_camera/lib/python3.10/site-packages:${PYTHONPATH} /usr/bin/python3 -W ignore:setup.py install is deprecated setup.py egg_info --egg-base ../../build/py_send_camera build --build-base /home/rpi/Desktop/py_send_camera_ws/build/py_send_camera/build install --record /home/rpi/Desktop/py_send_camera_ws/build/py_send_camera/install.log --single-version-externally-managed install_data
[8.483s] running egg_info
[8.486s] writing ../../build/py_send_camera/py_send_camera.egg-info/PKG-INFO
[8.487s] writing dependency_links to ../../build/py_send_camera/py_send_camera.egg-info/dependency_links.txt
[8.488s] writing entry points to ../../build/py_send_camera/py_send_camera.egg-info/entry_points.txt
[8.489s] writing requirements to ../../build/py_send_camera/py_send_camera.egg-info/requires.txt
[8.489s] writing top-level names to ../../build/py_send_camera/py_send_camera.egg-info/top_level.txt
[8.499s] reading manifest file '../../build/py_send_camera/py_send_camera.egg-info/SOURCES.txt'
[8.503s] writing manifest file '../../build/py_send_camera/py_send_camera.egg-info/SOURCES.txt'
[8.503s] running build
[8.504s] running build_py
[8.504s] copying py_send_camera/send_camera.py -> /home/rpi/Desktop/py_send_camera_ws/build/py_send_camera/build/lib/py_send_camera
[8.506s] running install
[8.507s] running install_lib
[8.511s] copying /home/rpi/Desktop/py_send_camera_ws/build/py_send_camera/build/lib/py_send_camera/send_camera.py -> /home/rpi/Desktop/py_send_camera_ws/install/py_send_camera/lib/python3.10/site-packages/py_send_camera
[8.514s] byte-compiling /home/rpi/Desktop/py_send_camera_ws/install/py_send_camera/lib/python3.10/site-packages/py_send_camera/send_camera.py to send_camera.cpython-310.pyc
[8.516s] Sorry: TabError: inconsistent use of tabs and spaces in indentation (send_camera.py, line 93)
[8.516s] running install_data
[8.517s] running install_egg_info
[8.523s] removing '/home/rpi/Desktop/py_send_camera_ws/install/py_send_camera/lib/python3.10/site-packages/py_send_camera-0.0.0-py3.10.egg-info' (and everything under it)
[8.525s] Copying ../../build/py_send_camera/py_send_camera.egg-info to /home/rpi/Desktop/py_send_camera_ws/install/py_send_camera/lib/python3.10/site-packages/py_send_camera-0.0.0-py3.10.egg-info
[8.530s] running install_scripts
[8.624s] Installing send_camera script to /home/rpi/Desktop/py_send_camera_ws/install/py_send_camera/lib/py_send_camera
[8.626s] writing list of installed files to '/home/rpi/Desktop/py_send_camera_ws/build/py_send_camera/install.log'
[8.751s] Invoked command in '/home/rpi/Desktop/py_send_camera_ws/src/py_send_camera' returned '0': PYTHONPATH=/home/rpi/Desktop/py_send_camera_ws/build/py_send_camera/prefix_override:/home/rpi/Desktop/py_send_camera_ws/install/py_send_camera/lib/python3.10/site-packages:${PYTHONPATH} /usr/bin/python3 -W ignore:setup.py install is deprecated setup.py egg_info --egg-base ../../build/py_send_camera build --build-base /home/rpi/Desktop/py_send_camera_ws/build/py_send_camera/build install --record /home/rpi/Desktop/py_send_camera_ws/build/py_send_camera/install.log --single-version-externally-managed install_data
