[0.940s] Invoking command in '/home/mohamed/Downloads/pyqt_ihm_ros2_ws/src/py_ihm': PYTHONPATH=/home/mohamed/Downloads/pyqt_ihm_ros2_ws/build/py_ihm/prefix_override:/usr/lib/python3/dist-packages/colcon_core/task/python/colcon_distutils_commands:/home/mohamed/Downloads/pyqt_ihm_ros2_ws/install/py_ihm/lib/python3.10/site-packages:${PYTHONPATH} /usr/bin/python3 -W ignore:setup.py install is deprecated setup.py egg_info --egg-base ../../build/py_ihm build --build-base /home/mohamed/Downloads/pyqt_ihm_ros2_ws/build/py_ihm/build install --record /home/mohamed/Downloads/pyqt_ihm_ros2_ws/build/py_ihm/install.log --single-version-externally-managed install_data
[1.294s] running egg_info
[1.294s] creating ../../build/py_ihm/py_ihm.egg-info
[1.295s] writing ../../build/py_ihm/py_ihm.egg-info/PKG-INFO
[1.295s] writing dependency_links to ../../build/py_ihm/py_ihm.egg-info/dependency_links.txt
[1.295s] writing entry points to ../../build/py_ihm/py_ihm.egg-info/entry_points.txt
[1.295s] writing requirements to ../../build/py_ihm/py_ihm.egg-info/requires.txt
[1.295s] writing top-level names to ../../build/py_ihm/py_ihm.egg-info/top_level.txt
[1.296s] writing manifest file '../../build/py_ihm/py_ihm.egg-info/SOURCES.txt'
[1.300s] reading manifest file '../../build/py_ihm/py_ihm.egg-info/SOURCES.txt'
[1.302s] writing manifest file '../../build/py_ihm/py_ihm.egg-info/SOURCES.txt'
[1.302s] running build
[1.302s] running build_py
[1.303s] creating /home/mohamed/Downloads/pyqt_ihm_ros2_ws/build/py_ihm/build
[1.303s] creating /home/mohamed/Downloads/pyqt_ihm_ros2_ws/build/py_ihm/build/lib
[1.303s] creating /home/mohamed/Downloads/pyqt_ihm_ros2_ws/build/py_ihm/build/lib/py_ihm
[1.303s] copying py_ihm/__init__.py -> /home/mohamed/Downloads/pyqt_ihm_ros2_ws/build/py_ihm/build/lib/py_ihm
[1.303s] copying py_ihm/py_ihm.py -> /home/mohamed/Downloads/pyqt_ihm_ros2_ws/build/py_ihm/build/lib/py_ihm
[1.303s] running install
[1.304s] running install_lib
[1.306s] creating /home/mohamed/Downloads/pyqt_ihm_ros2_ws/install/py_ihm/lib/python3.10/site-packages/py_ihm
[1.306s] copying /home/mohamed/Downloads/pyqt_ihm_ros2_ws/build/py_ihm/build/lib/py_ihm/__init__.py -> /home/mohamed/Downloads/pyqt_ihm_ros2_ws/install/py_ihm/lib/python3.10/site-packages/py_ihm
[1.306s] copying /home/mohamed/Downloads/pyqt_ihm_ros2_ws/build/py_ihm/build/lib/py_ihm/py_ihm.py -> /home/mohamed/Downloads/pyqt_ihm_ros2_ws/install/py_ihm/lib/python3.10/site-packages/py_ihm
[1.307s] byte-compiling /home/mohamed/Downloads/pyqt_ihm_ros2_ws/install/py_ihm/lib/python3.10/site-packages/py_ihm/__init__.py to __init__.cpython-310.pyc
[1.307s] byte-compiling /home/mohamed/Downloads/pyqt_ihm_ros2_ws/install/py_ihm/lib/python3.10/site-packages/py_ihm/py_ihm.py to py_ihm.cpython-310.pyc
[1.308s] running install_data
[1.308s] creating /home/mohamed/Downloads/pyqt_ihm_ros2_ws/install/py_ihm/share/ament_index
[1.308s] creating /home/mohamed/Downloads/pyqt_ihm_ros2_ws/install/py_ihm/share/ament_index/resource_index
[1.309s] creating /home/mohamed/Downloads/pyqt_ihm_ros2_ws/install/py_ihm/share/ament_index/resource_index/packages
[1.309s] copying resource/py_ihm -> /home/mohamed/Downloads/pyqt_ihm_ros2_ws/install/py_ihm/share/ament_index/resource_index/packages
[1.309s] copying package.xml -> /home/mohamed/Downloads/pyqt_ihm_ros2_ws/install/py_ihm/share/py_ihm
[1.309s] running install_egg_info
[1.313s] Copying ../../build/py_ihm/py_ihm.egg-info to /home/mohamed/Downloads/pyqt_ihm_ros2_ws/install/py_ihm/lib/python3.10/site-packages/py_ihm-0.0.0-py3.10.egg-info
[1.314s] running install_scripts
[1.348s] Installing ihm_ros2 script to /home/mohamed/Downloads/pyqt_ihm_ros2_ws/install/py_ihm/lib/py_ihm
[1.349s] writing list of installed files to '/home/mohamed/Downloads/pyqt_ihm_ros2_ws/build/py_ihm/install.log'
[1.394s] Invoked command in '/home/mohamed/Downloads/pyqt_ihm_ros2_ws/src/py_ihm' returned '0': PYTHONPATH=/home/mohamed/Downloads/pyqt_ihm_ros2_ws/build/py_ihm/prefix_override:/usr/lib/python3/dist-packages/colcon_core/task/python/colcon_distutils_commands:/home/mohamed/Downloads/pyqt_ihm_ros2_ws/install/py_ihm/lib/python3.10/site-packages:${PYTHONPATH} /usr/bin/python3 -W ignore:setup.py install is deprecated setup.py egg_info --egg-base ../../build/py_ihm build --build-base /home/mohamed/Downloads/pyqt_ihm_ros2_ws/build/py_ihm/build install --record /home/mohamed/Downloads/pyqt_ihm_ros2_ws/build/py_ihm/install.log --single-version-externally-managed install_data
