[0.711s] Invoking command in '/home/kerhoas/WORKSPACE_WEB2/ROBOT_ROS_/py_send_camera_ws/src/py_send_camera': PYTHONPATH=/home/kerhoas/WORKSPACE_WEB2/ROBOT_ROS_/py_send_camera_ws/build/py_send_camera/prefix_override:/home/kerhoas/WORKSPACE_WEB2/ROBOT_ROS_/py_send_camera_ws/install/py_send_camera/lib/python3.10/site-packages:${PYTHONPATH} /usr/bin/python3 setup.py egg_info --egg-base ../../build/py_send_camera build --build-base /home/kerhoas/WORKSPACE_WEB2/ROBOT_ROS_/py_send_camera_ws/build/py_send_camera/build install --record /home/kerhoas/WORKSPACE_WEB2/ROBOT_ROS_/py_send_camera_ws/build/py_send_camera/install.log --single-version-externally-managed
[0.910s] running egg_info
[0.910s] writing ../../build/py_send_camera/py_send_camera.egg-info/PKG-INFO
[0.910s] writing dependency_links to ../../build/py_send_camera/py_send_camera.egg-info/dependency_links.txt
[0.911s] writing entry points to ../../build/py_send_camera/py_send_camera.egg-info/entry_points.txt
[0.911s] writing requirements to ../../build/py_send_camera/py_send_camera.egg-info/requires.txt
[0.911s] writing top-level names to ../../build/py_send_camera/py_send_camera.egg-info/top_level.txt
[0.912s] reading manifest file '../../build/py_send_camera/py_send_camera.egg-info/SOURCES.txt'
[0.913s] writing manifest file '../../build/py_send_camera/py_send_camera.egg-info/SOURCES.txt'
[0.913s] running build
[0.913s] running build_py
[0.913s] copying py_send_camera/send_camera.py -> /home/kerhoas/WORKSPACE_WEB2/ROBOT_ROS_/py_send_camera_ws/build/py_send_camera/build/lib/py_send_camera
[0.913s] running install
[0.913s] running install_lib
[0.914s] copying /home/kerhoas/WORKSPACE_WEB2/ROBOT_ROS_/py_send_camera_ws/build/py_send_camera/build/lib/py_send_camera/send_camera.py -> /home/kerhoas/WORKSPACE_WEB2/ROBOT_ROS_/py_send_camera_ws/install/py_send_camera/lib/python3.10/site-packages/py_send_camera
[0.915s] byte-compiling /home/kerhoas/WORKSPACE_WEB2/ROBOT_ROS_/py_send_camera_ws/install/py_send_camera/lib/python3.10/site-packages/py_send_camera/send_camera.py to send_camera.cpython-310.pyc
[0.915s] running install_data
[0.915s] running install_egg_info
[0.917s] removing '/home/kerhoas/WORKSPACE_WEB2/ROBOT_ROS_/py_send_camera_ws/install/py_send_camera/lib/python3.10/site-packages/py_send_camera-0.0.0-py3.10.egg-info' (and everything under it)
[0.917s] Copying ../../build/py_send_camera/py_send_camera.egg-info to /home/kerhoas/WORKSPACE_WEB2/ROBOT_ROS_/py_send_camera_ws/install/py_send_camera/lib/python3.10/site-packages/py_send_camera-0.0.0-py3.10.egg-info
[0.917s] running install_scripts
[0.931s] Installing send_camera script to /home/kerhoas/WORKSPACE_WEB2/ROBOT_ROS_/py_send_camera_ws/install/py_send_camera/lib/py_send_camera
[0.931s] writing list of installed files to '/home/kerhoas/WORKSPACE_WEB2/ROBOT_ROS_/py_send_camera_ws/build/py_send_camera/install.log'
[0.950s] Invoked command in '/home/kerhoas/WORKSPACE_WEB2/ROBOT_ROS_/py_send_camera_ws/src/py_send_camera' returned '0': PYTHONPATH=/home/kerhoas/WORKSPACE_WEB2/ROBOT_ROS_/py_send_camera_ws/build/py_send_camera/prefix_override:/home/kerhoas/WORKSPACE_WEB2/ROBOT_ROS_/py_send_camera_ws/install/py_send_camera/lib/python3.10/site-packages:${PYTHONPATH} /usr/bin/python3 setup.py egg_info --egg-base ../../build/py_send_camera build --build-base /home/kerhoas/WORKSPACE_WEB2/ROBOT_ROS_/py_send_camera_ws/build/py_send_camera/build install --record /home/kerhoas/WORKSPACE_WEB2/ROBOT_ROS_/py_send_camera_ws/build/py_send_camera/install.log --single-version-externally-managed
