[0.448s] DEBUG:colcon:Command line arguments: ['/usr/bin/colcon', 'build', '--packages-select', 'py_send_camera']
[0.449s] DEBUG:colcon:Parsed command line arguments: Namespace(log_base=None, log_level=None, verb_name='build', build_base='build', install_base='install', merge_install=False, symlink_install=False, test_result_base=None, continue_on_error=False, executor='parallel', parallel_workers=4, event_handlers=None, ignore_user_meta=False, metas=['./colcon.meta'], base_paths=['.'], packages_ignore=None, packages_ignore_regex=None, paths=None, packages_up_to=None, packages_up_to_regex=None, packages_above=None, packages_above_and_dependencies=None, packages_above_depth=None, packages_select_by_dep=None, packages_skip_by_dep=None, packages_skip_up_to=None, packages_select_build_failed=False, packages_skip_build_finished=False, packages_select_test_failures=False, packages_skip_test_passed=False, packages_select=['py_send_camera'], packages_skip=None, packages_select_regex=None, packages_skip_regex=None, packages_start=None, packages_end=None, allow_overriding=[], cmake_args=None, cmake_target=None, cmake_target_skip_unavailable=False, cmake_clean_cache=False, cmake_clean_first=False, cmake_force_configure=False, ament_cmake_args=None, catkin_cmake_args=None, catkin_skip_building_tests=False, verb_parser=<colcon_defaults.argument_parser.defaults.DefaultArgumentsDecorator object at 0xffffa9598b50>, verb_extension=<colcon_core.verb.build.BuildVerb object at 0xffffa96ed6f0>, main=<bound method BuildVerb.main of <colcon_core.verb.build.BuildVerb object at 0xffffa96ed6f0>>)
[1.249s] Level 1:colcon.colcon_core.package_discovery:discover_packages(colcon_meta) check parameters
[1.249s] Level 1:colcon.colcon_core.package_discovery:discover_packages(recursive) check parameters
[1.249s] Level 1:colcon.colcon_core.package_discovery:discover_packages(ignore) check parameters
[1.249s] Level 1:colcon.colcon_core.package_discovery:discover_packages(path) check parameters
[1.249s] Level 1:colcon.colcon_core.package_discovery:discover_packages(colcon_meta) discover
[1.250s] Level 1:colcon.colcon_core.package_discovery:discover_packages(recursive) discover
[1.250s] INFO:colcon.colcon_core.package_discovery:Crawling recursively for packages in '/home/rpi/Downloads/py_send_camera_ws'
[1.250s] Level 1:colcon.colcon_core.package_identification:_identify(.) by extensions ['ignore', 'ignore_ament_install']
[1.251s] Level 1:colcon.colcon_core.package_identification:_identify(.) by extension 'ignore'
[1.251s] Level 1:colcon.colcon_core.package_identification:_identify(.) by extension 'ignore_ament_install'
[1.251s] Level 1:colcon.colcon_core.package_identification:_identify(.) by extensions ['colcon_pkg']
[1.251s] Level 1:colcon.colcon_core.package_identification:_identify(.) by extension 'colcon_pkg'
[1.251s] Level 1:colcon.colcon_core.package_identification:_identify(.) by extensions ['colcon_meta']
[1.252s] Level 1:colcon.colcon_core.package_identification:_identify(.) by extension 'colcon_meta'
[1.252s] Level 1:colcon.colcon_core.package_identification:_identify(.) by extensions ['ros']
[1.252s] Level 1:colcon.colcon_core.package_identification:_identify(.) by extension 'ros'
[1.299s] Level 1:colcon.colcon_core.package_identification:_identify(.) by extensions ['cmake', 'python']
[1.299s] Level 1:colcon.colcon_core.package_identification:_identify(.) by extension 'cmake'
[1.300s] Level 1:colcon.colcon_core.package_identification:_identify(.) by extension 'python'
[1.300s] Level 1:colcon.colcon_core.package_identification:_identify(.) by extensions ['python_setup_py']
[1.300s] Level 1:colcon.colcon_core.package_identification:_identify(.) by extension 'python_setup_py'
[1.300s] Level 1:colcon.colcon_core.package_identification:_identify(build) by extensions ['ignore', 'ignore_ament_install']
[1.301s] Level 1:colcon.colcon_core.package_identification:_identify(build) by extension 'ignore'
[1.301s] Level 1:colcon.colcon_core.package_identification:_identify(build) ignored
[1.302s] Level 1:colcon.colcon_core.package_identification:_identify(install) by extensions ['ignore', 'ignore_ament_install']
[1.302s] Level 1:colcon.colcon_core.package_identification:_identify(install) by extension 'ignore'
[1.303s] Level 1:colcon.colcon_core.package_identification:_identify(install) ignored
[1.303s] Level 1:colcon.colcon_core.package_identification:_identify(log) by extensions ['ignore', 'ignore_ament_install']
[1.303s] Level 1:colcon.colcon_core.package_identification:_identify(log) by extension 'ignore'
[1.304s] Level 1:colcon.colcon_core.package_identification:_identify(log) ignored
[1.304s] Level 1:colcon.colcon_core.package_identification:_identify(src) by extensions ['ignore', 'ignore_ament_install']
[1.304s] Level 1:colcon.colcon_core.package_identification:_identify(src) by extension 'ignore'
[1.304s] Level 1:colcon.colcon_core.package_identification:_identify(src) by extension 'ignore_ament_install'
[1.305s] Level 1:colcon.colcon_core.package_identification:_identify(src) by extensions ['colcon_pkg']
[1.305s] Level 1:colcon.colcon_core.package_identification:_identify(src) by extension 'colcon_pkg'
[1.305s] Level 1:colcon.colcon_core.package_identification:_identify(src) by extensions ['colcon_meta']
[1.305s] Level 1:colcon.colcon_core.package_identification:_identify(src) by extension 'colcon_meta'
[1.305s] Level 1:colcon.colcon_core.package_identification:_identify(src) by extensions ['ros']
[1.305s] Level 1:colcon.colcon_core.package_identification:_identify(src) by extension 'ros'
[1.305s] Level 1:colcon.colcon_core.package_identification:_identify(src) by extensions ['cmake', 'python']
[1.306s] Level 1:colcon.colcon_core.package_identification:_identify(src) by extension 'cmake'
[1.306s] Level 1:colcon.colcon_core.package_identification:_identify(src) by extension 'python'
[1.306s] Level 1:colcon.colcon_core.package_identification:_identify(src) by extensions ['python_setup_py']
[1.306s] Level 1:colcon.colcon_core.package_identification:_identify(src) by extension 'python_setup_py'
[1.307s] Level 1:colcon.colcon_core.package_identification:_identify(src/py_send_camera) by extensions ['ignore', 'ignore_ament_install']
[1.307s] Level 1:colcon.colcon_core.package_identification:_identify(src/py_send_camera) by extension 'ignore'
[1.307s] Level 1:colcon.colcon_core.package_identification:_identify(src/py_send_camera) by extension 'ignore_ament_install'
[1.307s] Level 1:colcon.colcon_core.package_identification:_identify(src/py_send_camera) by extensions ['colcon_pkg']
[1.307s] Level 1:colcon.colcon_core.package_identification:_identify(src/py_send_camera) by extension 'colcon_pkg'
[1.307s] Level 1:colcon.colcon_core.package_identification:_identify(src/py_send_camera) by extensions ['colcon_meta']
[1.308s] Level 1:colcon.colcon_core.package_identification:_identify(src/py_send_camera) by extension 'colcon_meta'
[1.308s] Level 1:colcon.colcon_core.package_identification:_identify(src/py_send_camera) by extensions ['ros']
[1.308s] Level 1:colcon.colcon_core.package_identification:_identify(src/py_send_camera) by extension 'ros'
[1.317s] DEBUG:colcon.colcon_core.package_identification:Package 'src/py_send_camera' with type 'ros.ament_python' and name 'py_send_camera'
[1.317s] Level 1:colcon.colcon_core.package_discovery:discover_packages(recursive) using defaults
[1.317s] Level 1:colcon.colcon_core.package_discovery:discover_packages(ignore) discover
[1.317s] Level 1:colcon.colcon_core.package_discovery:discover_packages(ignore) using defaults
[1.317s] Level 1:colcon.colcon_core.package_discovery:discover_packages(path) discover
[1.318s] Level 1:colcon.colcon_core.package_discovery:discover_packages(path) using defaults
[1.393s] Level 1:colcon.colcon_core.package_discovery:discover_packages(prefix_path) check parameters
[1.393s] Level 1:colcon.colcon_core.package_discovery:discover_packages(prefix_path) discover
[1.401s] DEBUG:colcon.colcon_installed_package_information.package_discovery:Found 1 installed packages in /home/rpi/Downloads/py_send_camera_ws/install
[1.410s] DEBUG:colcon.colcon_installed_package_information.package_discovery:Found 270 installed packages in /opt/ros/humble
[1.459s] Level 1:colcon.colcon_core.package_discovery:discover_packages(prefix_path) using defaults
[1.622s] Level 5:colcon.colcon_core.verb:set package 'py_send_camera' build argument 'cmake_args' from command line to 'None'
[1.622s] Level 5:colcon.colcon_core.verb:set package 'py_send_camera' build argument 'cmake_target' from command line to 'None'
[1.622s] Level 5:colcon.colcon_core.verb:set package 'py_send_camera' build argument 'cmake_target_skip_unavailable' from command line to 'False'
[1.622s] Level 5:colcon.colcon_core.verb:set package 'py_send_camera' build argument 'cmake_clean_cache' from command line to 'False'
[1.623s] Level 5:colcon.colcon_core.verb:set package 'py_send_camera' build argument 'cmake_clean_first' from command line to 'False'
[1.623s] Level 5:colcon.colcon_core.verb:set package 'py_send_camera' build argument 'cmake_force_configure' from command line to 'False'
[1.623s] Level 5:colcon.colcon_core.verb:set package 'py_send_camera' build argument 'ament_cmake_args' from command line to 'None'
[1.623s] Level 5:colcon.colcon_core.verb:set package 'py_send_camera' build argument 'catkin_cmake_args' from command line to 'None'
[1.623s] Level 5:colcon.colcon_core.verb:set package 'py_send_camera' build argument 'catkin_skip_building_tests' from command line to 'False'
[1.623s] DEBUG:colcon.colcon_core.verb:Building package 'py_send_camera' with the following arguments: {'ament_cmake_args': None, 'build_base': '/home/rpi/Downloads/py_send_camera_ws/build/py_send_camera', 'catkin_cmake_args': None, 'catkin_skip_building_tests': False, 'cmake_args': None, 'cmake_clean_cache': False, 'cmake_clean_first': False, 'cmake_force_configure': False, 'cmake_target': None, 'cmake_target_skip_unavailable': False, 'install_base': '/home/rpi/Downloads/py_send_camera_ws/install/py_send_camera', 'merge_install': False, 'path': '/home/rpi/Downloads/py_send_camera_ws/src/py_send_camera', 'symlink_install': False, 'test_result_base': None}
[1.624s] INFO:colcon.colcon_core.executor:Executing jobs using 'parallel' executor
[1.627s] DEBUG:colcon.colcon_parallel_executor.executor.parallel:run_until_complete
[1.628s] INFO:colcon.colcon_ros.task.ament_python.build:Building ROS package in '/home/rpi/Downloads/py_send_camera_ws/src/py_send_camera' with build type 'ament_python'
[1.629s] Level 1:colcon.colcon_core.shell:create_environment_hook('py_send_camera', 'ament_prefix_path')
[1.637s] INFO:colcon.colcon_core.plugin_system:Skipping extension 'colcon_core.shell.bat': Not used on non-Windows systems
[1.638s] INFO:colcon.colcon_core.shell:Creating environment hook '/home/rpi/Downloads/py_send_camera_ws/install/py_send_camera/share/py_send_camera/hook/ament_prefix_path.ps1'
[1.641s] INFO:colcon.colcon_core.shell:Creating environment descriptor '/home/rpi/Downloads/py_send_camera_ws/install/py_send_camera/share/py_send_camera/hook/ament_prefix_path.dsv'
[1.644s] INFO:colcon.colcon_core.shell:Creating environment hook '/home/rpi/Downloads/py_send_camera_ws/install/py_send_camera/share/py_send_camera/hook/ament_prefix_path.sh'
[1.649s] INFO:colcon.colcon_core.shell:Skip shell extension 'powershell' for command environment: Not usable outside of PowerShell
[1.649s] DEBUG:colcon.colcon_core.shell:Skip shell extension 'dsv' for command environment
[2.887s] INFO:colcon.colcon_core.task.python.build:Building Python package in '/home/rpi/Downloads/py_send_camera_ws/src/py_send_camera'
[2.888s] INFO:colcon.colcon_core.shell:Skip shell extension 'powershell' for command environment: Not usable outside of PowerShell
[2.888s] DEBUG:colcon.colcon_core.shell:Skip shell extension 'dsv' for command environment
[4.452s] DEBUG:colcon.colcon_core.event_handler.log_command:Invoking command in '/home/rpi/Downloads/py_send_camera_ws/src/py_send_camera': PYTHONPATH=/home/rpi/Downloads/py_send_camera_ws/build/py_send_camera/prefix_override:/home/rpi/Downloads/py_send_camera_ws/install/py_send_camera/lib/python3.10/site-packages:${PYTHONPATH} /usr/bin/python3 -W ignore:setup.py install is deprecated setup.py egg_info --egg-base ../../build/py_send_camera build --build-base /home/rpi/Downloads/py_send_camera_ws/build/py_send_camera/build install --record /home/rpi/Downloads/py_send_camera_ws/build/py_send_camera/install.log --single-version-externally-managed install_data
[5.836s] DEBUG:colcon.colcon_core.event_handler.log_command:Invoked command in '/home/rpi/Downloads/py_send_camera_ws/src/py_send_camera' returned '0': PYTHONPATH=/home/rpi/Downloads/py_send_camera_ws/build/py_send_camera/prefix_override:/home/rpi/Downloads/py_send_camera_ws/install/py_send_camera/lib/python3.10/site-packages:${PYTHONPATH} /usr/bin/python3 -W ignore:setup.py install is deprecated setup.py egg_info --egg-base ../../build/py_send_camera build --build-base /home/rpi/Downloads/py_send_camera_ws/build/py_send_camera/build install --record /home/rpi/Downloads/py_send_camera_ws/build/py_send_camera/install.log --single-version-externally-managed install_data
[5.846s] Level 1:colcon.colcon_core.environment:checking '/home/rpi/Downloads/py_send_camera_ws/install/py_send_camera' for CMake module files
[5.848s] Level 1:colcon.colcon_core.environment:checking '/home/rpi/Downloads/py_send_camera_ws/install/py_send_camera' for CMake config files
[5.852s] Level 1:colcon.colcon_core.environment:checking '/home/rpi/Downloads/py_send_camera_ws/install/py_send_camera/lib'
[5.853s] Level 1:colcon.colcon_core.environment:checking '/home/rpi/Downloads/py_send_camera_ws/install/py_send_camera/bin'
[5.853s] Level 1:colcon.colcon_core.environment:checking '/home/rpi/Downloads/py_send_camera_ws/install/py_send_camera/lib/pkgconfig/py_send_camera.pc'
[5.854s] Level 1:colcon.colcon_core.environment:checking '/home/rpi/Downloads/py_send_camera_ws/install/py_send_camera/lib/python3.10/site-packages'
[5.855s] Level 1:colcon.colcon_core.shell:create_environment_hook('py_send_camera', 'pythonpath')
[5.856s] INFO:colcon.colcon_core.shell:Creating environment hook '/home/rpi/Downloads/py_send_camera_ws/install/py_send_camera/share/py_send_camera/hook/pythonpath.ps1'
[5.858s] INFO:colcon.colcon_core.shell:Creating environment descriptor '/home/rpi/Downloads/py_send_camera_ws/install/py_send_camera/share/py_send_camera/hook/pythonpath.dsv'
[5.859s] INFO:colcon.colcon_core.shell:Creating environment hook '/home/rpi/Downloads/py_send_camera_ws/install/py_send_camera/share/py_send_camera/hook/pythonpath.sh'
[5.863s] Level 1:colcon.colcon_core.environment:checking '/home/rpi/Downloads/py_send_camera_ws/install/py_send_camera/bin'
[5.863s] Level 1:colcon.colcon_core.environment:create_environment_scripts_only(py_send_camera)
[5.864s] INFO:colcon.colcon_core.shell:Creating package script '/home/rpi/Downloads/py_send_camera_ws/install/py_send_camera/share/py_send_camera/package.ps1'
[5.868s] INFO:colcon.colcon_core.shell:Creating package descriptor '/home/rpi/Downloads/py_send_camera_ws/install/py_send_camera/share/py_send_camera/package.dsv'
[5.871s] INFO:colcon.colcon_core.shell:Creating package script '/home/rpi/Downloads/py_send_camera_ws/install/py_send_camera/share/py_send_camera/package.sh'
[5.875s] INFO:colcon.colcon_core.shell:Creating package script '/home/rpi/Downloads/py_send_camera_ws/install/py_send_camera/share/py_send_camera/package.bash'
[5.879s] INFO:colcon.colcon_core.shell:Creating package script '/home/rpi/Downloads/py_send_camera_ws/install/py_send_camera/share/py_send_camera/package.zsh'
[5.883s] Level 1:colcon.colcon_core.environment:create_file_with_runtime_dependencies(/home/rpi/Downloads/py_send_camera_ws/install/py_send_camera/share/colcon-core/packages/py_send_camera)
[5.884s] DEBUG:colcon.colcon_parallel_executor.executor.parallel:closing loop
[5.885s] DEBUG:colcon.colcon_parallel_executor.executor.parallel:loop closed
[5.886s] DEBUG:colcon.colcon_parallel_executor.executor.parallel:run_until_complete finished with '0'
[5.886s] DEBUG:colcon.colcon_core.event_reactor:joining thread
[5.913s] INFO:colcon.colcon_core.plugin_system:Skipping extension 'colcon_notification.desktop_notification.terminal_notifier': Not used on non-Darwin systems
[5.914s] INFO:colcon.colcon_core.plugin_system:Skipping extension 'colcon_notification.desktop_notification.win32': Not used on non-Windows systems
[5.914s] INFO:colcon.colcon_notification.desktop_notification:Sending desktop notification using 'notify2'
[5.964s] DEBUG:colcon.colcon_core.event_reactor:joined thread
[5.966s] INFO:colcon.colcon_core.shell:Creating prefix script '/home/rpi/Downloads/py_send_camera_ws/install/local_setup.ps1'
[5.970s] INFO:colcon.colcon_core.shell:Creating prefix util module '/home/rpi/Downloads/py_send_camera_ws/install/_local_setup_util_ps1.py'
[5.977s] INFO:colcon.colcon_core.shell:Creating prefix chain script '/home/rpi/Downloads/py_send_camera_ws/install/setup.ps1'
[5.982s] INFO:colcon.colcon_core.shell:Creating prefix script '/home/rpi/Downloads/py_send_camera_ws/install/local_setup.sh'
[5.985s] INFO:colcon.colcon_core.shell:Creating prefix util module '/home/rpi/Downloads/py_send_camera_ws/install/_local_setup_util_sh.py'
[5.990s] INFO:colcon.colcon_core.shell:Creating prefix chain script '/home/rpi/Downloads/py_send_camera_ws/install/setup.sh'
[5.995s] INFO:colcon.colcon_core.shell:Creating prefix script '/home/rpi/Downloads/py_send_camera_ws/install/local_setup.bash'
[5.998s] INFO:colcon.colcon_core.shell:Creating prefix chain script '/home/rpi/Downloads/py_send_camera_ws/install/setup.bash'
[6.003s] INFO:colcon.colcon_core.shell:Creating prefix script '/home/rpi/Downloads/py_send_camera_ws/install/local_setup.zsh'
[6.006s] INFO:colcon.colcon_core.shell:Creating prefix chain script '/home/rpi/Downloads/py_send_camera_ws/install/setup.zsh'
