[8.671s] Invoking command in '/home/rpi/Downloads/py_send_camera_ws/src/py_send_camera': PYTHONPATH=/home/rpi/Downloads/py_send_camera_ws/src/build/py_send_camera/prefix_override:/home/rpi/Downloads/py_send_camera_ws/src/install/py_send_camera/lib/python3.10/site-packages:${PYTHONPATH} /usr/bin/python3 -W ignore:setup.py install is deprecated setup.py egg_info --egg-base ../build/py_send_camera build --build-base /home/rpi/Downloads/py_send_camera_ws/src/build/py_send_camera/build install --record /home/rpi/Downloads/py_send_camera_ws/src/build/py_send_camera/install.log --single-version-externally-managed install_data
[12.344s] running egg_info
[12.354s] writing ../build/py_send_camera/py_send_camera.egg-info/PKG-INFO
[12.356s] writing dependency_links to ../build/py_send_camera/py_send_camera.egg-info/dependency_links.txt
[12.362s] writing entry points to ../build/py_send_camera/py_send_camera.egg-info/entry_points.txt
[12.366s] writing requirements to ../build/py_send_camera/py_send_camera.egg-info/requires.txt
[12.369s] writing top-level names to ../build/py_send_camera/py_send_camera.egg-info/top_level.txt
[12.384s] reading manifest file '../build/py_send_camera/py_send_camera.egg-info/SOURCES.txt'
[12.396s] writing manifest file '../build/py_send_camera/py_send_camera.egg-info/SOURCES.txt'
[12.398s] running build
[12.400s] running build_py
[12.402s] copying py_send_camera/send_camera.py -> /home/rpi/Downloads/py_send_camera_ws/src/build/py_send_camera/build/lib/py_send_camera
[12.403s] running install
[12.407s] running install_lib
[12.417s] copying /home/rpi/Downloads/py_send_camera_ws/src/build/py_send_camera/build/lib/py_send_camera/send_camera.py -> /home/rpi/Downloads/py_send_camera_ws/src/install/py_send_camera/lib/python3.10/site-packages/py_send_camera
[12.423s] byte-compiling /home/rpi/Downloads/py_send_camera_ws/src/install/py_send_camera/lib/python3.10/site-packages/py_send_camera/send_camera.py to send_camera.cpython-310.pyc
[12.438s] running install_data
[12.440s] running install_egg_info
[12.457s] removing '/home/rpi/Downloads/py_send_camera_ws/src/install/py_send_camera/lib/python3.10/site-packages/py_send_camera-0.0.0-py3.10.egg-info' (and everything under it)
[12.462s] Copying ../build/py_send_camera/py_send_camera.egg-info to /home/rpi/Downloads/py_send_camera_ws/src/install/py_send_camera/lib/python3.10/site-packages/py_send_camera-0.0.0-py3.10.egg-info
[12.481s] running install_scripts
[12.690s] Installing send_camera script to /home/rpi/Downloads/py_send_camera_ws/src/install/py_send_camera/lib/py_send_camera
[12.696s] writing list of installed files to '/home/rpi/Downloads/py_send_camera_ws/src/build/py_send_camera/install.log'
[13.061s] Invoked command in '/home/rpi/Downloads/py_send_camera_ws/src/py_send_camera' returned '0': PYTHONPATH=/home/rpi/Downloads/py_send_camera_ws/src/build/py_send_camera/prefix_override:/home/rpi/Downloads/py_send_camera_ws/src/install/py_send_camera/lib/python3.10/site-packages:${PYTHONPATH} /usr/bin/python3 -W ignore:setup.py install is deprecated setup.py egg_info --egg-base ../build/py_send_camera build --build-base /home/rpi/Downloads/py_send_camera_ws/src/build/py_send_camera/build install --record /home/rpi/Downloads/py_send_camera_ws/src/build/py_send_camera/install.log --single-version-externally-managed install_data
