[3.273s] Invoking command in '/home/rpi/Desktop/py_send_camera_ws/src/py_send_camera': PYTHONPATH=/home/rpi/Desktop/py_send_camera_ws/build/py_send_camera/prefix_override:/home/rpi/Desktop/py_send_camera_ws/install/py_send_camera/lib/python3.10/site-packages:${PYTHONPATH} /usr/bin/python3 -W ignore:setup.py install is deprecated setup.py egg_info --egg-base ../../build/py_send_camera build --build-base /home/rpi/Desktop/py_send_camera_ws/build/py_send_camera/build install --record /home/rpi/Desktop/py_send_camera_ws/build/py_send_camera/install.log --single-version-externally-managed install_data
[4.472s] running egg_info
[4.475s] writing ../../build/py_send_camera/py_send_camera.egg-info/PKG-INFO
[4.477s] writing dependency_links to ../../build/py_send_camera/py_send_camera.egg-info/dependency_links.txt
[4.478s] writing entry points to ../../build/py_send_camera/py_send_camera.egg-info/entry_points.txt
[4.479s] writing requirements to ../../build/py_send_camera/py_send_camera.egg-info/requires.txt
[4.480s] writing top-level names to ../../build/py_send_camera/py_send_camera.egg-info/top_level.txt
[4.490s] reading manifest file '../../build/py_send_camera/py_send_camera.egg-info/SOURCES.txt'
[4.494s] writing manifest file '../../build/py_send_camera/py_send_camera.egg-info/SOURCES.txt'
[4.495s] running build
[4.496s] running build_py
[4.497s] copying py_send_camera/send_camera.py -> /home/rpi/Desktop/py_send_camera_ws/build/py_send_camera/build/lib/py_send_camera
[4.498s] running install
[4.500s] running install_lib
[4.512s] copying /home/rpi/Desktop/py_send_camera_ws/build/py_send_camera/build/lib/py_send_camera/send_camera.py -> /home/rpi/Desktop/py_send_camera_ws/install/py_send_camera/lib/python3.10/site-packages/py_send_camera
[4.512s] byte-compiling /home/rpi/Desktop/py_send_camera_ws/install/py_send_camera/lib/python3.10/site-packages/py_send_camera/send_camera.py to send_camera.cpython-310.pyc
[4.514s] running install_data
[4.515s] running install_egg_info
[4.522s] removing '/home/rpi/Desktop/py_send_camera_ws/install/py_send_camera/lib/python3.10/site-packages/py_send_camera-0.0.0-py3.10.egg-info' (and everything under it)
[4.524s] Copying ../../build/py_send_camera/py_send_camera.egg-info to /home/rpi/Desktop/py_send_camera_ws/install/py_send_camera/lib/python3.10/site-packages/py_send_camera-0.0.0-py3.10.egg-info
[4.531s] running install_scripts
[4.636s] Installing send_camera script to /home/rpi/Desktop/py_send_camera_ws/install/py_send_camera/lib/py_send_camera
[4.639s] writing list of installed files to '/home/rpi/Desktop/py_send_camera_ws/build/py_send_camera/install.log'
[4.795s] Invoked command in '/home/rpi/Desktop/py_send_camera_ws/src/py_send_camera' returned '0': PYTHONPATH=/home/rpi/Desktop/py_send_camera_ws/build/py_send_camera/prefix_override:/home/rpi/Desktop/py_send_camera_ws/install/py_send_camera/lib/python3.10/site-packages:${PYTHONPATH} /usr/bin/python3 -W ignore:setup.py install is deprecated setup.py egg_info --egg-base ../../build/py_send_camera build --build-base /home/rpi/Desktop/py_send_camera_ws/build/py_send_camera/build install --record /home/rpi/Desktop/py_send_camera_ws/build/py_send_camera/install.log --single-version-externally-managed install_data
